{"D:\\Personal Use\\Slog Solutions\\OfferLetter-BackupForChangingDarkTheme\\server\\app.js": {"path":"D:\\Personal Use\\Slog Solutions\\OfferLetter-BackupForChangingDarkTheme\\server\\app.js","statementMap":{"0":{"start":{"line":1,"column":16},"end":{"line":1,"column":34}},"1":{"start":{"line":2,"column":13},"end":{"line":2,"column":28}},"2":{"start":{"line":3,"column":13},"end":{"line":3,"column":28}},"3":{"start":{"line":5,"column":19},"end":{"line":5,"column":50}},"4":{"start":{"line":6,"column":24},"end":{"line":6,"column":61}},"5":{"start":{"line":7,"column":20},"end":{"line":7,"column":53}},"6":{"start":{"line":8,"column":20},"end":{"line":8,"column":53}},"7":{"start":{"line":9,"column":18},"end":{"line":9,"column":48}},"8":{"start":{"line":10,"column":27},"end":{"line":10,"column":66}},"9":{"start":{"line":11,"column":28},"end":{"line":11,"column":68}},"10":{"start":{"line":12,"column":27},"end":{"line":12,"column":66}},"11":{"start":{"line":13,"column":24},"end":{"line":13,"column":60}},"12":{"start":{"line":14,"column":20},"end":{"line":14,"column":53}},"13":{"start":{"line":15,"column":21},"end":{"line":15,"column":54}},"14":{"start":{"line":16,"column":26},"end":{"line":16,"column":62}},"15":{"start":{"line":17,"column":25},"end":{"line":17,"column":62}},"16":{"start":{"line":19,"column":12},"end":{"line":19,"column":21}},"17":{"start":{"line":21,"column":0},"end":{"line":21,"column":16}},"18":{"start":{"line":22,"column":0},"end":{"line":22,"column":24}},"19":{"start":{"line":23,"column":0},"end":{"line":23,"column":48}},"20":{"start":{"line":25,"column":0},"end":{"line":25,"column":69}},"21":{"start":{"line":26,"column":0},"end":{"line":26,"column":77}},"22":{"start":{"line":28,"column":0},"end":{"line":28,"column":33}},"23":{"start":{"line":29,"column":0},"end":{"line":29,"column":44}},"24":{"start":{"line":30,"column":0},"end":{"line":30,"column":36}},"25":{"start":{"line":31,"column":0},"end":{"line":31,"column":29}},"26":{"start":{"line":32,"column":0},"end":{"line":32,"column":42}},"27":{"start":{"line":33,"column":0},"end":{"line":33,"column":47}},"28":{"start":{"line":34,"column":0},"end":{"line":34,"column":44}},"29":{"start":{"line":35,"column":0},"end":{"line":35,"column":27}},"30":{"start":{"line":36,"column":0},"end":{"line":36,"column":36}},"31":{"start":{"line":37,"column":0},"end":{"line":37,"column":36}},"32":{"start":{"line":38,"column":0},"end":{"line":38,"column":39}},"33":{"start":{"line":39,"column":0},"end":{"line":39,"column":47}},"34":{"start":{"line":40,"column":0},"end":{"line":40,"column":45}},"35":{"start":{"line":42,"column":0},"end":{"line":42,"column":61}},"36":{"start":{"line":42,"column":33},"end":{"line":42,"column":59}},"37":{"start":{"line":44,"column":0},"end":{"line":44,"column":21}}},"fnMap":{"0":{"name":"(anonymous_0)","decl":{"start":{"line":42,"column":19},"end":{"line":42,"column":20}},"loc":{"start":{"line":42,"column":33},"end":{"line":42,"column":59}},"line":42}},"branchMap":{},"s":{"0":2,"1":2,"2":2,"3":2,"4":2,"5":2,"6":2,"7":2,"8":2,"9":2,"10":2,"11":2,"12":2,"13":2,"14":2,"15":2,"16":2,"17":2,"18":2,"19":2,"20":2,"21":2,"22":2,"23":2,"24":2,"25":2,"26":2,"27":2,"28":2,"29":2,"30":2,"31":2,"32":2,"33":2,"34":2,"35":2,"36":1,"37":2},"f":{"0":1},"b":{},"_coverageSchema":"1a1c01bbd47fc00a2c39e90264f33305004495a9","hash":"a867af38f7a292fb27ad1a545b57fa0cc4e61e3c"}
,"D:\\Personal Use\\Slog Solutions\\OfferLetter-BackupForChangingDarkTheme\\server\\config\\firebaseAdmin.js": {"path":"D:\\Personal Use\\Slog Solutions\\OfferLetter-BackupForChangingDarkTheme\\server\\config\\firebaseAdmin.js","statementMap":{"0":{"start":{"line":1,"column":14},"end":{"line":1,"column":39}},"1":{"start":{"line":2,"column":0},"end":{"line":2,"column":27}},"2":{"start":{"line":5,"column":13},"end":{"line":5,"column":45}},"3":{"start":{"line":6,"column":2},"end":{"line":6,"column":23}},"4":{"start":{"line":6,"column":11},"end":{"line":6,"column":23}},"5":{"start":{"line":7,"column":2},"end":{"line":19,"column":4}},"6":{"start":{"line":22,"column":18},"end":{"line":22,"column":23}},"7":{"start":{"line":24,"column":2},"end":{"line":24,"column":38}},"8":{"start":{"line":24,"column":19},"end":{"line":24,"column":38}},"9":{"start":{"line":27,"column":2},"end":{"line":31,"column":3}},"10":{"start":{"line":28,"column":4},"end":{"line":28,"column":79}},"11":{"start":{"line":29,"column":4},"end":{"line":29,"column":23}},"12":{"start":{"line":30,"column":4},"end":{"line":30,"column":23}},"13":{"start":{"line":34,"column":2},"end":{"line":42,"column":3}},"14":{"start":{"line":35,"column":4},"end":{"line":41,"column":18}},"15":{"start":{"line":36,"column":22},"end":{"line":36,"column":102}},"16":{"start":{"line":37,"column":18},"end":{"line":37,"column":37}},"17":{"start":{"line":38,"column":6},"end":{"line":38,"column":70}},"18":{"start":{"line":39,"column":6},"end":{"line":39,"column":25}},"19":{"start":{"line":40,"column":6},"end":{"line":40,"column":25}},"20":{"start":{"line":45,"column":2},"end":{"line":50,"column":3}},"21":{"start":{"line":46,"column":16},"end":{"line":46,"column":64}},"22":{"start":{"line":47,"column":4},"end":{"line":47,"column":68}},"23":{"start":{"line":48,"column":4},"end":{"line":48,"column":23}},"24":{"start":{"line":49,"column":4},"end":{"line":49,"column":23}},"25":{"start":{"line":53,"column":24},"end":{"line":53,"column":55}},"26":{"start":{"line":54,"column":2},"end":{"line":58,"column":3}},"27":{"start":{"line":55,"column":4},"end":{"line":55,"column":78}},"28":{"start":{"line":56,"column":4},"end":{"line":56,"column":23}},"29":{"start":{"line":57,"column":4},"end":{"line":57,"column":23}},"30":{"start":{"line":60,"column":2},"end":{"line":60,"column":63}},"31":{"start":{"line":63,"column":0},"end":{"line":63,"column":41}}},"fnMap":{"0":{"name":"buildServiceAccountFromFields","decl":{"start":{"line":4,"column":9},"end":{"line":4,"column":38}},"loc":{"start":{"line":4,"column":41},"end":{"line":20,"column":1}},"line":4},"1":{"name":"ensureFirebaseAdmin","decl":{"start":{"line":23,"column":9},"end":{"line":23,"column":28}},"loc":{"start":{"line":23,"column":31},"end":{"line":61,"column":1}},"line":23}},"branchMap":{"0":{"loc":{"start":{"line":6,"column":2},"end":{"line":6,"column":23}},"type":"if","locations":[{"start":{"line":6,"column":2},"end":{"line":6,"column":23}},{"start":{},"end":{}}],"line":6},"1":{"loc":{"start":{"line":24,"column":2},"end":{"line":24,"column":38}},"type":"if","locations":[{"start":{"line":24,"column":2},"end":{"line":24,"column":38}},{"start":{},"end":{}}],"line":24},"2":{"loc":{"start":{"line":27,"column":2},"end":{"line":31,"column":3}},"type":"if","locations":[{"start":{"line":27,"column":2},"end":{"line":31,"column":3}},{"start":{},"end":{}}],"line":27},"3":{"loc":{"start":{"line":34,"column":2},"end":{"line":42,"column":3}},"type":"if","locations":[{"start":{"line":34,"column":2},"end":{"line":42,"column":3}},{"start":{},"end":{}}],"line":34},"4":{"loc":{"start":{"line":45,"column":2},"end":{"line":50,"column":3}},"type":"if","locations":[{"start":{"line":45,"column":2},"end":{"line":50,"column":3}},{"start":{},"end":{}}],"line":45},"5":{"loc":{"start":{"line":54,"column":2},"end":{"line":58,"column":3}},"type":"if","locations":[{"start":{"line":54,"column":2},"end":{"line":58,"column":3}},{"start":{},"end":{}}],"line":54}},"s":{"0":2,"1":2,"2":0,"3":0,"4":0,"5":0,"6":2,"7":0,"8":0,"9":0,"10":0,"11":0,"12":0,"13":0,"14":0,"15":0,"16":0,"17":0,"18":0,"19":0,"20":0,"21":0,"22":0,"23":0,"24":0,"25":0,"26":0,"27":0,"28":0,"29":0,"30":0,"31":2},"f":{"0":0,"1":0},"b":{"0":[0,0],"1":[0,0],"2":[0,0],"3":[0,0],"4":[0,0],"5":[0,0]},"_coverageSchema":"1a1c01bbd47fc00a2c39e90264f33305004495a9","hash":"fb09e71a17f4f4c066ac3880816227832badc7d8"}
,"D:\\Personal Use\\Slog Solutions\\OfferLetter-BackupForChangingDarkTheme\\server\\controllers\\attendance.controller.js": {"path":"D:\\Personal Use\\Slog Solutions\\OfferLetter-BackupForChangingDarkTheme\\server\\controllers\\attendance.controller.js","statementMap":{"0":{"start":{"line":1,"column":21},"end":{"line":1,"column":53}},"1":{"start":{"line":2,"column":19},"end":{"line":2,"column":56}},"2":{"start":{"line":3,"column":16},"end":{"line":3,"column":50}},"3":{"start":{"line":4,"column":13},"end":{"line":4,"column":44}},"4":{"start":{"line":5,"column":17},"end":{"line":5,"column":36}},"5":{"start":{"line":9,"column":15},"end":{"line":9,"column":75}},"6":{"start":{"line":10,"column":2},"end":{"line":12,"column":4}},"7":{"start":{"line":19,"column":19},"end":{"line":108,"column":2}},"8":{"start":{"line":20,"column":17},"end":{"line":20,"column":29}},"9":{"start":{"line":21,"column":2},"end":{"line":21,"column":71}},"10":{"start":{"line":22,"column":16},"end":{"line":22,"column":26}},"11":{"start":{"line":23,"column":15},"end":{"line":23,"column":69}},"12":{"start":{"line":24,"column":16},"end":{"line":24,"column":72}},"13":{"start":{"line":26,"column":16},"end":{"line":26,"column":54}},"14":{"start":{"line":27,"column":14},"end":{"line":27,"column":48}},"15":{"start":{"line":28,"column":22},"end":{"line":28,"column":38}},"16":{"start":{"line":30,"column":18},"end":{"line":33,"column":11}},"17":{"start":{"line":35,"column":19},"end":{"line":37,"column":11}},"18":{"start":{"line":39,"column":21},"end":{"line":39,"column":23}},"19":{"start":{"line":40,"column":2},"end":{"line":42,"column":5}},"20":{"start":{"line":41,"column":4},"end":{"line":41,"column":54}},"21":{"start":{"line":44,"column":22},"end":{"line":46,"column":3}},"22":{"start":{"line":45,"column":24},"end":{"line":45,"column":57}},"23":{"start":{"line":48,"column":15},"end":{"line":48,"column":17}},"24":{"start":{"line":50,"column":2},"end":{"line":105,"column":3}},"25":{"start":{"line":50,"column":15},"end":{"line":50,"column":16}},"26":{"start":{"line":51,"column":15},"end":{"line":51,"column":53}},"27":{"start":{"line":52,"column":16},"end":{"line":52,"column":45}},"28":{"start":{"line":53,"column":20},"end":{"line":53,"column":34}},"29":{"start":{"line":55,"column":21},"end":{"line":55,"column":34}},"30":{"start":{"line":56,"column":22},"end":{"line":56,"column":42}},"31":{"start":{"line":57,"column":18},"end":{"line":57,"column":41}},"32":{"start":{"line":64,"column":4},"end":{"line":89,"column":5}},"33":{"start":{"line":65,"column":6},"end":{"line":65,"column":21}},"34":{"start":{"line":69,"column":9},"end":{"line":89,"column":5}},"35":{"start":{"line":70,"column":6},"end":{"line":70,"column":22}},"36":{"start":{"line":74,"column":9},"end":{"line":89,"column":5}},"37":{"start":{"line":75,"column":14},"end":{"line":75,"column":52}},"38":{"start":{"line":76,"column":6},"end":{"line":78,"column":40}},"39":{"start":{"line":77,"column":8},"end":{"line":77,"column":25}},"40":{"start":{"line":78,"column":11},"end":{"line":78,"column":40}},"41":{"start":{"line":82,"column":9},"end":{"line":89,"column":5}},"42":{"start":{"line":83,"column":6},"end":{"line":83,"column":21}},"43":{"start":{"line":88,"column":6},"end":{"line":88,"column":21}},"44":{"start":{"line":93,"column":23},"end":{"line":93,"column":61}},"45":{"start":{"line":95,"column":4},"end":{"line":104,"column":7}},"46":{"start":{"line":107,"column":2},"end":{"line":107,"column":34}},"47":{"start":{"line":115,"column":27},"end":{"line":198,"column":2}},"48":{"start":{"line":116,"column":17},"end":{"line":116,"column":29}},"49":{"start":{"line":117,"column":2},"end":{"line":117,"column":25}},"50":{"start":{"line":118,"column":19},"end":{"line":118,"column":41}},"51":{"start":{"line":119,"column":20},"end":{"line":119,"column":47}},"52":{"start":{"line":120,"column":2},"end":{"line":122,"column":3}},"53":{"start":{"line":121,"column":4},"end":{"line":121,"column":71}},"54":{"start":{"line":124,"column":18},"end":{"line":124,"column":47}},"55":{"start":{"line":125,"column":2},"end":{"line":125,"column":29}},"56":{"start":{"line":127,"column":2},"end":{"line":197,"column":3}},"57":{"start":{"line":128,"column":20},"end":{"line":128,"column":22}},"58":{"start":{"line":129,"column":4},"end":{"line":187,"column":5}},"59":{"start":{"line":130,"column":6},"end":{"line":137,"column":7}},"60":{"start":{"line":131,"column":8},"end":{"line":135,"column":11}},"61":{"start":{"line":136,"column":8},"end":{"line":136,"column":17}},"62":{"start":{"line":139,"column":6},"end":{"line":146,"column":7}},"63":{"start":{"line":144,"column":8},"end":{"line":144,"column":77}},"64":{"start":{"line":145,"column":8},"end":{"line":145,"column":17}},"65":{"start":{"line":148,"column":19},"end":{"line":148,"column":53}},"66":{"start":{"line":149,"column":22},"end":{"line":149,"column":38}},"67":{"start":{"line":151,"column":6},"end":{"line":168,"column":7}},"68":{"start":{"line":152,"column":8},"end":{"line":159,"column":9}},"69":{"start":{"line":153,"column":10},"end":{"line":157,"column":13}},"70":{"start":{"line":158,"column":10},"end":{"line":158,"column":19}},"71":{"start":{"line":160,"column":8},"end":{"line":167,"column":9}},"72":{"start":{"line":161,"column":10},"end":{"line":165,"column":13}},"73":{"start":{"line":166,"column":10},"end":{"line":166,"column":19}},"74":{"start":{"line":170,"column":21},"end":{"line":181,"column":7}},"75":{"start":{"line":182,"column":6},"end":{"line":186,"column":9}},"76":{"start":{"line":189,"column":4},"end":{"line":189,"column":38}},"77":{"start":{"line":190,"column":4},"end":{"line":190,"column":25}},"78":{"start":{"line":192,"column":4},"end":{"line":192,"column":59}},"79":{"start":{"line":194,"column":4},"end":{"line":194,"column":37}},"80":{"start":{"line":195,"column":4},"end":{"line":195,"column":25}},"81":{"start":{"line":196,"column":4},"end":{"line":196,"column":14}},"82":{"start":{"line":203,"column":24},"end":{"line":232,"column":2}},"83":{"start":{"line":204,"column":16},"end":{"line":206,"column":41}},"84":{"start":{"line":207,"column":14},"end":{"line":209,"column":41}},"85":{"start":{"line":210,"column":17},"end":{"line":210,"column":33}},"86":{"start":{"line":212,"column":16},"end":{"line":212,"column":52}},"87":{"start":{"line":213,"column":2},"end":{"line":213,"column":36}},"88":{"start":{"line":213,"column":14},"end":{"line":213,"column":36}},"89":{"start":{"line":215,"column":14},"end":{"line":225,"column":4}},"90":{"start":{"line":227,"column":2},"end":{"line":231,"column":5}},"91":{"start":{"line":237,"column":24},"end":{"line":269,"column":2}},"92":{"start":{"line":238,"column":25},"end":{"line":238,"column":33}},"93":{"start":{"line":239,"column":2},"end":{"line":240,"column":71}},"94":{"start":{"line":240,"column":4},"end":{"line":240,"column":71}},"95":{"start":{"line":242,"column":13},"end":{"line":242,"column":42}},"96":{"start":{"line":243,"column":12},"end":{"line":247,"column":3}},"97":{"start":{"line":249,"column":16},"end":{"line":249,"column":49}},"98":{"start":{"line":250,"column":18},"end":{"line":265,"column":5}},"99":{"start":{"line":250,"column":36},"end":{"line":265,"column":3}},"100":{"start":{"line":266,"column":2},"end":{"line":266,"column":58}},"101":{"start":{"line":266,"column":22},"end":{"line":266,"column":58}},"102":{"start":{"line":268,"column":2},"end":{"line":268,"column":53}},"103":{"start":{"line":271,"column":26},"end":{"line":274,"column":2}},"104":{"start":{"line":272,"column":19},"end":{"line":272,"column":64}},"105":{"start":{"line":273,"column":2},"end":{"line":273,"column":21}},"106":{"start":{"line":276,"column":27},"end":{"line":282,"column":2}},"107":{"start":{"line":277,"column":13},"end":{"line":277,"column":26}},"108":{"start":{"line":278,"column":12},"end":{"line":278,"column":47}},"109":{"start":{"line":279,"column":2},"end":{"line":279,"column":72}},"110":{"start":{"line":279,"column":10},"end":{"line":279,"column":72}},"111":{"start":{"line":280,"column":2},"end":{"line":280,"column":64}},"112":{"start":{"line":281,"column":2},"end":{"line":281,"column":43}},"113":{"start":{"line":289,"column":23},"end":{"line":293,"column":2}},"114":{"start":{"line":291,"column":16},"end":{"line":291,"column":65}},"115":{"start":{"line":292,"column":2},"end":{"line":292,"column":18}},"116":{"start":{"line":299,"column":26},"end":{"line":353,"column":2}},"117":{"start":{"line":300,"column":17},"end":{"line":300,"column":34}},"118":{"start":{"line":302,"column":16},"end":{"line":302,"column":26}},"119":{"start":{"line":303,"column":15},"end":{"line":303,"column":69}},"120":{"start":{"line":304,"column":16},"end":{"line":304,"column":72}},"121":{"start":{"line":306,"column":16},"end":{"line":306,"column":54}},"122":{"start":{"line":307,"column":14},"end":{"line":307,"column":48}},"123":{"start":{"line":308,"column":22},"end":{"line":308,"column":38}},"124":{"start":{"line":310,"column":18},"end":{"line":313,"column":11}},"125":{"start":{"line":315,"column":19},"end":{"line":317,"column":11}},"126":{"start":{"line":319,"column":21},"end":{"line":319,"column":23}},"127":{"start":{"line":320,"column":2},"end":{"line":320,"column":78}},"128":{"start":{"line":320,"column":26},"end":{"line":320,"column":75}},"129":{"start":{"line":321,"column":22},"end":{"line":323,"column":3}},"130":{"start":{"line":322,"column":24},"end":{"line":322,"column":57}},"131":{"start":{"line":325,"column":15},"end":{"line":325,"column":17}},"132":{"start":{"line":326,"column":2},"end":{"line":350,"column":3}},"133":{"start":{"line":326,"column":15},"end":{"line":326,"column":16}},"134":{"start":{"line":327,"column":15},"end":{"line":327,"column":53}},"135":{"start":{"line":328,"column":16},"end":{"line":328,"column":45}},"136":{"start":{"line":329,"column":20},"end":{"line":329,"column":34}},"137":{"start":{"line":330,"column":21},"end":{"line":330,"column":34}},"138":{"start":{"line":331,"column":20},"end":{"line":331,"column":40}},"139":{"start":{"line":332,"column":18},"end":{"line":332,"column":41}},"140":{"start":{"line":334,"column":14},"end":{"line":334,"column":23}},"141":{"start":{"line":335,"column":4},"end":{"line":337,"column":36}},"142":{"start":{"line":335,"column":29},"end":{"line":335,"column":45}},"143":{"start":{"line":336,"column":9},"end":{"line":337,"column":36}},"144":{"start":{"line":336,"column":35},"end":{"line":336,"column":50}},"145":{"start":{"line":337,"column":9},"end":{"line":337,"column":36}},"146":{"start":{"line":337,"column":20},"end":{"line":337,"column":36}},"147":{"start":{"line":339,"column":23},"end":{"line":339,"column":59}},"148":{"start":{"line":340,"column":4},"end":{"line":349,"column":7}},"149":{"start":{"line":352,"column":2},"end":{"line":352,"column":34}},"150":{"start":{"line":359,"column":30},"end":{"line":434,"column":2}},"151":{"start":{"line":360,"column":21},"end":{"line":360,"column":33}},"152":{"start":{"line":361,"column":17},"end":{"line":361,"column":32}},"153":{"start":{"line":362,"column":19},"end":{"line":362,"column":41}},"154":{"start":{"line":363,"column":20},"end":{"line":363,"column":40}},"155":{"start":{"line":365,"column":2},"end":{"line":365,"column":75}},"156":{"start":{"line":365,"column":15},"end":{"line":365,"column":75}},"157":{"start":{"line":366,"column":2},"end":{"line":368,"column":3}},"158":{"start":{"line":367,"column":4},"end":{"line":367,"column":71}},"159":{"start":{"line":370,"column":18},"end":{"line":370,"column":47}},"160":{"start":{"line":371,"column":2},"end":{"line":371,"column":29}},"161":{"start":{"line":372,"column":2},"end":{"line":433,"column":3}},"162":{"start":{"line":373,"column":20},"end":{"line":373,"column":22}},"163":{"start":{"line":374,"column":4},"end":{"line":424,"column":5}},"164":{"start":{"line":375,"column":6},"end":{"line":382,"column":7}},"165":{"start":{"line":376,"column":8},"end":{"line":380,"column":11}},"166":{"start":{"line":381,"column":8},"end":{"line":381,"column":17}},"167":{"start":{"line":383,"column":6},"end":{"line":390,"column":7}},"168":{"start":{"line":388,"column":8},"end":{"line":388,"column":77}},"169":{"start":{"line":389,"column":8},"end":{"line":389,"column":17}},"170":{"start":{"line":392,"column":19},"end":{"line":392,"column":53}},"171":{"start":{"line":393,"column":22},"end":{"line":393,"column":38}},"172":{"start":{"line":396,"column":6},"end":{"line":405,"column":7}},"173":{"start":{"line":397,"column":8},"end":{"line":404,"column":9}},"174":{"start":{"line":398,"column":10},"end":{"line":402,"column":13}},"175":{"start":{"line":403,"column":10},"end":{"line":403,"column":19}},"176":{"start":{"line":407,"column":21},"end":{"line":418,"column":7}},"177":{"start":{"line":419,"column":6},"end":{"line":423,"column":9}},"178":{"start":{"line":426,"column":4},"end":{"line":426,"column":38}},"179":{"start":{"line":427,"column":4},"end":{"line":427,"column":25}},"180":{"start":{"line":428,"column":4},"end":{"line":428,"column":65}},"181":{"start":{"line":430,"column":4},"end":{"line":430,"column":37}},"182":{"start":{"line":431,"column":4},"end":{"line":431,"column":25}},"183":{"start":{"line":432,"column":4},"end":{"line":432,"column":14}},"184":{"start":{"line":439,"column":25},"end":{"line":515,"column":2}},"185":{"start":{"line":441,"column":14},"end":{"line":441,"column":24}},"186":{"start":{"line":442,"column":21},"end":{"line":442,"column":49}},"187":{"start":{"line":443,"column":19},"end":{"line":453,"column":3}},"188":{"start":{"line":456,"column":16},"end":{"line":456,"column":65}},"189":{"start":{"line":459,"column":18},"end":{"line":461,"column":11}},"190":{"start":{"line":464,"column":19},"end":{"line":466,"column":11}},"191":{"start":{"line":468,"column":19},"end":{"line":468,"column":21}},"192":{"start":{"line":469,"column":2},"end":{"line":472,"column":5}},"193":{"start":{"line":470,"column":16},"end":{"line":470,"column":32}},"194":{"start":{"line":471,"column":4},"end":{"line":471,"column":22}},"195":{"start":{"line":474,"column":21},"end":{"line":476,"column":3}},"196":{"start":{"line":475,"column":24},"end":{"line":475,"column":57}},"197":{"start":{"line":477,"column":19},"end":{"line":477,"column":56}},"198":{"start":{"line":478,"column":18},"end":{"line":478,"column":40}},"199":{"start":{"line":479,"column":19},"end":{"line":479,"column":32}},"200":{"start":{"line":480,"column":20},"end":{"line":480,"column":44}},"201":{"start":{"line":483,"column":17},"end":{"line":512,"column":4}},"202":{"start":{"line":484,"column":16},"end":{"line":484,"column":29}},"203":{"start":{"line":485,"column":18},"end":{"line":485,"column":39}},"204":{"start":{"line":486,"column":14},"end":{"line":486,"column":23}},"205":{"start":{"line":487,"column":15},"end":{"line":487,"column":17}},"206":{"start":{"line":488,"column":4},"end":{"line":488,"column":34}},"207":{"start":{"line":488,"column":18},"end":{"line":488,"column":34}},"208":{"start":{"line":489,"column":4},"end":{"line":489,"column":35}},"209":{"start":{"line":489,"column":19},"end":{"line":489,"column":35}},"210":{"start":{"line":490,"column":4},"end":{"line":493,"column":5}},"211":{"start":{"line":491,"column":6},"end":{"line":491,"column":35}},"212":{"start":{"line":492,"column":6},"end":{"line":492,"column":30}},"213":{"start":{"line":495,"column":21},"end":{"line":504,"column":5}},"214":{"start":{"line":505,"column":4},"end":{"line":511,"column":6}},"215":{"start":{"line":514,"column":2},"end":{"line":514,"column":45}},"216":{"start":{"line":517,"column":0},"end":{"line":528,"column":2}}},"fnMap":{"0":{"name":"normalizeDateToUTCStart","decl":{"start":{"line":8,"column":9},"end":{"line":8,"column":32}},"loc":{"start":{"line":8,"column":36},"end":{"line":13,"column":1}},"line":8},"1":{"name":"(anonymous_1)","decl":{"start":{"line":19,"column":32},"end":{"line":19,"column":33}},"loc":{"start":{"line":19,"column":52},"end":{"line":108,"column":1}},"line":19},"2":{"name":"(anonymous_2)","decl":{"start":{"line":40,"column":18},"end":{"line":40,"column":19}},"loc":{"start":{"line":40,"column":25},"end":{"line":42,"column":3}},"line":40},"3":{"name":"(anonymous_3)","decl":{"start":{"line":45,"column":17},"end":{"line":45,"column":18}},"loc":{"start":{"line":45,"column":24},"end":{"line":45,"column":57}},"line":45},"4":{"name":"(anonymous_4)","decl":{"start":{"line":115,"column":40},"end":{"line":115,"column":41}},"loc":{"start":{"line":115,"column":60},"end":{"line":198,"column":1}},"line":115},"5":{"name":"(anonymous_5)","decl":{"start":{"line":203,"column":37},"end":{"line":203,"column":38}},"loc":{"start":{"line":203,"column":57},"end":{"line":232,"column":1}},"line":203},"6":{"name":"(anonymous_6)","decl":{"start":{"line":237,"column":37},"end":{"line":237,"column":38}},"loc":{"start":{"line":237,"column":57},"end":{"line":269,"column":1}},"line":237},"7":{"name":"(anonymous_7)","decl":{"start":{"line":250,"column":28},"end":{"line":250,"column":29}},"loc":{"start":{"line":250,"column":36},"end":{"line":265,"column":3}},"line":250},"8":{"name":"(anonymous_8)","decl":{"start":{"line":271,"column":39},"end":{"line":271,"column":40}},"loc":{"start":{"line":271,"column":59},"end":{"line":274,"column":1}},"line":271},"9":{"name":"(anonymous_9)","decl":{"start":{"line":276,"column":40},"end":{"line":276,"column":41}},"loc":{"start":{"line":276,"column":60},"end":{"line":282,"column":1}},"line":276},"10":{"name":"(anonymous_10)","decl":{"start":{"line":289,"column":36},"end":{"line":289,"column":37}},"loc":{"start":{"line":289,"column":56},"end":{"line":293,"column":1}},"line":289},"11":{"name":"(anonymous_11)","decl":{"start":{"line":299,"column":39},"end":{"line":299,"column":40}},"loc":{"start":{"line":299,"column":59},"end":{"line":353,"column":1}},"line":299},"12":{"name":"(anonymous_12)","decl":{"start":{"line":320,"column":18},"end":{"line":320,"column":19}},"loc":{"start":{"line":320,"column":26},"end":{"line":320,"column":75}},"line":320},"13":{"name":"(anonymous_13)","decl":{"start":{"line":322,"column":17},"end":{"line":322,"column":18}},"loc":{"start":{"line":322,"column":24},"end":{"line":322,"column":57}},"line":322},"14":{"name":"(anonymous_14)","decl":{"start":{"line":359,"column":43},"end":{"line":359,"column":44}},"loc":{"start":{"line":359,"column":63},"end":{"line":434,"column":1}},"line":359},"15":{"name":"(anonymous_15)","decl":{"start":{"line":439,"column":38},"end":{"line":439,"column":39}},"loc":{"start":{"line":439,"column":58},"end":{"line":515,"column":1}},"line":439},"16":{"name":"(anonymous_16)","decl":{"start":{"line":469,"column":18},"end":{"line":469,"column":19}},"loc":{"start":{"line":469,"column":25},"end":{"line":472,"column":3}},"line":469},"17":{"name":"(anonymous_17)","decl":{"start":{"line":475,"column":17},"end":{"line":475,"column":18}},"loc":{"start":{"line":475,"column":24},"end":{"line":475,"column":57}},"line":475},"18":{"name":"(anonymous_18)","decl":{"start":{"line":483,"column":27},"end":{"line":483,"column":28}},"loc":{"start":{"line":483,"column":34},"end":{"line":512,"column":3}},"line":483}},"branchMap":{"0":{"loc":{"start":{"line":9,"column":15},"end":{"line":9,"column":75}},"type":"cond-expr","locations":[{"start":{"line":9,"column":35},"end":{"line":9,"column":46}},{"start":{"line":9,"column":49},"end":{"line":9,"column":75}}],"line":9},"1":{"loc":{"start":{"line":23,"column":15},"end":{"line":23,"column":69}},"type":"binary-expr","locations":[{"start":{"line":23,"column":15},"end":{"line":23,"column":43}},{"start":{"line":23,"column":47},"end":{"line":23,"column":69}}],"line":23},"2":{"loc":{"start":{"line":24,"column":16},"end":{"line":24,"column":72}},"type":"binary-expr","locations":[{"start":{"line":24,"column":16},"end":{"line":24,"column":45}},{"start":{"line":24,"column":49},"end":{"line":24,"column":72}}],"line":24},"3":{"loc":{"start":{"line":57,"column":18},"end":{"line":57,"column":41}},"type":"binary-expr","locations":[{"start":{"line":57,"column":18},"end":{"line":57,"column":33}},{"start":{"line":57,"column":37},"end":{"line":57,"column":41}}],"line":57},"4":{"loc":{"start":{"line":64,"column":4},"end":{"line":89,"column":5}},"type":"if","locations":[{"start":{"line":64,"column":4},"end":{"line":89,"column":5}},{"start":{"line":69,"column":9},"end":{"line":89,"column":5}}],"line":64},"5":{"loc":{"start":{"line":69,"column":9},"end":{"line":89,"column":5}},"type":"if","locations":[{"start":{"line":69,"column":9},"end":{"line":89,"column":5}},{"start":{"line":74,"column":9},"end":{"line":89,"column":5}}],"line":69},"6":{"loc":{"start":{"line":74,"column":9},"end":{"line":89,"column":5}},"type":"if","locations":[{"start":{"line":74,"column":9},"end":{"line":89,"column":5}},{"start":{"line":82,"column":9},"end":{"line":89,"column":5}}],"line":74},"7":{"loc":{"start":{"line":75,"column":15},"end":{"line":75,"column":30}},"type":"binary-expr","locations":[{"start":{"line":75,"column":15},"end":{"line":75,"column":24}},{"start":{"line":75,"column":28},"end":{"line":75,"column":30}}],"line":75},"8":{"loc":{"start":{"line":76,"column":6},"end":{"line":78,"column":40}},"type":"if","locations":[{"start":{"line":76,"column":6},"end":{"line":78,"column":40}},{"start":{"line":78,"column":11},"end":{"line":78,"column":40}}],"line":76},"9":{"loc":{"start":{"line":76,"column":10},"end":{"line":76,"column":65}},"type":"binary-expr","locations":[{"start":{"line":76,"column":10},"end":{"line":76,"column":25}},{"start":{"line":76,"column":29},"end":{"line":76,"column":42}},{"start":{"line":76,"column":46},"end":{"line":76,"column":65}}],"line":76},"10":{"loc":{"start":{"line":78,"column":17},"end":{"line":78,"column":39}},"type":"binary-expr","locations":[{"start":{"line":78,"column":17},"end":{"line":78,"column":26}},{"start":{"line":78,"column":30},"end":{"line":78,"column":39}}],"line":78},"11":{"loc":{"start":{"line":82,"column":9},"end":{"line":89,"column":5}},"type":"if","locations":[{"start":{"line":82,"column":9},"end":{"line":89,"column":5}},{"start":{"line":87,"column":9},"end":{"line":89,"column":5}}],"line":82},"12":{"loc":{"start":{"line":93,"column":23},"end":{"line":93,"column":61}},"type":"binary-expr","locations":[{"start":{"line":93,"column":23},"end":{"line":93,"column":32}},{"start":{"line":93,"column":36},"end":{"line":93,"column":46}},{"start":{"line":93,"column":50},"end":{"line":93,"column":61}}],"line":93},"13":{"loc":{"start":{"line":102,"column":12},"end":{"line":102,"column":29}},"type":"binary-expr","locations":[{"start":{"line":102,"column":12},"end":{"line":102,"column":23}},{"start":{"line":102,"column":27},"end":{"line":102,"column":29}}],"line":102},"14":{"loc":{"start":{"line":103,"column":14},"end":{"line":103,"column":46}},"type":"binary-expr","locations":[{"start":{"line":103,"column":14},"end":{"line":103,"column":25}},{"start":{"line":103,"column":29},"end":{"line":103,"column":46}}],"line":103},"15":{"loc":{"start":{"line":118,"column":19},"end":{"line":118,"column":41}},"type":"binary-expr","locations":[{"start":{"line":118,"column":19},"end":{"line":118,"column":35}},{"start":{"line":118,"column":39},"end":{"line":118,"column":41}}],"line":118},"16":{"loc":{"start":{"line":119,"column":20},"end":{"line":119,"column":47}},"type":"binary-expr","locations":[{"start":{"line":119,"column":20},"end":{"line":119,"column":38}},{"start":{"line":119,"column":42},"end":{"line":119,"column":47}}],"line":119},"17":{"loc":{"start":{"line":120,"column":2},"end":{"line":122,"column":3}},"type":"if","locations":[{"start":{"line":120,"column":2},"end":{"line":122,"column":3}},{"start":{},"end":{}}],"line":120},"18":{"loc":{"start":{"line":120,"column":6},"end":{"line":120,"column":55}},"type":"binary-expr","locations":[{"start":{"line":120,"column":6},"end":{"line":120,"column":30}},{"start":{"line":120,"column":34},"end":{"line":120,"column":55}}],"line":120},"19":{"loc":{"start":{"line":130,"column":6},"end":{"line":137,"column":7}},"type":"if","locations":[{"start":{"line":130,"column":6},"end":{"line":137,"column":7}},{"start":{},"end":{}}],"line":130},"20":{"loc":{"start":{"line":130,"column":10},"end":{"line":130,"column":33}},"type":"binary-expr","locations":[{"start":{"line":130,"column":10},"end":{"line":130,"column":20}},{"start":{"line":130,"column":24},"end":{"line":130,"column":33}}],"line":130},"21":{"loc":{"start":{"line":132,"column":16},"end":{"line":132,"column":33}},"type":"binary-expr","locations":[{"start":{"line":132,"column":16},"end":{"line":132,"column":25}},{"start":{"line":132,"column":29},"end":{"line":132,"column":33}}],"line":132},"22":{"loc":{"start":{"line":139,"column":6},"end":{"line":146,"column":7}},"type":"if","locations":[{"start":{"line":139,"column":6},"end":{"line":146,"column":7}},{"start":{},"end":{}}],"line":139},"23":{"loc":{"start":{"line":151,"column":6},"end":{"line":168,"column":7}},"type":"if","locations":[{"start":{"line":151,"column":6},"end":{"line":168,"column":7}},{"start":{},"end":{}}],"line":151},"24":{"loc":{"start":{"line":152,"column":8},"end":{"line":159,"column":9}},"type":"if","locations":[{"start":{"line":152,"column":8},"end":{"line":159,"column":9}},{"start":{},"end":{}}],"line":152},"25":{"loc":{"start":{"line":160,"column":8},"end":{"line":167,"column":9}},"type":"if","locations":[{"start":{"line":160,"column":8},"end":{"line":167,"column":9}},{"start":{},"end":{}}],"line":160},"26":{"loc":{"start":{"line":175,"column":18},"end":{"line":175,"column":33}},"type":"binary-expr","locations":[{"start":{"line":175,"column":18},"end":{"line":175,"column":27}},{"start":{"line":175,"column":31},"end":{"line":175,"column":33}}],"line":175},"27":{"loc":{"start":{"line":204,"column":16},"end":{"line":206,"column":41}},"type":"cond-expr","locations":[{"start":{"line":205,"column":6},"end":{"line":205,"column":46}},{"start":{"line":206,"column":6},"end":{"line":206,"column":41}}],"line":204},"28":{"loc":{"start":{"line":207,"column":14},"end":{"line":209,"column":41}},"type":"cond-expr","locations":[{"start":{"line":208,"column":6},"end":{"line":208,"column":44}},{"start":{"line":209,"column":6},"end":{"line":209,"column":41}}],"line":207},"29":{"loc":{"start":{"line":213,"column":2},"end":{"line":213,"column":36}},"type":"if","locations":[{"start":{"line":213,"column":2},"end":{"line":213,"column":36}},{"start":{},"end":{}}],"line":213},"30":{"loc":{"start":{"line":239,"column":2},"end":{"line":240,"column":71}},"type":"if","locations":[{"start":{"line":239,"column":2},"end":{"line":240,"column":71}},{"start":{},"end":{}}],"line":239},"31":{"loc":{"start":{"line":239,"column":6},"end":{"line":239,"column":20}},"type":"binary-expr","locations":[{"start":{"line":239,"column":6},"end":{"line":239,"column":11}},{"start":{"line":239,"column":15},"end":{"line":239,"column":20}}],"line":239},"32":{"loc":{"start":{"line":266,"column":2},"end":{"line":266,"column":58}},"type":"if","locations":[{"start":{"line":266,"column":2},"end":{"line":266,"column":58}},{"start":{},"end":{}}],"line":266},"33":{"loc":{"start":{"line":279,"column":2},"end":{"line":279,"column":72}},"type":"if","locations":[{"start":{"line":279,"column":2},"end":{"line":279,"column":72}},{"start":{},"end":{}}],"line":279},"34":{"loc":{"start":{"line":303,"column":15},"end":{"line":303,"column":69}},"type":"binary-expr","locations":[{"start":{"line":303,"column":15},"end":{"line":303,"column":43}},{"start":{"line":303,"column":47},"end":{"line":303,"column":69}}],"line":303},"35":{"loc":{"start":{"line":304,"column":16},"end":{"line":304,"column":72}},"type":"binary-expr","locations":[{"start":{"line":304,"column":16},"end":{"line":304,"column":45}},{"start":{"line":304,"column":49},"end":{"line":304,"column":72}}],"line":304},"36":{"loc":{"start":{"line":332,"column":18},"end":{"line":332,"column":41}},"type":"binary-expr","locations":[{"start":{"line":332,"column":18},"end":{"line":332,"column":33}},{"start":{"line":332,"column":37},"end":{"line":332,"column":41}}],"line":332},"37":{"loc":{"start":{"line":335,"column":4},"end":{"line":337,"column":36}},"type":"if","locations":[{"start":{"line":335,"column":4},"end":{"line":337,"column":36}},{"start":{"line":336,"column":9},"end":{"line":337,"column":36}}],"line":335},"38":{"loc":{"start":{"line":335,"column":8},"end":{"line":335,"column":27}},"type":"binary-expr","locations":[{"start":{"line":335,"column":8},"end":{"line":335,"column":16}},{"start":{"line":335,"column":20},"end":{"line":335,"column":27}}],"line":335},"39":{"loc":{"start":{"line":336,"column":9},"end":{"line":337,"column":36}},"type":"if","locations":[{"start":{"line":336,"column":9},"end":{"line":337,"column":36}},{"start":{"line":337,"column":9},"end":{"line":337,"column":36}}],"line":336},"40":{"loc":{"start":{"line":336,"column":13},"end":{"line":336,"column":33}},"type":"binary-expr","locations":[{"start":{"line":336,"column":13},"end":{"line":336,"column":19}},{"start":{"line":336,"column":23},"end":{"line":336,"column":33}}],"line":336},"41":{"loc":{"start":{"line":337,"column":9},"end":{"line":337,"column":36}},"type":"if","locations":[{"start":{"line":337,"column":9},"end":{"line":337,"column":36}},{"start":{},"end":{}}],"line":337},"42":{"loc":{"start":{"line":339,"column":23},"end":{"line":339,"column":59}},"type":"binary-expr","locations":[{"start":{"line":339,"column":23},"end":{"line":339,"column":32}},{"start":{"line":339,"column":36},"end":{"line":339,"column":44}},{"start":{"line":339,"column":48},"end":{"line":339,"column":59}}],"line":339},"43":{"loc":{"start":{"line":347,"column":12},"end":{"line":347,"column":29}},"type":"binary-expr","locations":[{"start":{"line":347,"column":12},"end":{"line":347,"column":23}},{"start":{"line":347,"column":27},"end":{"line":347,"column":29}}],"line":347},"44":{"loc":{"start":{"line":348,"column":14},"end":{"line":348,"column":46}},"type":"binary-expr","locations":[{"start":{"line":348,"column":14},"end":{"line":348,"column":25}},{"start":{"line":348,"column":29},"end":{"line":348,"column":46}}],"line":348},"45":{"loc":{"start":{"line":362,"column":19},"end":{"line":362,"column":41}},"type":"binary-expr","locations":[{"start":{"line":362,"column":19},"end":{"line":362,"column":35}},{"start":{"line":362,"column":39},"end":{"line":362,"column":41}}],"line":362},"46":{"loc":{"start":{"line":365,"column":2},"end":{"line":365,"column":75}},"type":"if","locations":[{"start":{"line":365,"column":2},"end":{"line":365,"column":75}},{"start":{},"end":{}}],"line":365},"47":{"loc":{"start":{"line":366,"column":2},"end":{"line":368,"column":3}},"type":"if","locations":[{"start":{"line":366,"column":2},"end":{"line":368,"column":3}},{"start":{},"end":{}}],"line":366},"48":{"loc":{"start":{"line":366,"column":6},"end":{"line":366,"column":55}},"type":"binary-expr","locations":[{"start":{"line":366,"column":6},"end":{"line":366,"column":30}},{"start":{"line":366,"column":34},"end":{"line":366,"column":55}}],"line":366},"49":{"loc":{"start":{"line":375,"column":6},"end":{"line":382,"column":7}},"type":"if","locations":[{"start":{"line":375,"column":6},"end":{"line":382,"column":7}},{"start":{},"end":{}}],"line":375},"50":{"loc":{"start":{"line":375,"column":10},"end":{"line":375,"column":33}},"type":"binary-expr","locations":[{"start":{"line":375,"column":10},"end":{"line":375,"column":20}},{"start":{"line":375,"column":24},"end":{"line":375,"column":33}}],"line":375},"51":{"loc":{"start":{"line":377,"column":16},"end":{"line":377,"column":33}},"type":"binary-expr","locations":[{"start":{"line":377,"column":16},"end":{"line":377,"column":25}},{"start":{"line":377,"column":29},"end":{"line":377,"column":33}}],"line":377},"52":{"loc":{"start":{"line":383,"column":6},"end":{"line":390,"column":7}},"type":"if","locations":[{"start":{"line":383,"column":6},"end":{"line":390,"column":7}},{"start":{},"end":{}}],"line":383},"53":{"loc":{"start":{"line":396,"column":6},"end":{"line":405,"column":7}},"type":"if","locations":[{"start":{"line":396,"column":6},"end":{"line":405,"column":7}},{"start":{},"end":{}}],"line":396},"54":{"loc":{"start":{"line":397,"column":8},"end":{"line":404,"column":9}},"type":"if","locations":[{"start":{"line":397,"column":8},"end":{"line":404,"column":9}},{"start":{},"end":{}}],"line":397},"55":{"loc":{"start":{"line":412,"column":18},"end":{"line":412,"column":33}},"type":"binary-expr","locations":[{"start":{"line":412,"column":18},"end":{"line":412,"column":27}},{"start":{"line":412,"column":31},"end":{"line":412,"column":33}}],"line":412},"56":{"loc":{"start":{"line":485,"column":18},"end":{"line":485,"column":39}},"type":"binary-expr","locations":[{"start":{"line":485,"column":18},"end":{"line":485,"column":31}},{"start":{"line":485,"column":35},"end":{"line":485,"column":39}}],"line":485},"57":{"loc":{"start":{"line":488,"column":4},"end":{"line":488,"column":34}},"type":"if","locations":[{"start":{"line":488,"column":4},"end":{"line":488,"column":34}},{"start":{},"end":{}}],"line":488},"58":{"loc":{"start":{"line":489,"column":4},"end":{"line":489,"column":35}},"type":"if","locations":[{"start":{"line":489,"column":4},"end":{"line":489,"column":35}},{"start":{},"end":{}}],"line":489},"59":{"loc":{"start":{"line":490,"column":4},"end":{"line":493,"column":5}},"type":"if","locations":[{"start":{"line":490,"column":4},"end":{"line":493,"column":5}},{"start":{},"end":{}}],"line":490},"60":{"loc":{"start":{"line":491,"column":12},"end":{"line":491,"column":34}},"type":"binary-expr","locations":[{"start":{"line":491,"column":12},"end":{"line":491,"column":21}},{"start":{"line":491,"column":25},"end":{"line":491,"column":34}}],"line":491},"61":{"loc":{"start":{"line":492,"column":13},"end":{"line":492,"column":29}},"type":"binary-expr","locations":[{"start":{"line":492,"column":13},"end":{"line":492,"column":23}},{"start":{"line":492,"column":27},"end":{"line":492,"column":29}}],"line":492}},"s":{"0":2,"1":2,"2":2,"3":2,"4":2,"5":0,"6":0,"7":2,"8":0,"9":0,"10":0,"11":0,"12":0,"13":0,"14":0,"15":0,"16":0,"17":0,"18":0,"19":0,"20":0,"21":0,"22":0,"23":0,"24":0,"25":0,"26":0,"27":0,"28":0,"29":0,"30":0,"31":0,"32":0,"33":0,"34":0,"35":0,"36":0,"37":0,"38":0,"39":0,"40":0,"41":0,"42":0,"43":0,"44":0,"45":0,"46":0,"47":2,"48":0,"49":0,"50":0,"51":0,"52":0,"53":0,"54":0,"55":0,"56":0,"57":0,"58":0,"59":0,"60":0,"61":0,"62":0,"63":0,"64":0,"65":0,"66":0,"67":0,"68":0,"69":0,"70":0,"71":0,"72":0,"73":0,"74":0,"75":0,"76":0,"77":0,"78":0,"79":0,"80":0,"81":0,"82":2,"83":0,"84":0,"85":0,"86":0,"87":0,"88":0,"89":0,"90":0,"91":2,"92":0,"93":0,"94":0,"95":0,"96":0,"97":0,"98":0,"99":0,"100":0,"101":0,"102":0,"103":2,"104":0,"105":0,"106":2,"107":0,"108":0,"109":0,"110":0,"111":0,"112":0,"113":2,"114":0,"115":0,"116":2,"117":0,"118":0,"119":0,"120":0,"121":0,"122":0,"123":0,"124":0,"125":0,"126":0,"127":0,"128":0,"129":0,"130":0,"131":0,"132":0,"133":0,"134":0,"135":0,"136":0,"137":0,"138":0,"139":0,"140":0,"141":0,"142":0,"143":0,"144":0,"145":0,"146":0,"147":0,"148":0,"149":0,"150":2,"151":0,"152":0,"153":0,"154":0,"155":0,"156":0,"157":0,"158":0,"159":0,"160":0,"161":0,"162":0,"163":0,"164":0,"165":0,"166":0,"167":0,"168":0,"169":0,"170":0,"171":0,"172":0,"173":0,"174":0,"175":0,"176":0,"177":0,"178":0,"179":0,"180":0,"181":0,"182":0,"183":0,"184":2,"185":0,"186":0,"187":0,"188":0,"189":0,"190":0,"191":0,"192":0,"193":0,"194":0,"195":0,"196":0,"197":0,"198":0,"199":0,"200":0,"201":0,"202":0,"203":0,"204":0,"205":0,"206":0,"207":0,"208":0,"209":0,"210":0,"211":0,"212":0,"213":0,"214":0,"215":0,"216":2},"f":{"0":0,"1":0,"2":0,"3":0,"4":0,"5":0,"6":0,"7":0,"8":0,"9":0,"10":0,"11":0,"12":0,"13":0,"14":0,"15":0,"16":0,"17":0,"18":0},"b":{"0":[0,0],"1":[0,0],"2":[0,0],"3":[0,0],"4":[0,0],"5":[0,0],"6":[0,0],"7":[0,0],"8":[0,0],"9":[0,0,0],"10":[0,0],"11":[0,0],"12":[0,0,0],"13":[0,0],"14":[0,0],"15":[0,0],"16":[0,0],"17":[0,0],"18":[0,0],"19":[0,0],"20":[0,0],"21":[0,0],"22":[0,0],"23":[0,0],"24":[0,0],"25":[0,0],"26":[0,0],"27":[0,0],"28":[0,0],"29":[0,0],"30":[0,0],"31":[0,0],"32":[0,0],"33":[0,0],"34":[0,0],"35":[0,0],"36":[0,0],"37":[0,0],"38":[0,0],"39":[0,0],"40":[0,0],"41":[0,0],"42":[0,0,0],"43":[0,0],"44":[0,0],"45":[0,0],"46":[0,0],"47":[0,0],"48":[0,0],"49":[0,0],"50":[0,0],"51":[0,0],"52":[0,0],"53":[0,0],"54":[0,0],"55":[0,0],"56":[0,0],"57":[0,0],"58":[0,0],"59":[0,0],"60":[0,0],"61":[0,0]},"_coverageSchema":"1a1c01bbd47fc00a2c39e90264f33305004495a9","hash":"c32a387b9cea8a5cad67b5618670a1b58b573a5b"}
,"D:\\Personal Use\\Slog Solutions\\OfferLetter-BackupForChangingDarkTheme\\server\\controllers\\auth.controller.js": {"path":"D:\\Personal Use\\Slog Solutions\\OfferLetter-BackupForChangingDarkTheme\\server\\controllers\\auth.controller.js","statementMap":{"0":{"start":{"line":1,"column":21},"end":{"line":1,"column":53}},"1":{"start":{"line":2,"column":12},"end":{"line":2,"column":42}},"2":{"start":{"line":3,"column":18},"end":{"line":3,"column":54}},"3":{"start":{"line":4,"column":13},"end":{"line":4,"column":44}},"4":{"start":{"line":5,"column":12},"end":{"line":5,"column":35}},"5":{"start":{"line":6,"column":15},"end":{"line":6,"column":32}},"6":{"start":{"line":7,"column":25},"end":{"line":7,"column":54}},"7":{"start":{"line":9,"column":20},"end":{"line":9,"column":68}},"8":{"start":{"line":11,"column":16},"end":{"line":19,"column":2}},"9":{"start":{"line":12,"column":27},"end":{"line":12,"column":35}},"10":{"start":{"line":13,"column":2},"end":{"line":13,"column":75}},"11":{"start":{"line":13,"column":15},"end":{"line":13,"column":75}},"12":{"start":{"line":14,"column":15},"end":{"line":14,"column":69}},"13":{"start":{"line":15,"column":20},"end":{"line":15,"column":62}},"14":{"start":{"line":16,"column":2},"end":{"line":16,"column":54}},"15":{"start":{"line":17,"column":2},"end":{"line":17,"column":91}},"16":{"start":{"line":18,"column":2},"end":{"line":18,"column":36}},"17":{"start":{"line":21,"column":18},"end":{"line":34,"column":2}},"18":{"start":{"line":22,"column":33},"end":{"line":22,"column":41}},"19":{"start":{"line":23,"column":14},"end":{"line":23,"column":96}},"20":{"start":{"line":24,"column":2},"end":{"line":24,"column":68}},"21":{"start":{"line":24,"column":12},"end":{"line":24,"column":68}},"22":{"start":{"line":25,"column":2},"end":{"line":25,"column":90}},"23":{"start":{"line":25,"column":34},"end":{"line":25,"column":90}},"24":{"start":{"line":26,"column":2},"end":{"line":26,"column":22}},"25":{"start":{"line":27,"column":2},"end":{"line":27,"column":19}},"26":{"start":{"line":29,"column":2},"end":{"line":29,"column":66}},"27":{"start":{"line":30,"column":2},"end":{"line":30,"column":86}},"28":{"start":{"line":32,"column":16},"end":{"line":32,"column":117}},"29":{"start":{"line":33,"column":2},"end":{"line":33,"column":47}},"30":{"start":{"line":36,"column":14},"end":{"line":53,"column":2}},"31":{"start":{"line":38,"column":30},"end":{"line":38,"column":38}},"32":{"start":{"line":41,"column":15},"end":{"line":41,"column":44}},"33":{"start":{"line":42,"column":2},"end":{"line":42,"column":19}},"34":{"start":{"line":44,"column":2},"end":{"line":44,"column":77}},"35":{"start":{"line":44,"column":13},"end":{"line":44,"column":77}},"36":{"start":{"line":45,"column":16},"end":{"line":45,"column":61}},"37":{"start":{"line":46,"column":2},"end":{"line":46,"column":29}},"38":{"start":{"line":48,"column":2},"end":{"line":48,"column":91}},"39":{"start":{"line":48,"column":14},"end":{"line":48,"column":91}},"40":{"start":{"line":49,"column":16},"end":{"line":49,"column":117}},"41":{"start":{"line":50,"column":2},"end":{"line":50,"column":99}},"42":{"start":{"line":55,"column":0},"end":{"line":55,"column":47}}},"fnMap":{"0":{"name":"(anonymous_0)","decl":{"start":{"line":11,"column":29},"end":{"line":11,"column":30}},"loc":{"start":{"line":11,"column":49},"end":{"line":19,"column":1}},"line":11},"1":{"name":"(anonymous_1)","decl":{"start":{"line":21,"column":31},"end":{"line":21,"column":32}},"loc":{"start":{"line":21,"column":51},"end":{"line":34,"column":1}},"line":21},"2":{"name":"(anonymous_2)","decl":{"start":{"line":36,"column":27},"end":{"line":36,"column":28}},"loc":{"start":{"line":36,"column":47},"end":{"line":53,"column":1}},"line":36}},"branchMap":{"0":{"loc":{"start":{"line":9,"column":29},"end":{"line":9,"column":67}},"type":"binary-expr","locations":[{"start":{"line":9,"column":29},"end":{"line":9,"column":59}},{"start":{"line":9,"column":63},"end":{"line":9,"column":67}}],"line":9},"1":{"loc":{"start":{"line":13,"column":2},"end":{"line":13,"column":75}},"type":"if","locations":[{"start":{"line":13,"column":2},"end":{"line":13,"column":75}},{"start":{},"end":{}}],"line":13},"2":{"loc":{"start":{"line":24,"column":2},"end":{"line":24,"column":68}},"type":"if","locations":[{"start":{"line":24,"column":2},"end":{"line":24,"column":68}},{"start":{},"end":{}}],"line":24},"3":{"loc":{"start":{"line":25,"column":2},"end":{"line":25,"column":90}},"type":"if","locations":[{"start":{"line":25,"column":2},"end":{"line":25,"column":90}},{"start":{},"end":{}}],"line":25},"4":{"loc":{"start":{"line":32,"column":80},"end":{"line":32,"column":114}},"type":"binary-expr","locations":[{"start":{"line":32,"column":80},"end":{"line":32,"column":106}},{"start":{"line":32,"column":110},"end":{"line":32,"column":114}}],"line":32},"5":{"loc":{"start":{"line":44,"column":2},"end":{"line":44,"column":77}},"type":"if","locations":[{"start":{"line":44,"column":2},"end":{"line":44,"column":77}},{"start":{},"end":{}}],"line":44},"6":{"loc":{"start":{"line":48,"column":2},"end":{"line":48,"column":91}},"type":"if","locations":[{"start":{"line":48,"column":2},"end":{"line":48,"column":91}},{"start":{},"end":{}}],"line":48},"7":{"loc":{"start":{"line":49,"column":80},"end":{"line":49,"column":114}},"type":"binary-expr","locations":[{"start":{"line":49,"column":80},"end":{"line":49,"column":106}},{"start":{"line":49,"column":110},"end":{"line":49,"column":114}}],"line":49}},"s":{"0":2,"1":2,"2":2,"3":2,"4":2,"5":2,"6":2,"7":2,"8":2,"9":0,"10":0,"11":0,"12":0,"13":0,"14":0,"15":0,"16":0,"17":2,"18":0,"19":0,"20":0,"21":0,"22":0,"23":0,"24":0,"25":0,"26":0,"27":0,"28":0,"29":0,"30":2,"31":2,"32":2,"33":2,"34":2,"35":0,"36":2,"37":2,"38":2,"39":1,"40":1,"41":1,"42":2},"f":{"0":0,"1":0,"2":2},"b":{"0":[2,2],"1":[0,0],"2":[0,0],"3":[0,0],"4":[0,0],"5":[0,2],"6":[1,1],"7":[1,0]},"_coverageSchema":"1a1c01bbd47fc00a2c39e90264f33305004495a9","hash":"3386e79858dfa0e0940c1ef30a4b3d03d39f1c6e"}
,"D:\\Personal Use\\Slog Solutions\\OfferLetter-BackupForChangingDarkTheme\\server\\controllers\\candidate.controller.js": {"path":"D:\\Personal Use\\Slog Solutions\\OfferLetter-BackupForChangingDarkTheme\\server\\controllers\\candidate.controller.js","statementMap":{"0":{"start":{"line":2,"column":21},"end":{"line":2,"column":53}},"1":{"start":{"line":3,"column":17},"end":{"line":3,"column":36}},"2":{"start":{"line":4,"column":15},"end":{"line":4,"column":32}},"3":{"start":{"line":5,"column":18},"end":{"line":5,"column":54}},"4":{"start":{"line":6,"column":13},"end":{"line":6,"column":44}},"5":{"start":{"line":7,"column":17},"end":{"line":7,"column":52}},"6":{"start":{"line":8,"column":17},"end":{"line":8,"column":52}},"7":{"start":{"line":9,"column":11},"end":{"line":9,"column":24}},"8":{"start":{"line":10,"column":14},"end":{"line":10,"column":46}},"9":{"start":{"line":11,"column":13},"end":{"line":11,"column":28}},"10":{"start":{"line":13,"column":25},"end":{"line":13,"column":61}},"11":{"start":{"line":21,"column":2},"end":{"line":21,"column":105}},"12":{"start":{"line":21,"column":41},"end":{"line":21,"column":105}},"13":{"start":{"line":22,"column":12},"end":{"line":22,"column":44}},"14":{"start":{"line":23,"column":2},"end":{"line":26,"column":3}},"15":{"start":{"line":25,"column":4},"end":{"line":25,"column":70}},"16":{"start":{"line":27,"column":17},"end":{"line":27,"column":27}},"17":{"start":{"line":28,"column":21},"end":{"line":28,"column":31}},"18":{"start":{"line":29,"column":18},"end":{"line":29,"column":62}},"19":{"start":{"line":30,"column":2},"end":{"line":30,"column":52}},"20":{"start":{"line":61,"column":15},"end":{"line":61,"column":112}},"21":{"start":{"line":63,"column":19},"end":{"line":63,"column":28}},"22":{"start":{"line":64,"column":21},"end":{"line":64,"column":24}},"23":{"start":{"line":65,"column":28},"end":{"line":65,"column":29}},"24":{"start":{"line":67,"column":2},"end":{"line":76,"column":3}},"25":{"start":{"line":68,"column":19},"end":{"line":68,"column":56}},"26":{"start":{"line":69,"column":4},"end":{"line":75,"column":5}},"27":{"start":{"line":70,"column":6},"end":{"line":74,"column":7}},"28":{"start":{"line":71,"column":8},"end":{"line":71,"column":36}},"29":{"start":{"line":72,"column":8},"end":{"line":72,"column":53}},"30":{"start":{"line":73,"column":8},"end":{"line":73,"column":97}},"31":{"start":{"line":79,"column":22},"end":{"line":79,"column":63}},"32":{"start":{"line":80,"column":22},"end":{"line":80,"column":67}},"33":{"start":{"line":81,"column":20},"end":{"line":81,"column":76}},"34":{"start":{"line":84,"column":25},"end":{"line":84,"column":26}},"35":{"start":{"line":86,"column":2},"end":{"line":99,"column":3}},"36":{"start":{"line":88,"column":20},"end":{"line":88,"column":29}},"37":{"start":{"line":90,"column":21},"end":{"line":90,"column":84}},"38":{"start":{"line":91,"column":27},"end":{"line":91,"column":65}},"39":{"start":{"line":93,"column":4},"end":{"line":98,"column":6}},"40":{"start":{"line":102,"column":22},"end":{"line":102,"column":36}},"41":{"start":{"line":105,"column":20},"end":{"line":105,"column":70}},"42":{"start":{"line":106,"column":18},"end":{"line":106,"column":79}},"43":{"start":{"line":107,"column":25},"end":{"line":107,"column":67}},"44":{"start":{"line":109,"column":2},"end":{"line":114,"column":4}},"45":{"start":{"line":119,"column":24},"end":{"line":290,"column":2}},"46":{"start":{"line":154,"column":6},"end":{"line":154,"column":14}},"47":{"start":{"line":156,"column":2},"end":{"line":158,"column":3}},"48":{"start":{"line":157,"column":4},"end":{"line":157,"column":99}},"49":{"start":{"line":160,"column":26},"end":{"line":160,"column":60}},"50":{"start":{"line":163,"column":28},"end":{"line":163,"column":79}},"51":{"start":{"line":164,"column":2},"end":{"line":164,"column":94}},"52":{"start":{"line":164,"column":25},"end":{"line":164,"column":94}},"53":{"start":{"line":166,"column":23},"end":{"line":166,"column":69}},"54":{"start":{"line":167,"column":2},"end":{"line":167,"column":100}},"55":{"start":{"line":167,"column":20},"end":{"line":167,"column":100}},"56":{"start":{"line":170,"column":21},"end":{"line":170,"column":30}},"57":{"start":{"line":171,"column":2},"end":{"line":200,"column":3}},"58":{"start":{"line":173,"column":19},"end":{"line":173,"column":72}},"59":{"start":{"line":174,"column":4},"end":{"line":174,"column":106}},"60":{"start":{"line":174,"column":16},"end":{"line":174,"column":106}},"61":{"start":{"line":177,"column":16},"end":{"line":177,"column":42}},"62":{"start":{"line":178,"column":27},"end":{"line":178,"column":64}},"63":{"start":{"line":179,"column":28},"end":{"line":179,"column":50}},"64":{"start":{"line":183,"column":4},"end":{"line":193,"column":5}},"65":{"start":{"line":184,"column":6},"end":{"line":192,"column":9}},"66":{"start":{"line":195,"column":4},"end":{"line":195,"column":35}},"67":{"start":{"line":198,"column":16},"end":{"line":198,"column":42}},"68":{"start":{"line":199,"column":4},"end":{"line":199,"column":35}},"69":{"start":{"line":203,"column":18},"end":{"line":203,"column":47}},"70":{"start":{"line":204,"column":2},"end":{"line":204,"column":29}},"71":{"start":{"line":206,"column":2},"end":{"line":289,"column":3}},"72":{"start":{"line":208,"column":22},"end":{"line":240,"column":20}},"73":{"start":{"line":243,"column":22},"end":{"line":248,"column":5}},"74":{"start":{"line":250,"column":4},"end":{"line":253,"column":5}},"75":{"start":{"line":251,"column":29},"end":{"line":251,"column":60}},"76":{"start":{"line":252,"column":6},"end":{"line":252,"column":44}},"77":{"start":{"line":255,"column":17},"end":{"line":255,"column":62}},"78":{"start":{"line":258,"column":4},"end":{"line":258,"column":38}},"79":{"start":{"line":259,"column":4},"end":{"line":259,"column":41}},"80":{"start":{"line":261,"column":4},"end":{"line":265,"column":21}},"81":{"start":{"line":267,"column":4},"end":{"line":267,"column":38}},"82":{"start":{"line":268,"column":4},"end":{"line":268,"column":25}},"83":{"start":{"line":270,"column":31},"end":{"line":272,"column":28}},"84":{"start":{"line":274,"column":4},"end":{"line":283,"column":7}},"85":{"start":{"line":285,"column":4},"end":{"line":285,"column":37}},"86":{"start":{"line":286,"column":4},"end":{"line":286,"column":25}},"87":{"start":{"line":287,"column":4},"end":{"line":287,"column":49}},"88":{"start":{"line":288,"column":4},"end":{"line":288,"column":88}},"89":{"start":{"line":293,"column":23},"end":{"line":301,"column":2}},"90":{"start":{"line":294,"column":2},"end":{"line":300,"column":3}},"91":{"start":{"line":295,"column":16},"end":{"line":295,"column":42}},"92":{"start":{"line":296,"column":4},"end":{"line":296,"column":145}},"93":{"start":{"line":298,"column":4},"end":{"line":298,"column":48}},"94":{"start":{"line":299,"column":4},"end":{"line":299,"column":92}},"95":{"start":{"line":304,"column":11},"end":{"line":350,"column":2}},"96":{"start":{"line":305,"column":2},"end":{"line":349,"column":3}},"97":{"start":{"line":306,"column":24},"end":{"line":306,"column":45}},"98":{"start":{"line":307,"column":4},"end":{"line":309,"column":5}},"99":{"start":{"line":308,"column":6},"end":{"line":308,"column":106}},"100":{"start":{"line":311,"column":22},"end":{"line":324,"column":13}},"101":{"start":{"line":326,"column":4},"end":{"line":328,"column":5}},"102":{"start":{"line":327,"column":6},"end":{"line":327,"column":95}},"103":{"start":{"line":330,"column":21},"end":{"line":330,"column":86}},"104":{"start":{"line":331,"column":28},"end":{"line":331,"column":65}},"105":{"start":{"line":333,"column":20},"end":{"line":343,"column":5}},"106":{"start":{"line":345,"column":4},"end":{"line":345,"column":63}},"107":{"start":{"line":347,"column":4},"end":{"line":347,"column":57}},"108":{"start":{"line":348,"column":4},"end":{"line":348,"column":95}},"109":{"start":{"line":354,"column":24},"end":{"line":559,"column":2}},"110":{"start":{"line":355,"column":17},"end":{"line":355,"column":27}},"111":{"start":{"line":356,"column":19},"end":{"line":356,"column":33}},"112":{"start":{"line":357,"column":31},"end":{"line":357,"column":60}},"113":{"start":{"line":359,"column":20},"end":{"line":359,"column":48}},"114":{"start":{"line":360,"column":2},"end":{"line":360,"column":82}},"115":{"start":{"line":360,"column":18},"end":{"line":360,"column":82}},"116":{"start":{"line":363,"column":2},"end":{"line":363,"column":83}},"117":{"start":{"line":363,"column":22},"end":{"line":363,"column":83}},"118":{"start":{"line":364,"column":2},"end":{"line":364,"column":72}},"119":{"start":{"line":364,"column":23},"end":{"line":364,"column":72}},"120":{"start":{"line":365,"column":2},"end":{"line":365,"column":90}},"121":{"start":{"line":365,"column":29},"end":{"line":365,"column":90}},"122":{"start":{"line":368,"column":2},"end":{"line":371,"column":3}},"123":{"start":{"line":369,"column":19},"end":{"line":369,"column":87}},"124":{"start":{"line":370,"column":4},"end":{"line":370,"column":109}},"125":{"start":{"line":370,"column":16},"end":{"line":370,"column":109}},"126":{"start":{"line":374,"column":2},"end":{"line":402,"column":3}},"127":{"start":{"line":375,"column":20},"end":{"line":375,"column":36}},"128":{"start":{"line":376,"column":4},"end":{"line":401,"column":5}},"129":{"start":{"line":377,"column":6},"end":{"line":377,"column":36}},"130":{"start":{"line":378,"column":11},"end":{"line":401,"column":5}},"131":{"start":{"line":379,"column":23},"end":{"line":379,"column":86}},"132":{"start":{"line":380,"column":6},"end":{"line":380,"column":110}},"133":{"start":{"line":380,"column":20},"end":{"line":380,"column":110}},"134":{"start":{"line":382,"column":18},"end":{"line":382,"column":44}},"135":{"start":{"line":383,"column":29},"end":{"line":383,"column":58}},"136":{"start":{"line":384,"column":30},"end":{"line":384,"column":52}},"137":{"start":{"line":386,"column":6},"end":{"line":396,"column":7}},"138":{"start":{"line":387,"column":8},"end":{"line":395,"column":11}},"139":{"start":{"line":398,"column":6},"end":{"line":398,"column":33}},"140":{"start":{"line":400,"column":6},"end":{"line":400,"column":30}},"141":{"start":{"line":404,"column":18},"end":{"line":411,"column":3}},"142":{"start":{"line":413,"column":17},"end":{"line":413,"column":19}},"143":{"start":{"line":414,"column":2},"end":{"line":431,"column":5}},"144":{"start":{"line":415,"column":4},"end":{"line":430,"column":5}},"145":{"start":{"line":416,"column":6},"end":{"line":429,"column":37}},"146":{"start":{"line":417,"column":18},"end":{"line":417,"column":39}},"147":{"start":{"line":418,"column":8},"end":{"line":418,"column":58}},"148":{"start":{"line":419,"column":13},"end":{"line":429,"column":37}},"149":{"start":{"line":420,"column":8},"end":{"line":428,"column":10}},"150":{"start":{"line":429,"column":13},"end":{"line":429,"column":37}},"151":{"start":{"line":434,"column":25},"end":{"line":458,"column":3}},"152":{"start":{"line":436,"column":4},"end":{"line":439,"column":5}},"153":{"start":{"line":437,"column":16},"end":{"line":437,"column":53}},"154":{"start":{"line":438,"column":6},"end":{"line":438,"column":22}},"155":{"start":{"line":438,"column":13},"end":{"line":438,"column":22}},"156":{"start":{"line":442,"column":26},"end":{"line":442,"column":76}},"157":{"start":{"line":443,"column":4},"end":{"line":443,"column":44}},"158":{"start":{"line":443,"column":23},"end":{"line":443,"column":44}},"159":{"start":{"line":446,"column":4},"end":{"line":449,"column":5}},"160":{"start":{"line":447,"column":25},"end":{"line":447,"column":71}},"161":{"start":{"line":448,"column":6},"end":{"line":448,"column":40}},"162":{"start":{"line":448,"column":22},"end":{"line":448,"column":40}},"163":{"start":{"line":452,"column":4},"end":{"line":455,"column":5}},"164":{"start":{"line":453,"column":25},"end":{"line":453,"column":70}},"165":{"start":{"line":454,"column":6},"end":{"line":454,"column":40}},"166":{"start":{"line":454,"column":22},"end":{"line":454,"column":40}},"167":{"start":{"line":457,"column":4},"end":{"line":457,"column":16}},"168":{"start":{"line":462,"column":2},"end":{"line":495,"column":3}},"169":{"start":{"line":463,"column":4},"end":{"line":494,"column":5}},"170":{"start":{"line":464,"column":27},"end":{"line":464,"column":49}},"171":{"start":{"line":466,"column":6},"end":{"line":490,"column":7}},"172":{"start":{"line":468,"column":29},"end":{"line":468,"column":106}},"173":{"start":{"line":469,"column":8},"end":{"line":471,"column":9}},"174":{"start":{"line":470,"column":10},"end":{"line":470,"column":91}},"175":{"start":{"line":474,"column":8},"end":{"line":474,"column":107}},"176":{"start":{"line":476,"column":8},"end":{"line":480,"column":11}},"177":{"start":{"line":483,"column":8},"end":{"line":486,"column":9}},"178":{"start":{"line":484,"column":10},"end":{"line":484,"column":46}},"179":{"start":{"line":485,"column":10},"end":{"line":485,"column":33}},"180":{"start":{"line":492,"column":6},"end":{"line":492,"column":71}},"181":{"start":{"line":493,"column":6},"end":{"line":493,"column":96}},"182":{"start":{"line":498,"column":2},"end":{"line":540,"column":3}},"183":{"start":{"line":499,"column":4},"end":{"line":539,"column":5}},"184":{"start":{"line":500,"column":25},"end":{"line":500,"column":47}},"185":{"start":{"line":503,"column":6},"end":{"line":505,"column":7}},"186":{"start":{"line":504,"column":8},"end":{"line":504,"column":108}},"187":{"start":{"line":507,"column":21},"end":{"line":507,"column":61}},"188":{"start":{"line":509,"column":6},"end":{"line":535,"column":7}},"189":{"start":{"line":510,"column":8},"end":{"line":510,"column":87}},"190":{"start":{"line":512,"column":8},"end":{"line":516,"column":11}},"191":{"start":{"line":519,"column":24},"end":{"line":525,"column":10}},"192":{"start":{"line":527,"column":8},"end":{"line":527,"column":39}},"193":{"start":{"line":528,"column":8},"end":{"line":528,"column":31}},"194":{"start":{"line":530,"column":8},"end":{"line":534,"column":11}},"195":{"start":{"line":537,"column":6},"end":{"line":537,"column":70}},"196":{"start":{"line":538,"column":6},"end":{"line":538,"column":96}},"197":{"start":{"line":543,"column":25},"end":{"line":543,"column":34}},"198":{"start":{"line":544,"column":2},"end":{"line":556,"column":3}},"199":{"start":{"line":545,"column":4},"end":{"line":547,"column":26}},"200":{"start":{"line":548,"column":4},"end":{"line":552,"column":7}},"201":{"start":{"line":555,"column":4},"end":{"line":555,"column":93}},"202":{"start":{"line":558,"column":2},"end":{"line":558,"column":29}},"203":{"start":{"line":564,"column":27},"end":{"line":589,"column":2}},"204":{"start":{"line":565,"column":17},"end":{"line":565,"column":27}},"205":{"start":{"line":566,"column":15},"end":{"line":566,"column":23}},"206":{"start":{"line":567,"column":2},"end":{"line":567,"column":77}},"207":{"start":{"line":567,"column":13},"end":{"line":567,"column":77}},"208":{"start":{"line":569,"column":20},"end":{"line":569,"column":48}},"209":{"start":{"line":570,"column":2},"end":{"line":570,"column":82}},"210":{"start":{"line":570,"column":18},"end":{"line":570,"column":82}},"211":{"start":{"line":572,"column":2},"end":{"line":588,"column":3}},"212":{"start":{"line":573,"column":19},"end":{"line":573,"column":81}},"213":{"start":{"line":574,"column":21},"end":{"line":574,"column":52}},"214":{"start":{"line":576,"column":20},"end":{"line":576,"column":118}},"215":{"start":{"line":578,"column":4},"end":{"line":582,"column":7}},"216":{"start":{"line":584,"column":4},"end":{"line":584,"column":22}},"217":{"start":{"line":586,"column":4},"end":{"line":586,"column":52}},"218":{"start":{"line":587,"column":4},"end":{"line":587,"column":75}},"219":{"start":{"line":592,"column":21},"end":{"line":596,"column":2}},"220":{"start":{"line":593,"column":20},"end":{"line":593,"column":81}},"221":{"start":{"line":594,"column":2},"end":{"line":594,"column":82}},"222":{"start":{"line":594,"column":18},"end":{"line":594,"column":82}},"223":{"start":{"line":595,"column":2},"end":{"line":595,"column":22}},"224":{"start":{"line":599,"column":24},"end":{"line":633,"column":2}},"225":{"start":{"line":600,"column":17},"end":{"line":600,"column":27}},"226":{"start":{"line":601,"column":20},"end":{"line":601,"column":70}},"227":{"start":{"line":602,"column":2},"end":{"line":602,"column":82}},"228":{"start":{"line":602,"column":18},"end":{"line":602,"column":82}},"229":{"start":{"line":605,"column":15},"end":{"line":605,"column":40}},"230":{"start":{"line":606,"column":2},"end":{"line":622,"column":3}},"231":{"start":{"line":607,"column":4},"end":{"line":619,"column":8}},"232":{"start":{"line":608,"column":6},"end":{"line":617,"column":7}},"233":{"start":{"line":609,"column":8},"end":{"line":614,"column":9}},"234":{"start":{"line":610,"column":31},"end":{"line":612,"column":54}},"235":{"start":{"line":613,"column":10},"end":{"line":613,"column":71}},"236":{"start":{"line":613,"column":43},"end":{"line":613,"column":71}},"237":{"start":{"line":616,"column":8},"end":{"line":616,"column":74}},"238":{"start":{"line":618,"column":6},"end":{"line":618,"column":48}},"239":{"start":{"line":621,"column":4},"end":{"line":621,"column":82}},"240":{"start":{"line":624,"column":2},"end":{"line":624,"column":40}},"241":{"start":{"line":626,"column":2},"end":{"line":630,"column":5}},"242":{"start":{"line":632,"column":2},"end":{"line":632,"column":70}},"243":{"start":{"line":636,"column":23},"end":{"line":639,"column":2}},"244":{"start":{"line":637,"column":21},"end":{"line":637,"column":89}},"245":{"start":{"line":638,"column":2},"end":{"line":638,"column":23}},"246":{"start":{"line":642,"column":23},"end":{"line":704,"column":2}},"247":{"start":{"line":643,"column":17},"end":{"line":643,"column":27}},"248":{"start":{"line":644,"column":43},"end":{"line":644,"column":51}},"249":{"start":{"line":646,"column":2},"end":{"line":648,"column":3}},"250":{"start":{"line":647,"column":4},"end":{"line":647,"column":93}},"251":{"start":{"line":651,"column":20},"end":{"line":651,"column":22}},"252":{"start":{"line":652,"column":2},"end":{"line":654,"column":3}},"253":{"start":{"line":653,"column":4},"end":{"line":653,"column":40}},"254":{"start":{"line":656,"column":2},"end":{"line":658,"column":3}},"255":{"start":{"line":657,"column":4},"end":{"line":657,"column":105}},"256":{"start":{"line":660,"column":20},"end":{"line":660,"column":57}},"257":{"start":{"line":661,"column":2},"end":{"line":661,"column":82}},"258":{"start":{"line":661,"column":18},"end":{"line":661,"column":82}},"259":{"start":{"line":664,"column":13},"end":{"line":664,"column":17}},"260":{"start":{"line":665,"column":2},"end":{"line":672,"column":3}},"261":{"start":{"line":666,"column":4},"end":{"line":666,"column":49}},"262":{"start":{"line":669,"column":4},"end":{"line":671,"column":5}},"263":{"start":{"line":670,"column":6},"end":{"line":670,"column":60}},"264":{"start":{"line":674,"column":2},"end":{"line":676,"column":3}},"265":{"start":{"line":675,"column":4},"end":{"line":675,"column":101}},"266":{"start":{"line":679,"column":2},"end":{"line":683,"column":3}},"267":{"start":{"line":680,"column":4},"end":{"line":682,"column":7}},"268":{"start":{"line":686,"column":16},"end":{"line":686,"column":84}},"269":{"start":{"line":687,"column":2},"end":{"line":689,"column":3}},"270":{"start":{"line":688,"column":4},"end":{"line":688,"column":78}},"271":{"start":{"line":692,"column":17},"end":{"line":692,"column":59}},"272":{"start":{"line":693,"column":2},"end":{"line":693,"column":25}},"273":{"start":{"line":694,"column":2},"end":{"line":694,"column":20}},"274":{"start":{"line":697,"column":2},"end":{"line":701,"column":5}},"275":{"start":{"line":703,"column":2},"end":{"line":703,"column":64}},"276":{"start":{"line":717,"column":17},"end":{"line":717,"column":54}},"277":{"start":{"line":718,"column":2},"end":{"line":718,"column":30}},"278":{"start":{"line":728,"column":35},"end":{"line":793,"column":2}},"279":{"start":{"line":730,"column":21},"end":{"line":732,"column":11}},"280":{"start":{"line":735,"column":15},"end":{"line":745,"column":5}},"281":{"start":{"line":735,"column":73},"end":{"line":745,"column":3}},"282":{"start":{"line":749,"column":13},"end":{"line":749,"column":17}},"283":{"start":{"line":750,"column":2},"end":{"line":763,"column":3}},"284":{"start":{"line":751,"column":4},"end":{"line":751,"column":29}},"285":{"start":{"line":751,"column":20},"end":{"line":751,"column":29}},"286":{"start":{"line":752,"column":19},"end":{"line":752,"column":42}},"287":{"start":{"line":753,"column":4},"end":{"line":753,"column":26}},"288":{"start":{"line":753,"column":17},"end":{"line":753,"column":26}},"289":{"start":{"line":755,"column":4},"end":{"line":762,"column":5}},"290":{"start":{"line":756,"column":6},"end":{"line":756,"column":20}},"291":{"start":{"line":759,"column":6},"end":{"line":761,"column":109}},"292":{"start":{"line":759,"column":39},"end":{"line":759,"column":53}},"293":{"start":{"line":761,"column":11},"end":{"line":761,"column":109}},"294":{"start":{"line":761,"column":79},"end":{"line":761,"column":109}},"295":{"start":{"line":765,"column":24},"end":{"line":765,"column":28}},"296":{"start":{"line":766,"column":2},"end":{"line":786,"column":3}},"297":{"start":{"line":767,"column":23},"end":{"line":767,"column":38}},"298":{"start":{"line":768,"column":21},"end":{"line":768,"column":72}},"299":{"start":{"line":769,"column":4},"end":{"line":774,"column":6}},"300":{"start":{"line":778,"column":26},"end":{"line":778,"column":29}},"301":{"start":{"line":779,"column":25},"end":{"line":779,"column":30}},"302":{"start":{"line":780,"column":4},"end":{"line":785,"column":6}},"303":{"start":{"line":788,"column":2},"end":{"line":792,"column":5}},"304":{"start":{"line":796,"column":0},"end":{"line":810,"column":2}}},"fnMap":{"0":{"name":"parseEmpCode","decl":{"start":{"line":20,"column":9},"end":{"line":20,"column":21}},"loc":{"start":{"line":20,"column":28},"end":{"line":31,"column":1}},"line":20},"1":{"name":"computeNextEmpCode","decl":{"start":{"line":59,"column":15},"end":{"line":59,"column":33}},"loc":{"start":{"line":59,"column":36},"end":{"line":115,"column":1}},"line":59},"2":{"name":"(anonymous_2)","decl":{"start":{"line":119,"column":37},"end":{"line":119,"column":38}},"loc":{"start":{"line":119,"column":57},"end":{"line":290,"column":1}},"line":119},"3":{"name":"(anonymous_3)","decl":{"start":{"line":293,"column":36},"end":{"line":293,"column":37}},"loc":{"start":{"line":293,"column":56},"end":{"line":301,"column":1}},"line":293},"4":{"name":"(anonymous_4)","decl":{"start":{"line":304,"column":24},"end":{"line":304,"column":25}},"loc":{"start":{"line":304,"column":44},"end":{"line":350,"column":1}},"line":304},"5":{"name":"(anonymous_5)","decl":{"start":{"line":354,"column":37},"end":{"line":354,"column":38}},"loc":{"start":{"line":354,"column":57},"end":{"line":559,"column":1}},"line":354},"6":{"name":"(anonymous_6)","decl":{"start":{"line":414,"column":18},"end":{"line":414,"column":19}},"loc":{"start":{"line":414,"column":23},"end":{"line":431,"column":3}},"line":414},"7":{"name":"(anonymous_7)","decl":{"start":{"line":434,"column":25},"end":{"line":434,"column":26}},"loc":{"start":{"line":434,"column":37},"end":{"line":458,"column":3}},"line":434},"8":{"name":"(anonymous_8)","decl":{"start":{"line":564,"column":40},"end":{"line":564,"column":41}},"loc":{"start":{"line":564,"column":60},"end":{"line":589,"column":1}},"line":564},"9":{"name":"(anonymous_9)","decl":{"start":{"line":592,"column":34},"end":{"line":592,"column":35}},"loc":{"start":{"line":592,"column":54},"end":{"line":596,"column":1}},"line":592},"10":{"name":"(anonymous_10)","decl":{"start":{"line":599,"column":37},"end":{"line":599,"column":38}},"loc":{"start":{"line":599,"column":57},"end":{"line":633,"column":1}},"line":599},"11":{"name":"(anonymous_11)","decl":{"start":{"line":607,"column":31},"end":{"line":607,"column":32}},"loc":{"start":{"line":607,"column":44},"end":{"line":619,"column":5}},"line":607},"12":{"name":"(anonymous_12)","decl":{"start":{"line":636,"column":36},"end":{"line":636,"column":37}},"loc":{"start":{"line":636,"column":56},"end":{"line":639,"column":1}},"line":636},"13":{"name":"(anonymous_13)","decl":{"start":{"line":642,"column":36},"end":{"line":642,"column":37}},"loc":{"start":{"line":642,"column":56},"end":{"line":704,"column":1}},"line":642},"14":{"name":"buildEmpCode","decl":{"start":{"line":716,"column":9},"end":{"line":716,"column":21}},"loc":{"start":{"line":716,"column":47},"end":{"line":719,"column":1}},"line":716},"15":{"name":"(anonymous_15)","decl":{"start":{"line":728,"column":48},"end":{"line":728,"column":49}},"loc":{"start":{"line":728,"column":68},"end":{"line":793,"column":1}},"line":728},"16":{"name":"(anonymous_16)","decl":{"start":{"line":735,"column":65},"end":{"line":735,"column":66}},"loc":{"start":{"line":735,"column":73},"end":{"line":745,"column":3}},"line":735}},"branchMap":{"0":{"loc":{"start":{"line":21,"column":2},"end":{"line":21,"column":105}},"type":"if","locations":[{"start":{"line":21,"column":2},"end":{"line":21,"column":105}},{"start":{},"end":{}}],"line":21},"1":{"loc":{"start":{"line":21,"column":6},"end":{"line":21,"column":39}},"type":"binary-expr","locations":[{"start":{"line":21,"column":6},"end":{"line":21,"column":11}},{"start":{"line":21,"column":15},"end":{"line":21,"column":39}}],"line":21},"2":{"loc":{"start":{"line":23,"column":2},"end":{"line":26,"column":3}},"type":"if","locations":[{"start":{"line":23,"column":2},"end":{"line":26,"column":3}},{"start":{},"end":{}}],"line":23},"3":{"loc":{"start":{"line":27,"column":17},"end":{"line":27,"column":27}},"type":"binary-expr","locations":[{"start":{"line":27,"column":17},"end":{"line":27,"column":21}},{"start":{"line":27,"column":25},"end":{"line":27,"column":27}}],"line":27},"4":{"loc":{"start":{"line":28,"column":21},"end":{"line":28,"column":31}},"type":"binary-expr","locations":[{"start":{"line":28,"column":21},"end":{"line":28,"column":25}},{"start":{"line":28,"column":29},"end":{"line":28,"column":31}}],"line":28},"5":{"loc":{"start":{"line":29,"column":18},"end":{"line":29,"column":62}},"type":"cond-expr","locations":[{"start":{"line":29,"column":31},"end":{"line":29,"column":55}},{"start":{"line":29,"column":58},"end":{"line":29,"column":62}}],"line":29},"6":{"loc":{"start":{"line":68,"column":39},"end":{"line":68,"column":54}},"type":"binary-expr","locations":[{"start":{"line":68,"column":39},"end":{"line":68,"column":48}},{"start":{"line":68,"column":52},"end":{"line":68,"column":54}}],"line":68},"7":{"loc":{"start":{"line":69,"column":4},"end":{"line":75,"column":5}},"type":"if","locations":[{"start":{"line":69,"column":4},"end":{"line":75,"column":5}},{"start":{},"end":{}}],"line":69},"8":{"loc":{"start":{"line":69,"column":8},"end":{"line":69,"column":57}},"type":"binary-expr","locations":[{"start":{"line":69,"column":8},"end":{"line":69,"column":31}},{"start":{"line":69,"column":35},"end":{"line":69,"column":57}}],"line":69},"9":{"loc":{"start":{"line":70,"column":6},"end":{"line":74,"column":7}},"type":"if","locations":[{"start":{"line":70,"column":6},"end":{"line":74,"column":7}},{"start":{},"end":{}}],"line":70},"10":{"loc":{"start":{"line":72,"column":23},"end":{"line":72,"column":52}},"type":"binary-expr","locations":[{"start":{"line":72,"column":23},"end":{"line":72,"column":36}},{"start":{"line":72,"column":40},"end":{"line":72,"column":52}}],"line":72},"11":{"loc":{"start":{"line":73,"column":30},"end":{"line":73,"column":96}},"type":"cond-expr","locations":[{"start":{"line":73,"column":50},"end":{"line":73,"column":74}},{"start":{"line":73,"column":77},"end":{"line":73,"column":96}}],"line":73},"12":{"loc":{"start":{"line":79,"column":23},"end":{"line":79,"column":55}},"type":"binary-expr","locations":[{"start":{"line":79,"column":23},"end":{"line":79,"column":49}},{"start":{"line":79,"column":53},"end":{"line":79,"column":55}}],"line":79},"13":{"loc":{"start":{"line":80,"column":22},"end":{"line":80,"column":67}},"type":"cond-expr","locations":[{"start":{"line":80,"column":36},"end":{"line":80,"column":61}},{"start":{"line":80,"column":64},"end":{"line":80,"column":67}}],"line":80},"14":{"loc":{"start":{"line":81,"column":20},"end":{"line":81,"column":76}},"type":"cond-expr","locations":[{"start":{"line":81,"column":61},"end":{"line":81,"column":72}},{"start":{"line":81,"column":75},"end":{"line":81,"column":76}}],"line":81},"15":{"loc":{"start":{"line":81,"column":20},"end":{"line":81,"column":58}},"type":"binary-expr","locations":[{"start":{"line":81,"column":20},"end":{"line":81,"column":39}},{"start":{"line":81,"column":43},"end":{"line":81,"column":58}}],"line":81},"16":{"loc":{"start":{"line":86,"column":2},"end":{"line":99,"column":3}},"type":"if","locations":[{"start":{"line":86,"column":2},"end":{"line":99,"column":3}},{"start":{},"end":{}}],"line":86},"17":{"loc":{"start":{"line":90,"column":21},"end":{"line":90,"column":84}},"type":"cond-expr","locations":[{"start":{"line":90,"column":43},"end":{"line":90,"column":67}},{"start":{"line":90,"column":70},"end":{"line":90,"column":84}}],"line":90},"18":{"loc":{"start":{"line":105,"column":20},"end":{"line":105,"column":70}},"type":"cond-expr","locations":[{"start":{"line":105,"column":42},"end":{"line":105,"column":66}},{"start":{"line":105,"column":69},"end":{"line":105,"column":70}}],"line":105},"19":{"loc":{"start":{"line":106,"column":27},"end":{"line":106,"column":51}},"type":"binary-expr","locations":[{"start":{"line":106,"column":27},"end":{"line":106,"column":46}},{"start":{"line":106,"column":50},"end":{"line":106,"column":51}}],"line":106},"20":{"loc":{"start":{"line":156,"column":2},"end":{"line":158,"column":3}},"type":"if","locations":[{"start":{"line":156,"column":2},"end":{"line":158,"
[...]
,"D:\\Personal Use\\Slog Solutions\\OfferLetter-BackupForChangingDarkTheme\\server\\services\\salaryCalculator.service.js": {"path":"D:\\Personal Use\\Slog Solutions\\OfferLetter-BackupForChangingDarkTheme\\server\\services\\salaryCalculator.service.js","statementMap":{"0":{"start":{"line":20,"column":6},"end":{"line":20,"column":12}},"1":{"start":{"line":25,"column":6},"end":{"line":25,"column":10}},"2":{"start":{"line":28,"column":17},"end":{"line":28,"column":97}},"3":{"start":{"line":29,"column":18},"end":{"line":29,"column":72}},"4":{"start":{"line":32,"column":27},"end":{"line":32,"column":80}},"5":{"start":{"line":33,"column":28},"end":{"line":33,"column":84}},"6":{"start":{"line":36,"column":24},"end":{"line":36,"column":65}},"7":{"start":{"line":39,"column":27},"end":{"line":39,"column":93}},"8":{"start":{"line":39,"column":64},"end":{"line":39,"column":89}},"9":{"start":{"line":40,"column":30},"end":{"line":40,"column":59}},"10":{"start":{"line":41,"column":30},"end":{"line":41,"column":59}},"11":{"start":{"line":43,"column":20},"end":{"line":43,"column":138}},"12":{"start":{"line":44,"column":25},"end":{"line":44,"column":58}},"13":{"start":{"line":46,"column":26},"end":{"line":46,"column":156}},"14":{"start":{"line":48,"column":19},"end":{"line":48,"column":54}},"15":{"start":{"line":49,"column":17},"end":{"line":49,"column":43}},"16":{"start":{"line":52,"column":2},"end":{"line":62,"column":4}},"17":{"start":{"line":65,"column":0},"end":{"line":65,"column":37}}},"fnMap":{"0":{"name":"calculateSalary","decl":{"start":{"line":6,"column":9},"end":{"line":6,"column":24}},"loc":{"start":{"line":6,"column":49},"end":{"line":63,"column":1}},"line":6},"1":{"name":"(anonymous_1)","decl":{"start":{"line":39,"column":54},"end":{"line":39,"column":55}},"loc":{"start":{"line":39,"column":64},"end":{"line":39,"column":89}},"line":39}},"branchMap":{"0":{"loc":{"start":{"line":6,"column":25},"end":{"line":6,"column":36}},"type":"default-arg","locations":[{"start":{"line":6,"column":34},"end":{"line":6,"column":36}}],"line":6},"1":{"loc":{"start":{"line":6,"column":38},"end":{"line":6,"column":47}},"type":"default-arg","locations":[{"start":{"line":6,"column":45},"end":{"line":6,"column":47}}],"line":6},"2":{"loc":{"start":{"line":8,"column":4},"end":{"line":8,"column":18}},"type":"default-arg","locations":[{"start":{"line":8,"column":17},"end":{"line":8,"column":18}}],"line":8},"3":{"loc":{"start":{"line":9,"column":4},"end":{"line":9,"column":27}},"type":"default-arg","locations":[{"start":{"line":9,"column":25},"end":{"line":9,"column":27}}],"line":9},"4":{"loc":{"start":{"line":10,"column":4},"end":{"line":10,"column":19}},"type":"default-arg","locations":[{"start":{"line":10,"column":18},"end":{"line":10,"column":19}}],"line":10},"5":{"loc":{"start":{"line":11,"column":4},"end":{"line":11,"column":15}},"type":"default-arg","locations":[{"start":{"line":11,"column":14},"end":{"line":11,"column":15}}],"line":11},"6":{"loc":{"start":{"line":12,"column":4},"end":{"line":12,"column":20}},"type":"default-arg","locations":[{"start":{"line":12,"column":19},"end":{"line":12,"column":20}}],"line":12},"7":{"loc":{"start":{"line":13,"column":4},"end":{"line":13,"column":21}},"type":"default-arg","locations":[{"start":{"line":13,"column":20},"end":{"line":13,"column":21}}],"line":13},"8":{"loc":{"start":{"line":14,"column":4},"end":{"line":14,"column":19}},"type":"default-arg","locations":[{"start":{"line":14,"column":18},"end":{"line":14,"column":19}}],"line":14},"9":{"loc":{"start":{"line":15,"column":4},"end":{"line":15,"column":11}},"type":"default-arg","locations":[{"start":{"line":15,"column":10},"end":{"line":15,"column":11}}],"line":15},"10":{"loc":{"start":{"line":16,"column":4},"end":{"line":16,"column":13}},"type":"default-arg","locations":[{"start":{"line":16,"column":12},"end":{"line":16,"column":13}}],"line":16},"11":{"loc":{"start":{"line":17,"column":4},"end":{"line":17,"column":15}},"type":"default-arg","locations":[{"start":{"line":17,"column":14},"end":{"line":17,"column":15}}],"line":17},"12":{"loc":{"start":{"line":18,"column":4},"end":{"line":18,"column":20}},"type":"default-arg","locations":[{"start":{"line":18,"column":18},"end":{"line":18,"column":20}}],"line":18},"13":{"loc":{"start":{"line":19,"column":4},"end":{"line":19,"column":19}},"type":"default-arg","locations":[{"start":{"line":19,"column":18},"end":{"line":19,"column":19}}],"line":19},"14":{"loc":{"start":{"line":23,"column":4},"end":{"line":23,"column":29}},"type":"default-arg","locations":[{"start":{"line":23,"column":28},"end":{"line":23,"column":29}}],"line":23},"15":{"loc":{"start":{"line":24,"column":4},"end":{"line":24,"column":30}},"type":"default-arg","locations":[{"start":{"line":24,"column":29},"end":{"line":24,"column":30}}],"line":24},"16":{"loc":{"start":{"line":28,"column":17},"end":{"line":28,"column":97}},"type":"cond-expr","locations":[{"start":{"line":28,"column":45},"end":{"line":28,"column":92}},{"start":{"line":28,"column":96},"end":{"line":28,"column":97}}],"line":28},"17":{"loc":{"start":{"line":29,"column":18},"end":{"line":29,"column":72}},"type":"cond-expr","locations":[{"start":{"line":29,"column":39},"end":{"line":29,"column":67}},{"start":{"line":29,"column":71},"end":{"line":29,"column":72}}],"line":29},"18":{"loc":{"start":{"line":36,"column":48},"end":{"line":36,"column":64}},"type":"binary-expr","locations":[{"start":{"line":36,"column":48},"end":{"line":36,"column":59}},{"start":{"line":36,"column":63},"end":{"line":36,"column":64}}],"line":36},"19":{"loc":{"start":{"line":39,"column":28},"end":{"line":39,"column":45}},"type":"binary-expr","locations":[{"start":{"line":39,"column":28},"end":{"line":39,"column":39}},{"start":{"line":39,"column":43},"end":{"line":39,"column":45}}],"line":39},"20":{"loc":{"start":{"line":39,"column":75},"end":{"line":39,"column":88}},"type":"binary-expr","locations":[{"start":{"line":39,"column":75},"end":{"line":39,"column":83}},{"start":{"line":39,"column":87},"end":{"line":39,"column":88}}],"line":39},"21":{"loc":{"start":{"line":43,"column":27},"end":{"line":43,"column":37}},"type":"binary-expr","locations":[{"start":{"line":43,"column":27},"end":{"line":43,"column":32}},{"start":{"line":43,"column":36},"end":{"line":43,"column":37}}],"line":43},"22":{"loc":{"start":{"line":43,"column":48},"end":{"line":43,"column":60}},"type":"binary-expr","locations":[{"start":{"line":43,"column":48},"end":{"line":43,"column":55}},{"start":{"line":43,"column":59},"end":{"line":43,"column":60}}],"line":43},"23":{"loc":{"start":{"line":44,"column":32},"end":{"line":44,"column":48}},"type":"binary-expr","locations":[{"start":{"line":44,"column":32},"end":{"line":44,"column":43}},{"start":{"line":44,"column":47},"end":{"line":44,"column":48}}],"line":44},"24":{"loc":{"start":{"line":46,"column":33},"end":{"line":46,"column":45}},"type":"binary-expr","locations":[{"start":{"line":46,"column":33},"end":{"line":46,"column":40}},{"start":{"line":46,"column":44},"end":{"line":46,"column":45}}],"line":46},"25":{"loc":{"start":{"line":46,"column":56},"end":{"line":46,"column":64}},"type":"binary-expr","locations":[{"start":{"line":46,"column":56},"end":{"line":46,"column":59}},{"start":{"line":46,"column":63},"end":{"line":46,"column":64}}],"line":46},"26":{"loc":{"start":{"line":46,"column":75},"end":{"line":46,"column":94}},"type":"binary-expr","locations":[{"start":{"line":46,"column":75},"end":{"line":46,"column":89}},{"start":{"line":46,"column":93},"end":{"line":46,"column":94}}],"line":46},"27":{"loc":{"start":{"line":46,"column":137},"end":{"line":46,"column":155}},"type":"binary-expr","locations":[{"start":{"line":46,"column":137},"end":{"line":46,"column":150}},{"start":{"line":46,"column":154},"end":{"line":46,"column":155}}],"line":46},"28":{"loc":{"start":{"line":48,"column":26},"end":{"line":48,"column":41}},"type":"binary-expr","locations":[{"start":{"line":48,"column":26},"end":{"line":48,"column":36}},{"start":{"line":48,"column":40},"end":{"line":48,"column":41}}],"line":48}},"s":{"0":0,"1":0,"2":0,"3":0,"4":0,"5":0,"6":0,"7":0,"8":0,"9":0,"10":0,"11":0,"12":0,"13":0,"14":0,"15":0,"16":0,"17":2},"f":{"0":0,"1":0},"b":{"0":[0],"1":[0],"2":[0],"3":[0],"4":[0],"5":[0],"6":[0],"7":[0],"8":[0],"9":[0],"10":[0],"11":[0],"12":[0],"13":[0],"14":[0],"15":[0],"16":[0,0],"17":[0,0],"18":[0,0],"19":[0,0],"20":[0,0],"21":[0,0],"22":[0,0],"23":[0,0],"24":[0,0],"25":[0,0],"26":[0,0],"27":[0,0],"28":[0,0]},"_coverageSchema":"1a1c01bbd47fc00a2c39e90264f33305004495a9","hash":"0b3c8e737115837585c261fce82358bccba7ecad"}
,"D:\\Personal Use\\Slog Solutions\\OfferLetter-BackupForChangingDarkTheme\\server\\utils\\cloudinary.utils.js": {"path":"D:\\Personal Use\\Slog Solutions\\OfferLetter-BackupForChangingDarkTheme\\server\\utils\\cloudinary.utils.js","statementMap":{"0":{"start":{"line":2,"column":19},"end":{"line":2,"column":43}},"1":{"start":{"line":3,"column":13},"end":{"line":3,"column":28}},"2":{"start":{"line":5,"column":0},"end":{"line":9,"column":3}},"3":{"start":{"line":15,"column":21},"end":{"line":39,"column":1}},"4":{"start":{"line":16,"column":2},"end":{"line":38,"column":5}},"5":{"start":{"line":17,"column":4},"end":{"line":37,"column":5}},"6":{"start":{"line":18,"column":18},"end":{"line":18,"column":50}},"7":{"start":{"line":19,"column":19},"end":{"line":19,"column":47}},"8":{"start":{"line":20,"column":23},"end":{"line":20,"column":52}},"9":{"start":{"line":22,"column":21},"end":{"line":33,"column":7}},"10":{"start":{"line":30,"column":10},"end":{"line":30,"column":42}},"11":{"start":{"line":30,"column":21},"end":{"line":30,"column":42}},"12":{"start":{"line":31,"column":10},"end":{"line":31,"column":26}},"13":{"start":{"line":34,"column":6},"end":{"line":34,"column":25}},"14":{"start":{"line":36,"column":6},"end":{"line":36,"column":18}},"15":{"start":{"line":41,"column":0},"end":{"line":41,"column":46}}},"fnMap":{"0":{"name":"(anonymous_0)","decl":{"start":{"line":15,"column":21},"end":{"line":15,"column":22}},"loc":{"start":{"line":15,"column":65},"end":{"line":39,"column":1}},"line":15},"1":{"name":"(anonymous_1)","decl":{"start":{"line":16,"column":21},"end":{"line":16,"column":22}},"loc":{"start":{"line":16,"column":42},"end":{"line":38,"column":3}},"line":16},"2":{"name":"(anonymous_2)","decl":{"start":{"line":29,"column":8},"end":{"line":29,"column":9}},"loc":{"start":{"line":29,"column":27},"end":{"line":32,"column":9}},"line":29}},"branchMap":{"0":{"loc":{"start":{"line":15,"column":40},"end":{"line":15,"column":60}},"type":"default-arg","locations":[{"start":{"line":15,"column":49},"end":{"line":15,"column":60}}],"line":15},"1":{"loc":{"start":{"line":18,"column":18},"end":{"line":18,"column":50}},"type":"binary-expr","locations":[{"start":{"line":18,"column":18},"end":{"line":18,"column":40}},{"start":{"line":18,"column":44},"end":{"line":18,"column":50}}],"line":18},"2":{"loc":{"start":{"line":30,"column":10},"end":{"line":30,"column":42}},"type":"if","locations":[{"start":{"line":30,"column":10},"end":{"line":30,"column":42}},{"start":{},"end":{}}],"line":30}},"s":{"0":2,"1":2,"2":2,"3":2,"4":0,"5":0,"6":0,"7":0,"8":0,"9":0,"10":0,"11":0,"12":0,"13":0,"14":0,"15":2},"f":{"0":0,"1":0,"2":0},"b":{"0":[0],"1":[0,0],"2":[0,0]},"_coverageSchema":"1a1c01bbd47fc00a2c39e90264f33305004495a9","hash":"74f236a2d887604d846a9d00d5ed7b155bc5d143"}
,"D:\\Personal Use\\Slog Solutions\\OfferLetter-BackupForChangingDarkTheme\\server\\utils\\email.utils.js": {"path":"D:\\Personal Use\\Slog Solutions\\OfferLetter-BackupForChangingDarkTheme\\server\\utils\\email.utils.js","statementMap":{"0":{"start":{"line":2,"column":19},"end":{"line":2,"column":40}},"1":{"start":{"line":3,"column":20},"end":{"line":8,"column":2}},"2":{"start":{"line":11,"column":2},"end":{"line":17,"column":5}},"3":{"start":{"line":20,"column":0},"end":{"line":20,"column":31}}},"fnMap":{"0":{"name":"sendEmail","decl":{"start":{"line":10,"column":15},"end":{"line":10,"column":24}},"loc":{"start":{"line":10,"column":50},"end":{"line":18,"column":1}},"line":10}},"branchMap":{"0":{"loc":{"start":{"line":5,"column":15},"end":{"line":5,"column":43}},"type":"binary-expr","locations":[{"start":{"line":5,"column":15},"end":{"line":5,"column":36}},{"start":{"line":5,"column":40},"end":{"line":5,"column":43}}],"line":5}},"s":{"0":2,"1":2,"2":0,"3":2},"f":{"0":0},"b":{"0":[2,0]},"_coverageSchema":"1a1c01bbd47fc00a2c39e90264f33305004495a9","hash":"85081e68571941d1acbd20b6449b17e121635483"}
,"D:\\Personal Use\\Slog Solutions\\OfferLetter-BackupForChangingDarkTheme\\server\\utils\\leave.util.js": {"path":"D:\\Personal Use\\Slog Solutions\\OfferLetter-BackupForChangingDarkTheme\\server\\utils\\leave.util.js","statementMap":{"0":{"start":{"line":1,"column":19},"end":{"line":1,"column":56}},"1":{"start":{"line":3,"column":23},"end":{"line":7,"column":1}},"2":{"start":{"line":4,"column":12},"end":{"line":4,"column":26}},"3":{"start":{"line":5,"column":2},"end":{"line":5,"column":28}},"4":{"start":{"line":6,"column":2},"end":{"line":6,"column":11}},"5":{"start":{"line":9,"column":30},"end":{"line":60,"column":1}},"6":{"start":{"line":16,"column":2},"end":{"line":16,"column":64}},"7":{"start":{"line":17,"column":2},"end":{"line":17,"column":56}},"8":{"start":{"line":18,"column":2},"end":{"line":18,"column":52}},"9":{"start":{"line":19,"column":2},"end":{"line":19,"column":52}},"10":{"start":{"line":20,"column":2},"end":{"line":20,"column":34}},"11":{"start":{"line":22,"column":16},"end":{"line":22,"column":41}},"12":{"start":{"line":23,"column":14},"end":{"line":23,"column":37}},"13":{"start":{"line":25,"column":15},"end":{"line":25,"column":17}},"14":{"start":{"line":26,"column":16},"end":{"line":26,"column":31}},"15":{"start":{"line":28,"column":2},"end":{"line":31,"column":3}},"16":{"start":{"line":29,"column":4},"end":{"line":29,"column":33}},"17":{"start":{"line":30,"column":4},"end":{"line":30,"column":49}},"18":{"start":{"line":33,"column":2},"end":{"line":36,"column":4}},"19":{"start":{"line":35,"column":20},"end":{"line":35,"column":35}},"20":{"start":{"line":38,"column":18},"end":{"line":53,"column":5}},"21":{"start":{"line":38,"column":38},"end":{"line":53,"column":3}},"22":{"start":{"line":55,"column":2},"end":{"line":57,"column":3}},"23":{"start":{"line":56,"column":4},"end":{"line":56,"column":40}},"24":{"start":{"line":59,"column":2},"end":{"line":59,"column":58}},"25":{"start":{"line":62,"column":0},"end":{"line":64,"column":2}}},"fnMap":{"0":{"name":"(anonymous_0)","decl":{"start":{"line":3,"column":23},"end":{"line":3,"column":24}},"loc":{"start":{"line":3,"column":33},"end":{"line":7,"column":1}},"line":3},"1":{"name":"(anonymous_1)","decl":{"start":{"line":9,"column":30},"end":{"line":9,"column":31}},"loc":{"start":{"line":15,"column":5},"end":{"line":60,"column":1}},"line":15},"2":{"name":"(anonymous_2)","decl":{"start":{"line":35,"column":13},"end":{"line":35,"column":14}},"loc":{"start":{"line":35,"column":20},"end":{"line":35,"column":35}},"line":35},"3":{"name":"(anonymous_3)","decl":{"start":{"line":38,"column":27},"end":{"line":38,"column":28}},"loc":{"start":{"line":38,"column":38},"end":{"line":53,"column":3}},"line":38}},"branchMap":{"0":{"loc":{"start":{"line":44,"column":16},"end":{"line":44,"column":42}},"type":"binary-expr","locations":[{"start":{"line":44,"column":16},"end":{"line":44,"column":22}},{"start":{"line":44,"column":26},"end":{"line":44,"column":42}}],"line":44},"1":{"loc":{"start":{"line":55,"column":2},"end":{"line":57,"column":3}},"type":"if","locations":[{"start":{"line":55,"column":2},"end":{"line":57,"column":3}},{"start":{},"end":{}}],"line":55}},"s":{"0":2,"1":2,"2":0,"3":0,"4":0,"5":2,"6":0,"7":0,"8":0,"9":0,"10":0,"11":0,"12":0,"13":0,"14":0,"15":0,"16":0,"17":0,"18":0,"19":0,"20":0,"21":0,"22":0,"23":0,"24":0,"25":2},"f":{"0":0,"1":0,"2":0,"3":0},"b":{"0":[0,0],"1":[0,0]},"_coverageSchema":"1a1c01bbd47fc00a2c39e90264f33305004495a9","hash":"e0745daab0382a434bf112fac0fe8709f836d126"}
,"D:\\Personal Use\\Slog Solutions\\OfferLetter-BackupForChangingDarkTheme\\server\\utils\\multer.js": {"path":"D:\\Personal Use\\Slog Solutions\\OfferLetter-BackupForChangingDarkTheme\\server\\utils\\multer.js","statementMap":{"0":{"start":{"line":2,"column":15},"end":{"line":2,"column":32}},"1":{"start":{"line":5,"column":16},"end":{"line":5,"column":38}},"2":{"start":{"line":6,"column":15},"end":{"line":6,"column":34}},"3":{"start":{"line":8,"column":0},"end":{"line":8,"column":24}}},"fnMap":{},"branchMap":{},"s":{"0":2,"1":2,"2":2,"3":2},"f":{},"b":{},"_coverageSchema":"1a1c01bbd47fc00a2c39e90264f33305004495a9","hash":"f04716f5cb5ef857afb4b5a142c258f3b419a39e"}
,"D:\\Personal Use\\Slog Solutions\\OfferLetter-BackupForChangingDarkTheme\\server\\utils\\otp.utils.js": {"path":"D:\\Personal Use\\Slog Solutions\\OfferLetter-BackupForChangingDarkTheme\\server\\utils\\otp.utils.js","statementMap":{"0":{"start":{"line":2,"column":15},"end":{"line":2,"column":32}},"1":{"start":{"line":5,"column":14},"end":{"line":5,"column":38}},"2":{"start":{"line":6,"column":14},"end":{"line":6,"column":38}},"3":{"start":{"line":7,"column":2},"end":{"line":7,"column":67}},"4":{"start":{"line":12,"column":15},"end":{"line":12,"column":87}},"5":{"start":{"line":13,"column":2},"end":{"line":13,"column":19}},"6":{"start":{"line":14,"column":2},"end":{"line":14,"column":28}},"7":{"start":{"line":17,"column":0},"end":{"line":17,"column":49}}},"fnMap":{"0":{"name":"generateNumericOtp","decl":{"start":{"line":4,"column":9},"end":{"line":4,"column":27}},"loc":{"start":{"line":4,"column":40},"end":{"line":8,"column":1}},"line":4},"1":{"name":"hashOtp","decl":{"start":{"line":10,"column":9},"end":{"line":10,"column":16}},"loc":{"start":{"line":10,"column":22},"end":{"line":15,"column":1}},"line":10}},"branchMap":{"0":{"loc":{"start":{"line":4,"column":28},"end":{"line":4,"column":38}},"type":"default-arg","locations":[{"start":{"line":4,"column":37},"end":{"line":4,"column":38}}],"line":4},"1":{"loc":{"start":{"line":12,"column":43},"end":{"line":12,"column":86}},"type":"binary-expr","locations":[{"start":{"line":12,"column":43},"end":{"line":12,"column":70}},{"start":{"line":12,"column":74},"end":{"line":12,"column":86}}],"line":12}},"s":{"0":2,"1":0,"2":0,"3":0,"4":0,"5":0,"6":0,"7":2},"f":{"0":0,"1":0},"b":{"0":[0],"1":[0,0]},"_coverageSchema":"1a1c01bbd47fc00a2c39e90264f33305004495a9","hash":"6db8fec883050eff691b2af69dc6e4eaefc28ea1"}
,"D:\\Personal Use\\Slog Solutions\\OfferLetter-BackupForChangingDarkTheme\\server\\utils\\sms.utils.js": {"path":"D:\\Personal Use\\Slog Solutions\\OfferLetter-BackupForChangingDarkTheme\\server\\utils\\sms.utils.js","statementMap":{"0":{"start":{"line":2,"column":15},"end":{"line":2,"column":32}},"1":{"start":{"line":3,"column":15},"end":{"line":3,"column":88}},"2":{"start":{"line":6,"column":2},"end":{"line":10,"column":5}},"3":{"start":{"line":13,"column":0},"end":{"line":13,"column":29}}},"fnMap":{"0":{"name":"sendSms","decl":{"start":{"line":5,"column":15},"end":{"line":5,"column":22}},"loc":{"start":{"line":5,"column":33},"end":{"line":11,"column":1}},"line":5}},"branchMap":{},"s":{"0":2,"1":2,"2":0,"3":2},"f":{"0":0},"b":{},"_coverageSchema":"1a1c01bbd47fc00a2c39e90264f33305004495a9","hash":"cd8c5a5782816504153a8e627d075386ca5388b3"}
}
