TN:
SF:app.js
FN:42,(anonymous_0)
FNF:1
FNH:1
FNDA:1,(anonymous_0)
DA:1,2
DA:2,2
DA:3,2
DA:5,2
DA:6,2
DA:7,2
DA:8,2
DA:9,2
DA:10,2
DA:11,2
DA:12,2
DA:13,2
DA:14,2
DA:15,2
DA:16,2
DA:17,2
DA:19,2
DA:21,2
DA:22,2
DA:23,2
DA:25,2
DA:26,2
DA:28,2
DA:29,2
DA:30,2
DA:31,2
DA:32,2
DA:33,2
DA:34,2
DA:35,2
DA:36,2
DA:37,2
DA:38,2
DA:39,2
DA:40,2
DA:42,2
DA:44,2
LF:37
LH:37
BRF:0
BRH:0
end_of_record
TN:
SF:config\firebaseAdmin.js
FN:4,buildServiceAccountFromFields
FN:23,ensureFirebaseAdmin
FNF:2
FNH:0
FNDA:0,buildServiceAccountFromFields
FNDA:0,ensureFirebaseAdmin
DA:1,2
DA:2,2
DA:5,0
DA:6,0
DA:7,0
DA:22,2
DA:24,0
DA:27,0
DA:28,0
DA:29,0
DA:30,0
DA:34,0
DA:35,0
DA:36,0
DA:37,0
DA:38,0
DA:39,0
DA:40,0
DA:45,0
DA:46,0
DA:47,0
DA:48,0
DA:49,0
DA:53,0
DA:54,0
DA:55,0
DA:56,0
DA:57,0
DA:60,0
DA:63,2
LF:30
LH:4
BRDA:6,0,0,0
BRDA:6,0,1,0
BRDA:24,1,0,0
BRDA:24,1,1,0
BRDA:27,2,0,0
BRDA:27,2,1,0
BRDA:34,3,0,0
BRDA:34,3,1,0
BRDA:45,4,0,0
BRDA:45,4,1,0
BRDA:54,5,0,0
BRDA:54,5,1,0
BRF:12
BRH:0
end_of_record
TN:
SF:controllers\attendance.controller.js
FN:8,normalizeDateToUTCStart
FN:19,(anonymous_1)
FN:40,(anonymous_2)
FN:45,(anonymous_3)
FN:115,(anonymous_4)
FN:203,(anonymous_5)
FN:237,(anonymous_6)
FN:250,(anonymous_7)
FN:271,(anonymous_8)
FN:276,(anonymous_9)
FN:289,(anonymous_10)
FN:299,(anonymous_11)
FN:320,(anonymous_12)
FN:322,(anonymous_13)
FN:359,(anonymous_14)
FN:439,(anonymous_15)
FN:469,(anonymous_16)
FN:475,(anonymous_17)
FN:483,(anonymous_18)
FNF:19
FNH:0
FNDA:0,normalizeDateToUTCStart
FNDA:0,(anonymous_1)
FNDA:0,(anonymous_2)
FNDA:0,(anonymous_3)
FNDA:0,(anonymous_4)
FNDA:0,(anonymous_5)
FNDA:0,(anonymous_6)
FNDA:0,(anonymous_7)
FNDA:0,(anonymous_8)
FNDA:0,(anonymous_9)
FNDA:0,(anonymous_10)
FNDA:0,(anonymous_11)
FNDA:0,(anonymous_12)
FNDA:0,(anonymous_13)
FNDA:0,(anonymous_14)
FNDA:0,(anonymous_15)
FNDA:0,(anonymous_16)
FNDA:0,(anonymous_17)
FNDA:0,(anonymous_18)
DA:1,2
DA:2,2
DA:3,2
DA:4,2
DA:5,2
DA:9,0
DA:10,0
DA:19,2
DA:20,0
DA:21,0
DA:22,0
DA:23,0
DA:24,0
DA:26,0
DA:27,0
DA:28,0
DA:30,0
DA:35,0
DA:39,0
DA:40,0
DA:41,0
DA:44,0
DA:45,0
DA:48,0
DA:50,0
DA:51,0
DA:52,0
DA:53,0
DA:55,0
DA:56,0
DA:57,0
DA:64,0
DA:65,0
DA:69,0
DA:70,0
DA:74,0
DA:75,0
DA:76,0
DA:77,0
DA:78,0
DA:82,0
DA:83,0
DA:88,0
DA:93,0
DA:95,0
DA:107,0
DA:115,2
DA:116,0
DA:117,0
DA:118,0
DA:119,0
DA:120,0
DA:121,0
DA:124,0
DA:125,0
DA:127,0
DA:128,0
DA:129,0
DA:130,0
DA:131,0
DA:136,0
DA:139,0
DA:144,0
DA:145,0
DA:148,0
DA:149,0
DA:151,0
DA:152,0
DA:153,0
DA:158,0
DA:160,0
DA:161,0
DA:166,0
DA:170,0
DA:182,0
DA:189,0
DA:190,0
DA:192,0
DA:194,0
DA:195,0
DA:196,0
DA:203,2
DA:204,0
DA:207,0
DA:210,0
DA:212,0
DA:213,0
DA:215,0
DA:227,0
DA:237,2
DA:238,0
DA:239,0
DA:240,0
DA:242,0
DA:243,0
DA:249,0
DA:250,0
DA:266,0
DA:268,0
DA:271,2
DA:272,0
DA:273,0
DA:276,2
DA:277,0
DA:278,0
DA:279,0
DA:280,0
DA:281,0
DA:289,2
DA:291,0
DA:292,0
DA:299,2
DA:300,0
DA:302,0
DA:303,0
DA:304,0
DA:306,0
DA:307,0
DA:308,0
DA:310,0
DA:315,0
DA:319,0
DA:320,0
DA:321,0
DA:322,0
DA:325,0
DA:326,0
DA:327,0
DA:328,0
DA:329,0
DA:330,0
DA:331,0
DA:332,0
DA:334,0
DA:335,0
DA:336,0
DA:337,0
DA:339,0
DA:340,0
DA:352,0
DA:359,2
DA:360,0
DA:361,0
DA:362,0
DA:363,0
DA:365,0
DA:366,0
DA:367,0
DA:370,0
DA:371,0
DA:372,0
DA:373,0
DA:374,0
DA:375,0
DA:376,0
DA:381,0
DA:383,0
DA:388,0
DA:389,0
DA:392,0
DA:393,0
DA:396,0
DA:397,0
DA:398,0
DA:403,0
DA:407,0
DA:419,0
DA:426,0
DA:427,0
DA:428,0
DA:430,0
DA:431,0
DA:432,0
DA:439,2
DA:441,0
DA:442,0
DA:443,0
DA:456,0
DA:459,0
DA:464,0
DA:468,0
DA:469,0
DA:470,0
DA:471,0
DA:474,0
DA:475,0
DA:477,0
DA:478,0
DA:479,0
DA:480,0
DA:483,0
DA:484,0
DA:485,0
DA:486,0
DA:487,0
DA:488,0
DA:489,0
DA:490,0
DA:491,0
DA:492,0
DA:495,0
DA:505,0
DA:514,0
DA:517,2
LF:204
LH:16
BRDA:9,0,0,0
BRDA:9,0,1,0
BRDA:23,1,0,0
BRDA:23,1,1,0
BRDA:24,2,0,0
BRDA:24,2,1,0
BRDA:57,3,0,0
BRDA:57,3,1,0
BRDA:64,4,0,0
BRDA:64,4,1,0
BRDA:69,5,0,0
BRDA:69,5,1,0
BRDA:74,6,0,0
BRDA:74,6,1,0
BRDA:75,7,0,0
BRDA:75,7,1,0
BRDA:76,8,0,0
BRDA:76,8,1,0
BRDA:76,9,0,0
BRDA:76,9,1,0
BRDA:76,9,2,0
BRDA:78,10,0,0
BRDA:78,10,1,0
BRDA:82,11,0,0
BRDA:82,11,1,0
BRDA:93,12,0,0
BRDA:93,12,1,0
BRDA:93,12,2,0
BRDA:102,13,0,0
BRDA:102,13,1,0
BRDA:103,14,0,0
BRDA:103,14,1,0
BRDA:118,15,0,0
BRDA:118,15,1,0
BRDA:119,16,0,0
BRDA:119,16,1,0
BRDA:120,17,0,0
BRDA:120,17,1,0
BRDA:120,18,0,0
BRDA:120,18,1,0
BRDA:130,19,0,0
BRDA:130,19,1,0
BRDA:130,20,0,0
BRDA:130,20,1,0
BRDA:132,21,0,0
BRDA:132,21,1,0
BRDA:139,22,0,0
BRDA:139,22,1,0
BRDA:151,23,0,0
BRDA:151,23,1,0
BRDA:152,24,0,0
BRDA:152,24,1,0
BRDA:160,25,0,0
BRDA:160,25,1,0
BRDA:175,26,0,0
BRDA:175,26,1,0
BRDA:204,27,0,0
BRDA:204,27,1,0
BRDA:207,28,0,0
BRDA:207,28,1,0
BRDA:213,29,0,0
BRDA:213,29,1,0
BRDA:239,30,0,0
BRDA:239,30,1,0
BRDA:239,31,0,0
BRDA:239,31,1,0
BRDA:266,32,0,0
BRDA:266,32,1,0
BRDA:279,33,0,0
BRDA:279,33,1,0
BRDA:303,34,0,0
BRDA:303,34,1,0
BRDA:304,35,0,0
BRDA:304,35,1,0
BRDA:332,36,0,0
BRDA:332,36,1,0
BRDA:335,37,0,0
BRDA:335,37,1,0
BRDA:335,38,0,0
BRDA:335,38,1,0
BRDA:336,39,0,0
BRDA:336,39,1,0
BRDA:336,40,0,0
BRDA:336,40,1,0
BRDA:337,41,0,0
BRDA:337,41,1,0
BRDA:339,42,0,0
BRDA:339,42,1,0
BRDA:339,42,2,0
BRDA:347,43,0,0
BRDA:347,43,1,0
BRDA:348,44,0,0
BRDA:348,44,1,0
BRDA:362,45,0,0
BRDA:362,45,1,0
BRDA:365,46,0,0
BRDA:365,46,1,0
BRDA:366,47,0,0
BRDA:366,47,1,0
BRDA:366,48,0,0
BRDA:366,48,1,0
BRDA:375,49,0,0
BRDA:375,49,1,0
BRDA:375,50,0,0
BRDA:375,50,1,0
BRDA:377,51,0,0
BRDA:377,51,1,0
BRDA:383,52,0,0
BRDA:383,52,1,0
BRDA:396,53,0,0
BRDA:396,53,1,0
BRDA:397,54,0,0
BRDA:397,54,1,0
BRDA:412,55,0,0
BRDA:412,55,1,0
BRDA:485,56,0,0
BRDA:485,56,1,0
BRDA:488,57,0,0
BRDA:488,57,1,0
BRDA:489,58,0,0
BRDA:489,58,1,0
BRDA:490,59,0,0
BRDA:490,59,1,0
BRDA:491,60,0,0
BRDA:491,60,1,0
BRDA:492,61,0,0
BRDA:492,61,1,0
BRF:127
BRH:0
end_of_record
TN:
SF:controllers\auth.controller.js
FN:11,(anonymous_0)
FN:21,(anonymous_1)
FN:36,(anonymous_2)
FNF:3
FNH:1
FNDA:0,(anonymous_0)
FNDA:0,(anonymous_1)
FNDA:2,(anonymous_2)
DA:1,2
DA:2,2
DA:3,2
DA:4,2
DA:5,2
DA:6,2
DA:7,2
DA:9,2
DA:11,2
DA:12,0
DA:13,0
DA:14,0
DA:15,0
DA:16,0
DA:17,0
DA:18,0
DA:21,2
DA:22,0
DA:23,0
DA:24,0
DA:25,0
DA:26,0
DA:27,0
DA:29,0
DA:30,0
DA:32,0
DA:33,0
DA:36,2
DA:38,2
DA:41,2
DA:42,2
DA:44,2
DA:45,2
DA:46,2
DA:48,2
DA:49,1
DA:50,1
DA:55,2
LF:38
LH:21
BRDA:9,0,0,2
BRDA:9,0,1,2
BRDA:13,1,0,0
BRDA:13,1,1,0
BRDA:24,2,0,0
BRDA:24,2,1,0
BRDA:25,3,0,0
BRDA:25,3,1,0
BRDA:32,4,0,0
BRDA:32,4,1,0
BRDA:44,5,0,0
BRDA:44,5,1,2
BRDA:48,6,0,1
BRDA:48,6,1,1
BRDA:49,7,0,1
BRDA:49,7,1,0
BRF:16
BRH:6
end_of_record
TN:
SF:controllers\candidate.controller.js
FN:20,parseEmpCode
FN:59,computeNextEmpCode
FN:119,(anonymous_2)
FN:293,(anonymous_3)
FN:304,(anonymous_4)
FN:354,(anonymous_5)
FN:414,(anonymous_6)
FN:434,(anonymous_7)
FN:564,(anonymous_8)
FN:592,(anonymous_9)
FN:599,(anonymous_10)
FN:607,(anonymous_11)
FN:636,(anonymous_12)
FN:642,(anonymous_13)
FN:716,buildEmpCode
FN:728,(anonymous_15)
FN:735,(anonymous_16)
FNF:17
FNH:0
FNDA:0,parseEmpCode
FNDA:0,computeNextEmpCode
FNDA:0,(anonymous_2)
FNDA:0,(anonymous_3)
FNDA:0,(anonymous_4)
FNDA:0,(anonymous_5)
FNDA:0,(anonymous_6)
FNDA:0,(anonymous_7)
FNDA:0,(anonymous_8)
FNDA:0,(anonymous_9)
FNDA:0,(anonymous_10)
FNDA:0,(anonymous_11)
FNDA:0,(anonymous_12)
FNDA:0,(anonymous_13)
FNDA:0,buildEmpCode
FNDA:0,(anonymous_15)
FNDA:0,(anonymous_16)
DA:2,2
DA:3,2
DA:4,2
DA:5,2
DA:6,2
DA:7,2
DA:8,2
DA:9,2
DA:10,2
DA:11,2
DA:13,2
DA:21,0
DA:22,0
DA:23,0
DA:25,0
DA:27,0
DA:28,0
DA:29,0
DA:30,0
DA:61,0
DA:63,0
DA:64,0
DA:65,0
DA:67,0
DA:68,0
DA:69,0
DA:70,0
DA:71,0
DA:72,0
DA:73,0
DA:79,0
DA:80,0
DA:81,0
DA:84,0
DA:86,0
DA:88,0
DA:90,0
DA:91,0
DA:93,0
DA:102,0
DA:105,0
DA:106,0
DA:107,0
DA:109,0
DA:119,2
DA:154,0
DA:156,0
DA:157,0
DA:160,0
DA:163,0
DA:164,0
DA:166,0
DA:167,0
DA:170,0
DA:171,0
DA:173,0
DA:174,0
DA:177,0
DA:178,0
DA:179,0
DA:183,0
DA:184,0
DA:195,0
DA:198,0
DA:199,0
DA:203,0
DA:204,0
DA:206,0
DA:208,0
DA:243,0
DA:250,0
DA:251,0
DA:252,0
DA:255,0
DA:258,0
DA:259,0
DA:261,0
DA:267,0
DA:268,0
DA:270,0
DA:274,0
DA:285,0
DA:286,0
DA:287,0
DA:288,0
DA:293,2
DA:294,0
DA:295,0
DA:296,0
DA:298,0
DA:299,0
DA:304,2
DA:305,0
DA:306,0
DA:307,0
DA:308,0
DA:311,0
DA:326,0
DA:327,0
DA:330,0
DA:331,0
DA:333,0
DA:345,0
DA:347,0
DA:348,0
DA:354,2
DA:355,0
DA:356,0
DA:357,0
DA:359,0
DA:360,0
DA:363,0
DA:364,0
DA:365,0
DA:368,0
DA:369,0
DA:370,0
DA:374,0
DA:375,0
DA:376,0
DA:377,0
DA:378,0
DA:379,0
DA:380,0
DA:382,0
DA:383,0
DA:384,0
DA:386,0
DA:387,0
DA:398,0
DA:400,0
DA:404,0
DA:413,0
DA:414,0
DA:415,0
DA:416,0
DA:417,0
DA:418,0
DA:419,0
DA:420,0
DA:429,0
DA:434,0
DA:436,0
DA:437,0
DA:438,0
DA:442,0
DA:443,0
DA:446,0
DA:447,0
DA:448,0
DA:452,0
DA:453,0
DA:454,0
DA:457,0
DA:462,0
DA:463,0
DA:464,0
DA:466,0
DA:468,0
DA:469,0
DA:470,0
DA:474,0
DA:476,0
DA:483,0
DA:484,0
DA:485,0
DA:492,0
DA:493,0
DA:498,0
DA:499,0
DA:500,0
DA:503,0
DA:504,0
DA:507,0
DA:509,0
DA:510,0
DA:512,0
DA:519,0
DA:527,0
DA:528,0
DA:530,0
DA:537,0
DA:538,0
DA:543,0
DA:544,0
DA:545,0
DA:548,0
DA:555,0
DA:558,0
DA:564,2
DA:565,0
DA:566,0
DA:567,0
DA:569,0
DA:570,0
DA:572,0
DA:573,0
DA:574,0
DA:576,0
DA:578,0
DA:584,0
DA:586,0
DA:587,0
DA:592,2
DA:593,0
DA:594,0
DA:595,0
DA:599,2
DA:600,0
DA:601,0
DA:602,0
DA:605,0
DA:606,0
DA:607,0
DA:608,0
DA:609,0
DA:610,0
DA:613,0
DA:616,0
DA:618,0
DA:621,0
DA:624,0
DA:626,0
DA:632,0
DA:636,2
DA:637,0
DA:638,0
DA:642,2
DA:643,0
DA:644,0
DA:646,0
DA:647,0
DA:651,0
DA:652,0
DA:653,0
DA:656,0
DA:657,0
DA:660,0
DA:661,0
DA:664,0
DA:665,0
DA:666,0
DA:669,0
DA:670,0
DA:674,0
DA:675,0
DA:679,0
DA:680,0
DA:686,0
DA:687,0
DA:688,0
DA:692,0
DA:693,0
DA:694,0
DA:697,0
DA:703,0
DA:717,0
DA:718,0
DA:728,2
DA:730,0
DA:735,0
DA:749,0
DA:750,0
DA:751,0
DA:752,0
DA:753,0
DA:755,0
DA:756,0
DA:759,0
DA:761,0
DA:765,0
DA:766,0
DA:767,0
DA:768,0
DA:769,0
DA:778,0
DA:779,0
DA:780,0
DA:788,0
DA:796,2
LF:280
LH:22
BRDA:21,0,0,0
BRDA:21,0,1,0
BRDA:21,1,0,0
BRDA:21,1,1,0
BRDA:23,2,0,0
BRDA:23,2,1,0
BRDA:27,3,0,0
BRDA:27,3,1,0
BRDA:28,4,0,0
BRDA:28,4,1,0
BRDA:29,5,0,0
BRDA:29,5,1,0
BRDA:68,6,0,0
BRDA:68,6,1,0
BRDA:69,7,0,0
BRDA:69,7,1,0
BRDA:69,8,0,0
BRDA:69,8,1,0
BRDA:70,9,0,0
BRDA:70,9,1,0
BRDA:72,10,0,0
BRDA:72,10,1,0
BRDA:73,11,0,0
BRDA:73,11,1,0
BRDA:79,12,0,0
BRDA:79,12,1,0
BRDA:80,13,0,0
BRDA:80,13,1,0
BRDA:81,14,0,0
BRDA:81,14,1,0
BRDA:81,15,0,0
BRDA:81,15,1,0
BRDA:86,16,0,0
BRDA:86,16,1,0
BRDA:90,17,0,0
BRDA:90,17,1,0
BRDA:105,18,0,0
BRDA:105,18,1,0
BRDA:106,19,0,0
BRDA:106,19,1,0
BRDA:156,20,0,0
BRDA:156,20,1,0
BRDA:156,21,0,0
BRDA:156,21,1,0
BRDA:156,21,2,0
BRDA:156,21,3,0
BRDA:164,22,0,0
BRDA:164,22,1,0
BRDA:167,23,0,0
BRDA:167,23,1,0
BRDA:171,24,0,0
BRDA:171,24,1,0
BRDA:174,25,0,0
BRDA:174,25,1,0
BRDA:183,26,0,0
BRDA:183,26,1,0
BRDA:183,27,0,0
BRDA:183,27,1,0
BRDA:183,27,2,0
BRDA:237,28,0,0
BRDA:237,28,1,0
BRDA:246,29,0,0
BRDA:246,29,1,0
BRDA:250,30,0,0
BRDA:250,30,1,0
BRDA:307,31,0,0
BRDA:307,31,1,0
BRDA:326,32,0,0
BRDA:326,32,1,0
BRDA:330,33,0,0
BRDA:330,33,1,0
BRDA:330,34,0,0
BRDA:330,34,1,0
BRDA:331,35,0,0
BRDA:331,35,1,0
BRDA:348,36,0,0
BRDA:348,36,1,0
BRDA:356,37,0,0
BRDA:356,37,1,0
BRDA:360,38,0,0
BRDA:360,38,1,0
BRDA:363,39,0,0
BRDA:363,39,1,0
BRDA:364,40,0,0
BRDA:364,40,1,0
BRDA:365,41,0,0
BRDA:365,41,1,0
BRDA:368,42,0,0
BRDA:368,42,1,0
BRDA:368,43,0,0
BRDA:368,43,1,0
BRDA:370,44,0,0
BRDA:370,44,1,0
BRDA:374,45,0,0
BRDA:374,45,1,0
BRDA:376,46,0,0
BRDA:376,46,1,0
BRDA:378,47,0,0
BRDA:378,47,1,0
BRDA:378,48,0,0
BRDA:378,48,1,0
BRDA:380,49,0,0
BRDA:380,49,1,0
BRDA:386,50,0,0
BRDA:386,50,1,0
BRDA:386,51,0,0
BRDA:386,51,1,0
BRDA:386,51,2,0
BRDA:415,52,0,0
BRDA:415,52,1,0
BRDA:416,53,0,0
BRDA:416,53,1,0
BRDA:416,54,0,0
BRDA:416,54,1,0
BRDA:416,54,2,0
BRDA:416,54,3,0
BRDA:418,55,0,0
BRDA:418,55,1,0
BRDA:419,56,0,0
BRDA:419,56,1,0
BRDA:419,57,0,0
BRDA:419,57,1,0
BRDA:423,58,0,0
BRDA:423,58,1,0
BRDA:424,59,0,0
BRDA:424,59,1,0
BRDA:425,60,0,0
BRDA:425,60,1,0
BRDA:426,61,0,0
BRDA:426,61,1,0
BRDA:427,62,0,0
BRDA:427,62,1,0
BRDA:436,63,0,0
BRDA:436,63,1,0
BRDA:438,64,0,0
BRDA:438,64,1,0
BRDA:443,65,0,0
BRDA:443,65,1,0
BRDA:446,66,0,0
BRDA:446,66,1,0
BRDA:448,67,0,0
BRDA:448,67,1,0
BRDA:452,68,0,0
BRDA:452,68,1,0
BRDA:454,69,0,0
BRDA:454,69,1,0
BRDA:462,70,0,0
BRDA:462,70,1,0
BRDA:462,71,0,0
BRDA:462,71,1,0
BRDA:466,72,0,0
BRDA:466,72,1,0
BRDA:469,73,0,0
BRDA:469,73,1,0
BRDA:483,74,0,0
BRDA:483,74,1,0
BRDA:498,75,0,0
BRDA:498,75,1,0
BRDA:503,76,0,0
BRDA:503,76,1,0
BRDA:509,77,0,0
BRDA:509,77,1,0
BRDA:520,78,0,0
BRDA:520,78,1,0
BRDA:520,79,0,0
BRDA:520,79,1,0
BRDA:521,80,0,0
BRDA:521,80,1,0
BRDA:523,81,0,0
BRDA:523,81,1,0
BRDA:544,82,0,0
BRDA:544,82,1,0
BRDA:567,83,0,0
BRDA:567,83,1,0
BRDA:570,84,0,0
BRDA:570,84,1,0
BRDA:574,85,0,0
BRDA:574,85,1,0
BRDA:594,86,0,0
BRDA:594,86,1,0
BRDA:602,87,0,0
BRDA:602,87,1,0
BRDA:605,88,0,0
BRDA:605,88,1,0
BRDA:609,89,0,0
BRDA:609,89,1,0
BRDA:610,90,0,0
BRDA:610,90,1,0
BRDA:613,91,0,0
BRDA:613,91,1,0
BRDA:646,92,0,0
BRDA:646,92,1,0
BRDA:646,93,0,0
BRDA:646,93,1,0
BRDA:652,94,0,0
BRDA:652,94,1,0
BRDA:652,95,0,0
BRDA:652,95,1,0
BRDA:656,96,0,0
BRDA:656,96,1,0
BRDA:661,97,0,0
BRDA:661,97,1,0
BRDA:665,98,0,0
BRDA:665,98,1,0
BRDA:669,99,0,0
BRDA:669,99,1,0
BRDA:674,100,0,0
BRDA:674,100,1,0
BRDA:679,101,0,0
BRDA:679,101,1,0
BRDA:687,102,0,0
BRDA:687,102,1,0
BRDA:735,103,0,0
BRDA:735,103,1,0
BRDA:737,104,0,0
BRDA:737,104,1,0
BRDA:738,105,0,0
BRDA:738,105,1,0
BRDA:739,106,0,0
BRDA:739,106,1,0
BRDA:740,107,0,0
BRDA:740,107,1,0
BRDA:741,108,0,0
BRDA:741,108,1,0
BRDA:742,109,0,0
BRDA:742,109,1,0
BRDA:743,110,0,0
BRDA:743,110,1,0
BRDA:744,111,0,0
BRDA:744,111,1,0
BRDA:751,112,0,0
BRDA:751,112,1,0
BRDA:753,113,0,0
BRDA:753,113,1,0
BRDA:755,114,0,0
BRDA:755,114,1,0
BRDA:759,115,0,0
BRDA:759,115,1,0
BRDA:761,116,0,0
BRDA:761,116,1,0
BRDA:761,117,0,0
BRDA:761,117,1,0
BRDA:766,118,0,0
BRDA:766,118,1,0
BRF:244
BRH:0
end_of_record
TN:
SF:controllers\documentRules.controller.js
FN:5,(anonymous_0)
FN:37,(anonymous_1)
FN:47,(anonymous_2)
FN:60,(anonymous_3)
FNF:4
FNH:0
FNDA:0,(anonymous_0)
FNDA:0,(anonymous_1)
FNDA:0,(anonymous_2)
FNDA:0,(anonymous_3)
DA:1,2
DA:2,2
DA:3,2
DA:5,2
DA:6,0
DA:7,0
DA:8,0
DA:10,0
DA:11,0
DA:14,0
DA:17,0
DA:24,0
DA:25,0
DA:27,0
DA:29,0
DA:30,0
DA:32,0
DA:37,2
DA:38,0
DA:39,0
DA:40,0
DA:42,0
DA:43,0
DA:47,2
DA:48,0
DA:49,0
DA:50,0
DA:51,0
DA:53,0
DA:55,0
DA:56,0
DA:60,2
DA:61,0
DA:62,0
DA:64,0
DA:66,0
DA:67,0
DA:70,0
DA:72,0
DA:73,0
DA:74,0
DA:75,0
DA:78,0
DA:79,0
DA:81,0
DA:82,0
DA:86,2
LF:47
LH:8
BRDA:10,0,0,0
BRDA:10,0,1,0
BRDA:11,1,0,0
BRDA:11,1,1,0
BRDA:11,2,0,0
BRDA:11,2,1,0
BRDA:29,3,0,0
BRDA:29,3,1,0
BRDA:29,4,0,0
BRDA:29,4,1,0
BRDA:32,5,0,0
BRDA:32,5,1,0
BRDA:51,6,0,0
BRDA:51,6,1,0
BRDA:67,7,0,0
BRDA:67,7,1,0
BRDA:70,8,0,0
BRDA:70,8,1,0
BRF:18
BRH:0
end_of_record
TN:
SF:controllers\fcm.controller.js
FN:7,ensureAdminInitialized
FN:11,(anonymous_1)
FN:74,(anonymous_2)
FN:91,(anonymous_3)
FN:111,(anonymous_4)
FN:125,getTokensByUserId
FN:127,(anonymous_6)
FN:131,resolveCandidateIdsToUserIds
FN:159,resolveEmailToUserId
FN:169,(anonymous_9)
FN:171,(anonymous_10)
FN:231,(anonymous_11)
FN:232,(anonymous_12)
FN:236,(anonymous_13)
FN:238,(anonymous_14)
FN:267,(anonymous_15)
FN:268,(anonymous_16)
FN:272,(anonymous_17)
FN:275,(anonymous_18)
FN:307,(anonymous_19)
FN:347,(anonymous_20)
FN:364,(anonymous_21)
FN:373,getTokensByUserId
FN:375,(anonymous_23)
FN:380,(anonymous_24)
FN:387,(anonymous_25)
FN:394,(anonymous_26)
FN:406,(anonymous_27)
FN:420,(anonymous_28)
FNF:29
FNH:0
FNDA:0,ensureAdminInitialized
FNDA:0,(anonymous_1)
FNDA:0,(anonymous_2)
FNDA:0,(anonymous_3)
FNDA:0,(anonymous_4)
FNDA:0,getTokensByUserId
FNDA:0,(anonymous_6)
FNDA:0,resolveCandidateIdsToUserIds
FNDA:0,resolveEmailToUserId
FNDA:0,(anonymous_9)
FNDA:0,(anonymous_10)
FNDA:0,(anonymous_11)
FNDA:0,(anonymous_12)
FNDA:0,(anonymous_13)
FNDA:0,(anonymous_14)
FNDA:0,(anonymous_15)
FNDA:0,(anonymous_16)
FNDA:0,(anonymous_17)
FNDA:0,(anonymous_18)
FNDA:0,(anonymous_19)
FNDA:0,(anonymous_20)
FNDA:0,(anonymous_21)
FNDA:0,getTokensByUserId
FNDA:0,(anonymous_23)
FNDA:0,(anonymous_24)
FNDA:0,(anonymous_25)
FNDA:0,(anonymous_26)
FNDA:0,(anonymous_27)
FNDA:0,(anonymous_28)
DA:1,2
DA:2,2
DA:3,2
DA:4,2
DA:8,0
DA:11,2
DA:13,0
DA:14,0
DA:16,0
DA:17,0
DA:23,0
DA:24,0
DA:26,0
DA:28,0
DA:30,0
DA:32,0
DA:33,0
DA:34,0
DA:35,0
DA:36,0
DA:37,0
DA:41,0
DA:45,0
DA:53,0
DA:55,0
DA:58,0
DA:59,0
DA:60,0
DA:61,0
DA:62,0
DA:63,0
DA:64,0
DA:65,0
DA:66,0
DA:69,0
DA:70,0
DA:74,2
DA:75,0
DA:76,0
DA:77,0
DA:78,0
DA:79,0
DA:81,0
DA:82,0
DA:85,0
DA:91,0
DA:104,0
DA:106,0
DA:111,2
DA:112,0
DA:114,0
DA:115,0
DA:117,0
DA:118,0
DA:121,0
DA:122,0
DA:123,0
DA:126,0
DA:127,0
DA:132,0
DA:133,0
DA:134,0
DA:136,0
DA:137,0
DA:138,0
DA:139,0
DA:146,0
DA:155,0
DA:160,0
DA:161,0
DA:162,0
DA:164,0
DA:167,0
DA:168,0
DA:169,0
DA:171,0
DA:172,0
DA:173,0
DA:174,0
DA:175,0
DA:177,0
DA:178,0
DA:179,0
DA:181,0
DA:182,0
DA:183,0
DA:188,0
DA:189,0
DA:190,0
DA:191,0
DA:192,0
DA:197,0
DA:199,0
DA:200,0
DA:201,0
DA:203,0
DA:204,0
DA:209,0
DA:210,0
DA:211,0
DA:212,0
DA:213,0
DA:218,0
DA:220,0
DA:221,0
DA:223,0
DA:224,0
DA:230,0
DA:231,0
DA:232,0
DA:233,0
DA:236,0
DA:237,0
DA:238,0
DA:239,0
DA:240,0
DA:247,0
DA:248,0
DA:249,0
DA:255,0
DA:256,0
DA:257,0
DA:258,0
DA:259,0
DA:260,0
DA:265,0
DA:266,0
DA:267,0
DA:268,0
DA:269,0
DA:272,0
DA:273,0
DA:274,0
DA:275,0
DA:278,0
DA:279,0
DA:280,0
DA:287,0
DA:293,0
DA:294,0
DA:301,0
DA:304,0
DA:307,0
DA:310,0
DA:311,0
DA:312,0
DA:314,0
DA:316,0
DA:321,0
DA:339,0
DA:347,0
DA:348,0
DA:350,0
DA:352,0
DA:364,2
DA:365,0
DA:366,0
DA:368,0
DA:369,0
DA:371,0
DA:374,0
DA:375,0
DA:378,0
DA:379,0
DA:380,0
DA:381,0
DA:382,0
DA:383,0
DA:384,0
DA:385,0
DA:386,0
DA:387,0
DA:389,0
DA:392,0
DA:394,0
DA:402,0
DA:406,2
DA:407,0
DA:409,0
DA:411,0
DA:418,0
DA:420,0
DA:421,0
DA:422,0
DA:424,0
DA:425,0
DA:433,0
DA:434,0
DA:441,0
DA:444,0
DA:446,0
DA:453,0
DA:454,0
LF:193
LH:9
BRDA:13,0,0,0
BRDA:13,0,1,0
BRDA:13,0,2,0
BRDA:16,1,0,0
BRDA:16,1,1,0
BRDA:16,2,0,0
BRDA:16,2,1,0
BRDA:19,3,0,0
BRDA:19,3,1,0
BRDA:24,4,0,0
BRDA:24,4,1,0
BRDA:30,5,0,0
BRDA:30,5,1,0
BRDA:58,6,0,0
BRDA:58,6,1,0
BRDA:60,7,0,0
BRDA:60,7,1,0
BRDA:79,8,0,0
BRDA:79,8,1,0
BRDA:82,9,0,0
BRDA:82,9,1,0
BRDA:86,10,0,0
BRDA:86,10,1,0
BRDA:86,11,0,0
BRDA:86,11,1,0
BRDA:87,12,0,0
BRDA:87,12,1,0
BRDA:88,13,0,0
BRDA:88,13,1,0
BRDA:90,14,0,0
BRDA:90,14,1,0
BRDA:97,15,0,0
BRDA:97,15,1,0
BRDA:98,16,0,0
BRDA:98,16,1,0
BRDA:115,17,0,0
BRDA:115,17,1,0
BRDA:115,18,0,0
BRDA:115,18,1,0
BRDA:137,19,0,0
BRDA:137,19,1,0
BRDA:143,20,0,0
BRDA:143,20,1,0
BRDA:143,21,0,0
BRDA:143,21,1,0
BRDA:149,22,0,0
BRDA:149,22,1,0
BRDA:149,23,0,0
BRDA:149,23,1,0
BRDA:161,24,0,0
BRDA:161,24,1,0
BRDA:167,25,0,0
BRDA:167,25,1,0
BRDA:174,26,0,0
BRDA:174,26,1,0
BRDA:179,27,0,0
BRDA:179,27,1,0
BRDA:182,28,0,0
BRDA:182,28,1,0
BRDA:184,29,0,0
BRDA:184,29,1,0
BRDA:191,30,0,0
BRDA:191,30,1,0
BRDA:197,31,0,0
BRDA:197,31,1,0
BRDA:200,32,0,0
BRDA:200,32,1,0
BRDA:203,33,0,0
BRDA:203,33,1,0
BRDA:212,34,0,0
BRDA:212,34,1,0
BRDA:218,35,0,0
BRDA:218,35,1,0
BRDA:218,36,0,0
BRDA:218,36,1,0
BRDA:223,37,0,0
BRDA:223,37,1,0
BRDA:239,38,0,0
BRDA:239,38,1,0
BRDA:248,39,0,0
BRDA:248,39,1,0
BRDA:255,40,0,0
BRDA:255,40,1,0
BRDA:259,41,0,0
BRDA:259,41,1,0
BRDA:265,42,0,0
BRDA:265,42,1,0
BRDA:265,43,0,0
BRDA:265,43,1,0
BRDA:273,44,0,0
BRDA:273,44,1,0
BRDA:279,45,0,0
BRDA:279,45,1,0
BRDA:293,46,0,0
BRDA:293,46,1,0
BRDA:304,47,0,0
BRDA:304,47,1,0
BRDA:310,48,0,0
BRDA:310,48,1,0
BRDA:312,49,0,0
BRDA:312,49,1,0
BRDA:342,50,0,0
BRDA:342,50,1,0
BRDA:358,51,0,0
BRDA:358,51,1,0
BRDA:369,52,0,0
BRDA:369,52,1,0
BRDA:369,53,0,0
BRDA:369,53,1,0
BRDA:378,54,0,0
BRDA:378,54,1,0
BRDA:381,55,0,0
BRDA:381,55,1,0
BRDA:383,56,0,0
BRDA:383,56,1,0
BRDA:385,57,0,0
BRDA:385,57,1,0
BRDA:385,58,0,0
BRDA:385,58,1,0
BRDA:392,59,0,0
BRDA:392,59,1,0
BRDA:398,60,0,0
BRDA:398,60,1,0
BRDA:421,61,0,0
BRDA:421,61,1,0
BRDA:422,62,0,0
BRDA:422,62,1,0
BRDA:424,63,0,0
BRDA:424,63,1,0
BRF:129
BRH:0
end_of_record
TN:
SF:controllers\interview.controller.js
FN:5,(anonymous_0)
FN:34,(anonymous_1)
FN:51,(anonymous_2)
FN:62,(anonymous_3)
FNF:4
FNH:0
FNDA:0,(anonymous_0)
FNDA:0,(anonymous_1)
FNDA:0,(anonymous_2)
FNDA:0,(anonymous_3)
DA:2,2
DA:3,2
DA:5,2
DA:6,0
DA:7,0
DA:8,0
DA:10,0
DA:11,0
DA:14,0
DA:21,0
DA:32,0
DA:33,0
DA:34,0
DA:35,0
DA:37,0
DA:38,0
DA:39,0
DA:41,0
DA:44,0
DA:46,0
DA:47,0
DA:51,2
DA:52,0
DA:53,0
DA:54,0
DA:55,0
DA:57,0
DA:58,0
DA:62,2
DA:63,0
DA:64,0
DA:65,0
DA:66,0
DA:67,0
DA:69,0
DA:70,0
DA:74,2
LF:37
LH:6
BRDA:8,0,0,0
BRDA:11,1,0,0
BRDA:11,1,1,0
BRDA:15,2,0,0
BRDA:15,2,1,0
BRDA:16,3,0,0
BRDA:16,3,1,0
BRDA:17,4,0,0
BRDA:17,4,1,0
BRDA:18,5,0,0
BRDA:18,5,1,0
BRDA:25,6,0,0
BRDA:25,6,1,0
BRDA:26,7,0,0
BRDA:26,7,1,0
BRDA:35,8,0,0
BRDA:35,8,1,0
BRDA:37,9,0,0
BRDA:37,9,1,0
BRDA:66,10,0,0
BRDA:66,10,1,0
BRF:21
BRH:0
end_of_record
TN:
SF:controllers\leaves.controller.js
FN:5,(anonymous_0)
FN:32,(anonymous_1)
FN:69,(anonymous_2)
FN:124,(anonymous_3)
FN:224,(anonymous_4)
FN:340,(anonymous_5)
FNF:6
FNH:0
FNDA:0,(anonymous_0)
FNDA:0,(anonymous_1)
FNDA:0,(anonymous_2)
FNDA:0,(anonymous_3)
FNDA:0,(anonymous_4)
FNDA:0,(anonymous_5)
DA:1,2
DA:2,2
DA:3,2
DA:5,2
DA:6,0
DA:7,0
DA:8,0
DA:9,0
DA:10,0
DA:11,0
DA:12,0
DA:15,0
DA:17,0
DA:18,0
DA:20,0
DA:24,0
DA:26,0
DA:27,0
DA:32,2
DA:33,0
DA:34,0
DA:35,0
DA:39,0
DA:41,0
DA:42,0
DA:48,0
DA:49,0
DA:50,0
DA:54,0
DA:57,0
DA:59,0
DA:60,0
DA:69,2
DA:70,0
DA:71,0
DA:72,0
DA:75,0
DA:76,0
DA:80,0
DA:81,0
DA:85,0
DA:86,0
DA:87,0
DA:88,0
DA:92,0
DA:98,0
DA:99,0
DA:101,0
DA:106,0
DA:108,0
DA:110,0
DA:116,0
DA:118,0
DA:119,0
DA:124,2
DA:125,0
DA:126,0
DA:127,0
DA:128,0
DA:131,0
DA:133,0
DA:134,0
DA:137,0
DA:138,0
DA:141,0
DA:142,0
DA:144,0
DA:149,0
DA:151,0
DA:153,0
DA:154,0
DA:156,0
DA:157,0
DA:224,2
DA:225,0
DA:226,0
DA:227,0
DA:229,0
DA:231,0
DA:232,0
DA:233,0
DA:234,0
DA:237,0
DA:238,0
DA:239,0
DA:240,0
DA:245,0
DA:247,0
DA:248,0
DA:249,0
DA:251,0
DA:259,0
DA:260,0
DA:261,0
DA:266,0
DA:267,0
DA:269,0
DA:270,0
DA:271,0
DA:274,0
DA:275,0
DA:283,0
DA:289,0
DA:293,0
DA:294,0
DA:295,0
DA:296,0
DA:297,0
DA:305,0
DA:309,0
DA:310,0
DA:313,0
DA:315,0
DA:321,0
DA:329,0
DA:332,0
DA:334,0
DA:335,0
DA:340,2
DA:341,0
DA:342,0
DA:343,0
DA:344,0
DA:345,0
DA:350,0
DA:351,0
DA:354,0
DA:355,0
DA:356,0
DA:358,0
DA:359,0
DA:366,0
DA:367,0
DA:368,0
DA:372,0
DA:373,0
DA:377,2
LF:137
LH:10
BRDA:9,0,0,0
BRDA:9,0,1,0
BRDA:10,1,0,0
BRDA:10,1,1,0
BRDA:41,2,0,0
BRDA:41,2,1,0
BRDA:48,3,0,0
BRDA:48,3,1,0
BRDA:49,4,0,0
BRDA:49,4,1,0
BRDA:50,5,0,0
BRDA:50,5,1,0
BRDA:51,6,0,0
BRDA:51,6,1,0
BRDA:71,7,0,0
BRDA:71,7,1,0
BRDA:75,8,0,0
BRDA:75,8,1,0
BRDA:80,9,0,0
BRDA:80,9,1,0
BRDA:85,10,0,0
BRDA:85,10,1,0
BRDA:86,11,0,0
BRDA:86,11,1,0
BRDA:87,12,0,0
BRDA:87,12,1,0
BRDA:98,13,0,0
BRDA:98,13,1,0
BRDA:98,14,0,0
BRDA:98,14,1,0
BRDA:99,15,0,0
BRDA:99,15,1,0
BRDA:99,16,0,0
BRDA:99,16,1,0
BRDA:106,17,0,0
BRDA:106,17,1,0
BRDA:126,18,0,0
BRDA:126,18,1,0
BRDA:127,19,0,0
BRDA:127,19,1,0
BRDA:133,20,0,0
BRDA:133,20,1,0
BRDA:137,21,0,0
BRDA:137,21,1,0
BRDA:141,22,0,0
BRDA:141,22,1,0
BRDA:141,23,0,0
BRDA:141,23,1,0
BRDA:142,24,0,0
BRDA:142,24,1,0
BRDA:142,25,0,0
BRDA:142,25,1,0
BRDA:149,26,0,0
BRDA:149,26,1,0
BRDA:231,27,0,0
BRDA:231,27,1,0
BRDA:232,28,0,0
BRDA:232,28,1,0
BRDA:233,29,0,0
BRDA:233,29,1,0
BRDA:234,30,0,0
BRDA:234,30,1,0
BRDA:237,31,0,0
BRDA:237,31,1,0
BRDA:239,32,0,0
BRDA:239,32,1,0
BRDA:247,33,0,0
BRDA:247,33,1,0
BRDA:247,34,0,0
BRDA:247,34,1,0
BRDA:248,35,0,0
BRDA:248,35,1,0
BRDA:248,36,0,0
BRDA:248,36,1,0
BRDA:248,36,2,0
BRDA:249,37,0,0
BRDA:249,37,1,0
BRDA:260,38,0,0
BRDA:260,38,1,0
BRDA:266,39,0,0
BRDA:266,39,1,0
BRDA:267,40,0,0
BRDA:267,40,1,0
BRDA:269,41,0,0
BRDA:269,41,1,0
BRDA:270,42,0,0
BRDA:270,42,1,0
BRDA:274,43,0,0
BRDA:274,43,1,0
BRDA:274,44,0,0
BRDA:274,44,1,0
BRDA:293,45,0,0
BRDA:293,45,1,0
BRDA:299,46,0,0
BRDA:299,46,1,0
BRDA:301,47,0,0
BRDA:301,47,1,0
BRDA:309,48,0,0
BRDA:309,48,1,0
BRDA:323,49,0,0
BRDA:323,49,1,0
BRDA:324,50,0,0
BRDA:324,50,1,0
BRDA:326,51,0,0
BRDA:326,51,1,0
BRDA:344,52,0,0
BRDA:344,52,1,0
BRDA:350,53,0,0
BRDA:350,53,1,0
BRDA:351,54,0,0
BRDA:351,54,1,0
BRDA:354,55,0,0
BRDA:354,55,1,0
BRDA:355,56,0,0
BRDA:355,56,1,0
BRDA:358,57,0,0
BRDA:358,57,1,0
BRDA:358,58,0,0
BRDA:358,58,1,0
BRF:119
BRH:0
end_of_record
TN:
SF:controllers\notification.controller.js
FN:7,(anonymous_0)
FN:47,(anonymous_1)
FN:61,(anonymous_2)
FN:85,(anonymous_3)
FN:105,(anonymous_4)
FN:125,(anonymous_5)
FNF:6
FNH:0
FNDA:0,(anonymous_0)
FNDA:0,(anonymous_1)
FNDA:0,(anonymous_2)
FNDA:0,(anonymous_3)
FNDA:0,(anonymous_4)
FNDA:0,(anonymous_5)
DA:1,2
DA:2,2
DA:7,2
DA:8,0
DA:9,0
DA:10,0
DA:13,0
DA:14,0
DA:16,0
DA:17,0
DA:18,0
DA:21,0
DA:28,0
DA:29,0
DA:31,0
DA:47,2
DA:48,0
DA:49,0
DA:50,0
DA:53,0
DA:55,0
DA:61,2
DA:62,0
DA:63,0
DA:65,0
DA:66,0
DA:69,0
DA:75,0
DA:76,0
DA:79,0
DA:85,2
DA:86,0
DA:87,0
DA:88,0
DA:91,0
DA:96,0
DA:105,2
DA:106,0
DA:107,0
DA:109,0
DA:110,0
DA:113,0
DA:115,0
DA:116,0
DA:119,0
DA:125,2
DA:126,0
DA:127,0
DA:128,0
DA:131,0
DA:133,0
LF:51
LH:8
BRDA:8,0,0,0
BRDA:8,0,1,0
BRDA:9,1,0,0
BRDA:9,1,1,0
BRDA:13,2,0,0
BRDA:13,3,0,0
BRDA:17,4,0,0
BRDA:17,4,1,0
BRDA:48,5,0,0
BRDA:48,5,1,0
BRDA:49,6,0,0
BRDA:49,6,1,0
BRDA:63,7,0,0
BRDA:63,7,1,0
BRDA:65,8,0,0
BRDA:65,8,1,0
BRDA:75,9,0,0
BRDA:75,9,1,0
BRDA:86,10,0,0
BRDA:86,10,1,0
BRDA:87,11,0,0
BRDA:87,11,1,0
BRDA:107,12,0,0
BRDA:107,12,1,0
BRDA:109,13,0,0
BRDA:109,13,1,0
BRDA:115,14,0,0
BRDA:115,14,1,0
BRDA:126,15,0,0
BRDA:126,15,1,0
BRDA:127,16,0,0
BRDA:127,16,1,0
BRF:32
BRH:0
end_of_record
TN:
SF:controllers\offer.controller.js
FN:42,offerFilename
FN:46,offerFilepathFromFilename
FN:52,offerFilepath
FN:56,offerPublicUrl
FN:244,generatePdfFromHtml
FN:296,buildFullAddress
FN:402,(anonymous_6)
FN:513,(anonymous_7)
FN:539,(anonymous_8)
FN:558,(anonymous_9)
FN:597,(anonymous_10)
FN:602,(anonymous_11)
FN:603,(anonymous_12)
FN:607,(anonymous_13)
FN:631,(anonymous_14)
FN:695,(anonymous_15)
FN:706,(anonymous_16)
FN:707,(anonymous_17)
FN:725,(anonymous_18)
FN:808,escapeRegExp
FN:812,(anonymous_20)
FNF:21
FNH:0
FNDA:0,offerFilename
FNDA:0,offerFilepathFromFilename
FNDA:0,offerFilepath
FNDA:0,offerPublicUrl
FNDA:0,generatePdfFromHtml
FNDA:0,buildFullAddress
FNDA:0,(anonymous_6)
FNDA:0,(anonymous_7)
FNDA:0,(anonymous_8)
FNDA:0,(anonymous_9)
FNDA:0,(anonymous_10)
FNDA:0,(anonymous_11)
FNDA:0,(anonymous_12)
FNDA:0,(anonymous_13)
FNDA:0,(anonymous_14)
FNDA:0,(anonymous_15)
FNDA:0,(anonymous_16)
FNDA:0,(anonymous_17)
FNDA:0,(anonymous_18)
FNDA:0,escapeRegExp
FNDA:0,(anonymous_20)
DA:1,2
DA:20,2
DA:23,2
DA:30,2
DA:31,2
DA:32,2
DA:33,2
DA:34,2
DA:35,2
DA:36,2
DA:38,2
DA:39,2
DA:40,2
DA:43,0
DA:48,0
DA:49,0
DA:53,0
DA:58,0
DA:61,0
DA:65,2
DA:66,2
DA:67,0
DA:69,2
DA:70,2
DA:245,0
DA:247,0
DA:261,0
DA:264,0
DA:265,0
DA:267,0
DA:268,0
DA:270,0
DA:275,0
DA:277,0
DA:284,0
DA:286,0
DA:287,0
DA:289,0
DA:290,0
DA:297,0
DA:298,0
DA:402,2
DA:403,0
DA:404,0
DA:405,0
DA:406,0
DA:407,0
DA:409,0
DA:410,0
DA:411,0
DA:414,0
DA:416,0
DA:426,0
DA:428,0
DA:429,0
DA:435,0
DA:443,0
DA:445,0
DA:448,0
DA:449,0
DA:450,0
DA:453,0
DA:472,0
DA:473,0
DA:479,0
DA:481,0
DA:482,0
DA:483,0
DA:484,0
DA:487,0
DA:488,0
DA:490,0
DA:491,0
DA:492,0
DA:494,0
DA:495,0
DA:496,0
DA:498,0
DA:500,0
DA:506,0
DA:507,0
DA:513,2
DA:514,0
DA:515,0
DA:516,0
DA:519,0
DA:520,0
DA:522,0
DA:525,0
DA:526,0
DA:529,0
DA:530,0
DA:531,0
DA:533,0
DA:534,0
DA:539,2
DA:540,0
DA:541,0
DA:542,0
DA:544,0
DA:545,0
DA:546,0
DA:549,0
DA:550,0
DA:552,0
DA:553,0
DA:558,2
DA:559,0
DA:560,0
DA:561,0
DA:563,0
DA:564,0
DA:567,0
DA:568,0
DA:569,0
DA:570,0
DA:572,0
DA:576,0
DA:577,0
DA:579,0
DA:581,0
DA:582,0
DA:584,0
DA:585,0
DA:586,0
DA:591,0
DA:592,0
DA:595,0
DA:597,0
DA:598,0
DA:600,0
DA:601,0
DA:602,0
DA:603,0
DA:604,0
DA:605,0
DA:607,0
DA:608,0
DA:610,0
DA:611,0
DA:613,0
DA:616,0
DA:617,0
DA:620,0
DA:623,0
DA:631,0
DA:632,0
DA:633,0
DA:635,0
DA:640,0
DA:647,0
DA:648,0
DA:649,0
DA:651,0
DA:652,0
DA:653,0
DA:661,0
DA:662,0
DA:663,0
DA:664,0
DA:666,0
DA:667,0
DA:668,0
DA:673,0
DA:674,0
DA:675,0
DA:676,0
DA:679,0
DA:687,0
DA:688,0
DA:695,2
DA:696,0
DA:697,0
DA:698,0
DA:701,0
DA:702,0
DA:705,0
DA:706,0
DA:708,0
DA:709,0
DA:711,0
DA:712,0
DA:714,0
DA:717,0
DA:727,0
DA:728,0
DA:731,0
DA:733,0
DA:734,0
DA:809,0
DA:812,2
DA:813,0
DA:814,0
DA:815,0
DA:818,0
DA:819,0
DA:822,0
DA:826,0
DA:830,0
DA:832,0
DA:835,0
DA:836,0
DA:839,0
DA:840,0
DA:842,0
DA:844,0
DA:845,0
DA:847,0
DA:848,0
DA:849,0
DA:853,0
DA:854,0
DA:855,0
DA:858,0
DA:860,0
DA:861,0
DA:863,0
DA:865,0
DA:866,0
DA:868,0
DA:870,0
DA:871,0
DA:874,0
DA:877,0
DA:878,0
DA:880,0
DA:882,0
DA:883,0
DA:884,0
DA:885,0
DA:887,0
DA:891,0
DA:892,0
DA:893,0
DA:894,0
DA:896,0
DA:898,0
DA:899,0
DA:902,0
DA:903,0
DA:906,0
DA:909,0
DA:910,0
DA:917,2
LF:244
LH:24
BRDA:20,0,0,2
BRDA:20,0,1,2
BRDA:58,1,0,0
BRDA:58,1,1,0
BRDA:58,2,0,0
BRDA:58,2,1,0
BRDA:66,3,0,0
BRDA:66,3,1,2
BRDA:290,4,0,0
BRDA:290,4,1,0
BRDA:297,5,0,0
BRDA:297,5,1,0
BRDA:407,6,0,0
BRDA:407,6,1,0
BRDA:410,7,0,0
BRDA:410,7,1,0
BRDA:421,8,0,0
BRDA:421,8,1,0
BRDA:435,9,0,0
BRDA:435,9,1,0
BRDA:458,10,0,0
BRDA:458,10,1,0
BRDA:458,10,2,0
BRDA:466,11,0,0
BRDA:466,11,1,0
BRDA:472,12,0,0
BRDA:472,12,1,0
BRDA:482,13,0,0
BRDA:482,13,1,0
BRDA:520,14,0,0
BRDA:520,14,1,0
BRDA:525,15,0,0
BRDA:525,15,1,0
BRDA:545,16,0,0
BRDA:545,16,1,0
BRDA:549,17,0,0
BRDA:549,17,1,0
BRDA:570,18,0,0
BRDA:570,18,1,0
BRDA:576,19,0,0
BRDA:576,19,1,0
BRDA:579,20,0,0
BRDA:579,20,1,0
BRDA:581,21,0,0
BRDA:581,21,1,0
BRDA:584,22,0,0
BRDA:584,22,1,0
BRDA:595,23,0,0
BRDA:595,23,1,0
BRDA:595,24,0,0
BRDA:595,24,1,0
BRDA:597,25,0,0
BRDA:597,25,1,0
BRDA:598,26,0,0
BRDA:598,26,1,0
BRDA:598,27,0,0
BRDA:598,27,1,0
BRDA:598,27,2,0
BRDA:605,28,0,0
BRDA:605,28,1,0
BRDA:605,29,0,0
BRDA:605,29,1,0
BRDA:607,30,0,0
BRDA:607,30,1,0
BRDA:608,31,0,0
BRDA:608,31,1,0
BRDA:611,32,0,0
BRDA:611,32,1,0
BRDA:611,33,0,0
BRDA:611,33,1,0
BRDA:611,33,2,0
BRDA:616,34,0,0
BRDA:616,34,1,0
BRDA:625,35,0,0
BRDA:625,35,1,0
BRDA:632,36,0,0
BRDA:632,36,1,0
BRDA:654,37,0,0
BRDA:654,37,1,0
BRDA:656,38,0,0
BRDA:656,38,1,0
BRDA:657,39,0,0
BRDA:657,39,1,0
BRDA:673,40,0,0
BRDA:673,40,1,0
BRDA:673,41,0,0
BRDA:673,41,1,0
BRDA:680,42,0,0
BRDA:680,42,1,0
BRDA:701,43,0,0
BRDA:701,43,1,0
BRDA:720,44,0,0
BRDA:720,44,1,0
BRDA:721,45,0,0
BRDA:721,45,1,0
BRDA:722,46,0,0
BRDA:722,46,1,0
BRDA:727,47,0,0
BRDA:727,47,1,0
BRDA:727,48,0,0
BRDA:727,48,1,0
BRDA:826,49,0,0
BRDA:826,49,1,0
BRDA:835,50,0,0
BRDA:835,50,1,0
BRDA:842,51,0,0
BRDA:842,51,1,0
BRDA:847,52,0,0
BRDA:847,52,1,0
BRDA:863,53,0,0
BRDA:863,53,1,0
BRDA:865,54,0,0
BRDA:865,54,1,0
BRDA:882,55,0,0
BRDA:882,55,1,0
BRDA:892,56,0,0
BRDA:892,56,1,0
BRDA:893,57,0,0
BRDA:893,57,1,0
BRDA:902,58,0,0
BRDA:902,58,1,0
BRDA:902,59,0,0
BRDA:902,59,1,0
BRDA:909,60,0,0
BRDA:909,60,1,0
BRDA:909,61,0,0
BRDA:909,61,1,0
BRDA:910,62,0,0
BRDA:910,62,1,0
BRF:129
BRH:3
end_of_record
TN:
SF:controllers\performance.controller.js
FN:5,(anonymous_0)
FN:30,(anonymous_1)
FN:48,(anonymous_2)
FN:65,(anonymous_3)
FN:106,(anonymous_4)
FN:122,(anonymous_5)
FN:136,(anonymous_6)
FN:148,(anonymous_7)
FN:169,(anonymous_8)
FN:171,(anonymous_9)
FN:183,(anonymous_10)
FN:184,(anonymous_11)
FNF:12
FNH:0
FNDA:0,(anonymous_0)
FNDA:0,(anonymous_1)
FNDA:0,(anonymous_2)
FNDA:0,(anonymous_3)
FNDA:0,(anonymous_4)
FNDA:0,(anonymous_5)
FNDA:0,(anonymous_6)
FNDA:0,(anonymous_7)
FNDA:0,(anonymous_8)
FNDA:0,(anonymous_9)
FNDA:0,(anonymous_10)
FNDA:0,(anonymous_11)
DA:1,2
DA:2,2
DA:5,2
DA:6,0
DA:7,0
DA:8,0
DA:10,0
DA:11,0
DA:13,0
DA:22,0
DA:24,0
DA:25,0
DA:30,2
DA:31,0
DA:32,0
DA:34,0
DA:35,0
DA:40,0
DA:42,0
DA:43,0
DA:48,2
DA:49,0
DA:50,0
DA:51,0
DA:55,0
DA:57,0
DA:59,0
DA:60,0
DA:65,2
DA:66,0
DA:67,0
DA:69,0
DA:70,0
DA:74,0
DA:75,0
DA:77,0
DA:78,0
DA:81,0
DA:82,0
DA:88,0
DA:94,0
DA:100,0
DA:101,0
DA:106,2
DA:107,0
DA:108,0
DA:109,0
DA:112,0
DA:114,0
DA:116,0
DA:117,0
DA:122,2
DA:123,0
DA:124,0
DA:125,0
DA:126,0
DA:128,0
DA:130,0
DA:131,0
DA:136,2
DA:137,0
DA:138,0
DA:141,0
DA:146,0
DA:148,0
DA:149,0
DA:151,0
DA:152,0
DA:153,0
DA:160,0
DA:161,0
DA:162,0
DA:163,0
DA:168,0
DA:170,0
DA:171,0
DA:174,0
DA:183,0
DA:184,0
DA:187,0
DA:193,0
DA:194,0
DA:198,2
LF:83
LH:10
BRDA:11,0,0,0
BRDA:11,0,1,0
BRDA:34,1,0,0
BRDA:34,1,1,0
BRDA:55,2,0,0
BRDA:55,2,1,0
BRDA:69,3,0,0
BRDA:69,3,1,0
BRDA:77,4,0,0
BRDA:77,4,1,0
BRDA:81,5,0,0
BRDA:81,5,1,0
BRDA:96,6,0,0
BRDA:96,6,1,0
BRDA:97,7,0,0
BRDA:97,7,1,0
BRDA:112,8,0,0
BRDA:112,8,1,0
BRDA:126,9,0,0
BRDA:126,9,1,0
BRDA:138,10,0,0
BRDA:138,10,1,0
BRDA:149,11,0,0
BRDA:149,11,1,0
BRDA:152,12,0,0
BRDA:152,12,1,0
BRDA:160,13,0,0
BRDA:160,13,1,0
BRDA:161,14,0,0
BRDA:161,14,1,0
BRDA:170,15,0,0
BRDA:170,15,1,0
BRDA:176,16,0,0
BRDA:176,16,1,0
BRDA:176,17,0,0
BRDA:176,17,1,0
BRDA:176,18,0,0
BRDA:176,18,1,0
BRDA:177,19,0,0
BRDA:177,19,1,0
BRDA:178,20,0,0
BRDA:178,20,1,0
BRF:42
BRH:0
end_of_record
TN:
SF:controllers\salary.controller.js
FN:9,buildSalaryPayload
FN:34,(anonymous_1)
FN:62,(anonymous_2)
FN:108,(anonymous_3)
FN:122,(anonymous_4)
FN:139,(anonymous_5)
FN:151,(anonymous_6)
FN:164,(anonymous_7)
FNF:8
FNH:0
FNDA:0,buildSalaryPayload
FNDA:0,(anonymous_1)
FNDA:0,(anonymous_2)
FNDA:0,(anonymous_3)
FNDA:0,(anonymous_4)
FNDA:0,(anonymous_5)
FNDA:0,(anonymous_6)
FNDA:0,(anonymous_7)
DA:1,2
DA:2,2
DA:3,2
DA:4,2
DA:10,0
DA:15,0
DA:16,0
DA:19,0
DA:20,0
DA:21,0
DA:24,0
DA:25,0
DA:28,0
DA:30,0
DA:34,2
DA:35,0
DA:37,0
DA:42,0
DA:43,0
DA:46,0
DA:53,0
DA:55,0
DA:56,0
DA:62,2
DA:63,0
DA:64,0
DA:65,0
DA:67,0
DA:68,0
DA:71,0
DA:72,0
DA:73,0
DA:75,0
DA:76,0
DA:79,0
DA:82,0
DA:88,0
DA:90,0
DA:91,0
DA:92,0
DA:96,0
DA:97,0
DA:98,0
DA:99,0
DA:102,0
DA:103,0
DA:108,2
DA:109,0
DA:110,0
DA:111,0
DA:114,0
DA:116,0
DA:117,0
DA:122,2
DA:123,0
DA:124,0
DA:125,0
DA:127,0
DA:128,0
DA:129,0
DA:131,0
DA:133,0
DA:134,0
DA:139,2
DA:140,0
DA:141,0
DA:142,0
DA:143,0
DA:145,0
DA:146,0
DA:151,2
DA:152,0
DA:153,0
DA:155,0
DA:156,0
DA:158,0
DA:159,0
DA:164,2
DA:165,0
DA:166,0
DA:167,0
DA:168,0
DA:170,0
DA:176,0
DA:178,0
DA:179,0
LF:86
LH:11
BRDA:16,0,0,0
BRDA:16,0,1,0
BRDA:19,1,0,0
BRDA:19,1,1,0
BRDA:20,2,0,0
BRDA:20,2,1,0
BRDA:21,3,0,0
BRDA:21,3,1,0
BRDA:28,4,0,0
BRDA:28,4,1,0
BRDA:28,5,0,0
BRDA:28,5,1,0
BRDA:37,6,0,0
BRDA:37,6,1,0
BRDA:37,6,2,0
BRDA:37,6,3,0
BRDA:42,7,0,0
BRDA:42,7,1,0
BRDA:53,8,0,0
BRDA:53,8,1,0
BRDA:65,9,0,0
BRDA:65,9,1,0
BRDA:68,10,0,0
BRDA:68,10,1,0
BRDA:71,11,0,0
BRDA:71,11,1,0
BRDA:71,12,0,0
BRDA:71,12,1,0
BRDA:71,12,2,0
BRDA:88,13,0,0
BRDA:88,13,1,0
BRDA:125,14,0,0
BRDA:125,14,1,0
BRDA:129,15,0,0
BRDA:129,15,1,0
BRDA:155,16,0,0
BRDA:155,16,1,0
BRDA:166,17,0,0
BRDA:166,18,0,0
BRDA:168,19,0,0
BRDA:168,19,1,0
BRF:41
BRH:0
end_of_record
TN:
SF:controllers\score.controller.js
FN:6,computeTotal
FN:9,(anonymous_1)
FN:15,(anonymous_2)
FN:44,(anonymous_3)
FN:74,(anonymous_4)
FN:93,(anonymous_5)
FN:106,(anonymous_6)
FN:116,(anonymous_7)
FN:127,(anonymous_8)
FNF:9
FNH:0
FNDA:0,computeTotal
FNDA:0,(anonymous_1)
FNDA:0,(anonymous_2)
FNDA:0,(anonymous_3)
FNDA:0,(anonymous_4)
FNDA:0,(anonymous_5)
FNDA:0,(anonymous_6)
FNDA:0,(anonymous_7)
FNDA:0,(anonymous_8)
DA:1,2
DA:2,2
DA:3,2
DA:7,0
DA:8,0
DA:9,0
DA:15,2
DA:16,0
DA:17,0
DA:19,0
DA:20,0
DA:22,0
DA:32,0
DA:38,0
DA:44,2
DA:45,0
DA:46,0
DA:48,0
DA:49,0
DA:51,0
DA:52,0
DA:53,0
DA:54,0
DA:56,0
DA:57,0
DA:58,0
DA:60,0
DA:62,0
DA:68,0
DA:74,2
DA:75,0
DA:76,0
DA:77,0
DA:79,0
DA:81,0
DA:87,0
DA:93,2
DA:94,0
DA:96,0
DA:100,0
DA:106,2
DA:107,0
DA:112,0
DA:116,2
DA:117,0
DA:119,0
DA:121,0
DA:127,0
DA:139,0
DA:143,2
LF:50
LH:10
BRDA:7,0,0,0
BRDA:7,0,1,0
BRDA:7,1,0,0
BRDA:7,1,1,0
BRDA:9,2,0,0
BRDA:9,2,1,0
BRDA:19,3,0,0
BRDA:19,3,1,0
BRDA:20,4,0,0
BRDA:20,4,1,0
BRDA:20,5,0,0
BRDA:20,5,1,0
BRDA:24,6,0,0
BRDA:24,6,1,0
BRDA:27,7,0,0
BRDA:27,7,1,0
BRDA:28,8,0,0
BRDA:28,8,1,0
BRDA:29,9,0,0
BRDA:29,9,1,0
BRDA:29,9,2,0
BRDA:49,10,0,0
BRDA:49,10,1,0
BRDA:51,11,0,0
BRDA:51,11,1,0
BRDA:52,12,0,0
BRDA:52,12,1,0
BRDA:56,13,0,0
BRDA:56,13,1,0
BRDA:57,14,0,0
BRDA:57,14,1,0
BRDA:58,15,0,0
BRDA:58,15,1,0
BRDA:77,16,0,0
BRDA:77,16,1,0
BRDA:119,17,0,0
BRDA:119,17,1,0
BRDA:132,18,0,0
BRDA:132,18,1,0
BRDA:132,18,2,0
BRDA:133,19,0,0
BRDA:133,19,1,0
BRDA:134,20,0,0
BRDA:134,20,1,0
BRDA:135,21,0,0
BRDA:135,21,1,0
BRF:46
BRH:0
end_of_record
TN:
SF:controllers\sendDocument.controller.js
FN:10,(anonymous_0)
FN:31,(anonymous_1)
FN:44,(anonymous_2)
FN:100,(anonymous_3)
FN:125,(anonymous_4)
FN:125,(anonymous_5)
FN:131,(anonymous_6)
FNF:7
FNH:0
FNDA:0,(anonymous_0)
FNDA:0,(anonymous_1)
FNDA:0,(anonymous_2)
FNDA:0,(anonymous_3)
FNDA:0,(anonymous_4)
FNDA:0,(anonymous_5)
FNDA:0,(anonymous_6)
DA:1,2
DA:2,2
DA:3,2
DA:4,2
DA:5,2
DA:7,2
DA:10,2
DA:11,0
DA:12,0
DA:13,0
DA:16,2
DA:31,2
DA:32,0
DA:33,0
DA:34,0
DA:35,0
DA:39,0
DA:40,0
DA:42,0
DA:43,0
DA:44,0
DA:45,0
DA:46,0
DA:48,0
DA:51,0
DA:55,0
DA:56,0
DA:57,0
DA:59,0
DA:60,0
DA:61,0
DA:64,0
DA:65,0
DA:66,0
DA:67,0
DA:69,0
DA:73,0
DA:76,0
DA:83,0
DA:84,0
DA:86,0
DA:87,0
DA:88,0
DA:89,0
DA:90,0
DA:92,0
DA:94,0
DA:95,0
DA:96,0
DA:97,0
DA:99,0
DA:101,0
DA:102,0
DA:111,0
DA:112,0
DA:113,0
DA:114,0
DA:116,0
DA:117,0
DA:118,0
DA:119,0
DA:124,0
DA:125,0
DA:128,0
DA:129,0
DA:130,0
DA:131,0
DA:135,0
DA:137,0
DA:147,0
DA:148,0
DA:152,2
LF:72
LH:10
BRDA:18,0,0,2
BRDA:18,0,1,0
BRDA:34,1,0,0
BRDA:34,1,1,0
BRDA:34,2,0,0
BRDA:34,2,1,0
BRDA:34,2,2,0
BRDA:40,3,0,0
BRDA:40,3,1,0
BRDA:42,4,0,0
BRDA:42,4,1,0
BRDA:45,5,0,0
BRDA:45,5,1,0
BRDA:51,6,0,0
BRDA:51,6,1,0
BRDA:55,7,0,0
BRDA:55,7,1,0
BRDA:55,8,0,0
BRDA:55,8,1,0
BRDA:57,9,0,0
BRDA:57,9,1,0
BRDA:57,10,0,0
BRDA:57,10,1,0
BRDA:61,11,0,0
BRDA:61,11,1,0
BRDA:65,12,0,0
BRDA:65,12,1,0
BRDA:83,13,0,0
BRDA:83,13,1,0
BRDA:84,14,0,0
BRDA:84,14,1,0
BRDA:103,15,0,0
BRDA:103,15,1,0
BRDA:128,16,0,0
BRDA:128,16,1,0
BRF:35
BRH:1
end_of_record
TN:
SF:controllers\verification.controller.js
FN:303,nowPlusSeconds
FN:305,sendOtp
FN:365,confirmOtp
FNF:3
FNH:0
FNDA:0,nowPlusSeconds
FNDA:0,sendOtp
FNDA:0,confirmOtp
DA:293,2
DA:294,2
DA:295,2
DA:296,2
DA:298,2
DA:299,2
DA:300,2
DA:301,2
DA:303,0
DA:306,0
DA:307,0
DA:308,0
DA:309,0
DA:310,0
DA:313,0
DA:314,0
DA:318,0
DA:319,0
DA:320,0
DA:322,0
DA:325,0
DA:326,0
DA:329,0
DA:330,0
DA:334,0
DA:335,0
DA:336,0
DA:339,0
DA:345,0
DA:348,0
DA:349,0
DA:350,0
DA:352,0
DA:353,0
DA:354,0
DA:355,0
DA:358,0
DA:360,0
DA:361,0
DA:366,0
DA:367,0
DA:368,0
DA:369,0
DA:370,0
DA:373,0
DA:374,0
DA:376,0
DA:377,0
DA:378,0
DA:379,0
DA:383,0
DA:385,0
DA:386,0
DA:387,0
DA:391,0
DA:392,0
DA:393,0
DA:394,0
DA:398,0
DA:399,0
DA:401,0
DA:402,0
DA:403,0
DA:407,0
DA:408,0
DA:409,0
DA:411,0
DA:412,0
DA:414,0
DA:416,0
DA:417,0
DA:421,2
LF:72
LH:9
BRDA:298,0,0,2
BRDA:298,0,1,0
BRDA:299,1,0,2
BRDA:299,1,1,0
BRDA:300,2,0,2
BRDA:300,2,1,0
BRDA:301,3,0,2
BRDA:301,3,1,0
BRDA:309,4,0,0
BRDA:309,4,1,0
BRDA:314,5,0,0
BRDA:314,5,1,0
BRDA:318,6,0,0
BRDA:318,6,1,0
BRDA:319,7,0,0
BRDA:319,7,1,0
BRDA:320,8,0,0
BRDA:320,8,1,0
BRDA:322,9,0,0
BRDA:322,9,1,0
BRDA:325,10,0,0
BRDA:325,10,1,0
BRDA:325,11,0,0
BRDA:325,11,1,0
BRDA:326,12,0,0
BRDA:326,12,1,0
BRDA:329,13,0,0
BRDA:329,13,1,0
BRDA:329,14,0,0
BRDA:329,14,1,0
BRDA:348,15,0,0
BRDA:348,15,1,0
BRDA:348,16,0,0
BRDA:348,16,1,0
BRDA:369,17,0,0
BRDA:369,17,1,0
BRDA:369,18,0,0
BRDA:369,18,1,0
BRDA:374,19,0,0
BRDA:374,19,1,0
BRDA:376,20,0,0
BRDA:376,20,1,0
BRDA:376,21,0,0
BRDA:376,21,1,0
BRDA:378,22,0,0
BRDA:378,22,1,0
BRDA:378,23,0,0
BRDA:378,23,1,0
BRDA:378,23,2,0
BRDA:383,24,0,0
BRDA:383,24,1,0
BRDA:391,25,0,0
BRDA:391,25,1,0
BRDA:391,26,0,0
BRDA:391,26,1,0
BRDA:399,27,0,0
BRDA:399,27,1,0
BRDA:401,28,0,0
BRDA:401,28,1,0
BRDA:407,29,0,0
BRDA:407,29,1,0
BRDA:408,30,0,0
BRDA:408,30,1,0
BRDA:409,31,0,0
BRDA:409,31,1,0
BRF:65
BRH:4
end_of_record
TN:
SF:middlewares\auth.middleware.js
FN:5,(anonymous_0)
FNF:1
FNH:0
FNDA:0,(anonymous_0)
DA:1,2
DA:2,2
DA:3,2
DA:5,2
DA:7,0
DA:8,0
DA:10,0
DA:12,0
DA:13,0
DA:14,0
DA:16,0
DA:17,0
DA:20,2
LF:13
LH:5
BRDA:7,0,0,0
BRDA:7,0,1,0
BRDA:7,1,0,0
BRDA:7,1,1,0
BRDA:10,2,0,0
BRDA:10,2,1,0
BRDA:14,3,0,0
BRDA:14,3,1,0
BRF:8
BRH:0
end_of_record
TN:
SF:middlewares\roles.middleware.js
FN:1,requireRole
FN:2,(anonymous_1)
FNF:2
FNH:1
FNDA:52,requireRole
FNDA:0,(anonymous_1)
DA:2,52
DA:3,0
DA:4,0
DA:5,0
DA:9,2
LF:5
LH:2
BRDA:1,0,0,0
BRDA:3,1,0,0
BRDA:3,1,1,0
BRDA:4,2,0,0
BRDA:4,2,1,0
BRF:5
BRH:0
end_of_record
TN:
SF:models\AuditLog.model.js
FNF:0
FNH:0
DA:1,2
DA:3,2
DA:10,2
LF:3
LH:3
BRF:0
BRH:0
end_of_record
TN:
SF:models\Candidate.model.js
FNF:0
FNH:0
DA:1,2
DA:3,2
DA:10,2
DA:106,2
LF:4
LH:4
BRDA:106,0,0,2
BRDA:106,0,1,2
BRF:2
BRH:2
end_of_record
TN:
SF:models\DailyEntry.model.js
FN:22,(anonymous_0)
FNF:1
FNH:0
FNDA:0,(anonymous_0)
DA:1,2
DA:3,2
DA:19,2
DA:22,2
DA:23,0
DA:24,0
DA:27,2
LF:7
LH:5
BRF:0
BRH:0
end_of_record
TN:
SF:models\Document.model.js
FNF:0
FNH:0
DA:1,2
DA:3,2
DA:16,2
LF:3
LH:3
BRF:0
BRH:0
end_of_record
TN:
SF:models\FcmToken.model.js
FNF:0
FNH:0
DA:1,2
DA:3,2
DA:14,2
DA:16,2
LF:4
LH:4
BRF:0
BRH:0
end_of_record
TN:
SF:models\Holiday.model.js
FNF:0
FNH:0
DA:2,2
DA:4,2
DA:11,2
LF:3
LH:3
BRF:0
BRH:0
end_of_record
TN:
SF:models\InterviewRoundString.model.js
FN:26,(anonymous_0)
FNF:1
FNH:0
FNDA:0,(anonymous_0)
DA:1,2
DA:3,2
DA:10,2
DA:26,2
DA:27,0
DA:28,0
DA:33,0
DA:36,2
LF:8
LH:5
BRDA:27,0,0,0
BRDA:27,0,1,0
BRDA:29,1,0,0
BRDA:29,1,1,0
BRDA:30,2,0,0
BRDA:30,2,1,0
BRDA:31,3,0,0
BRDA:31,3,1,0
BRDA:32,4,0,0
BRDA:32,4,1,0
BRDA:37,5,0,2
BRDA:37,5,1,2
BRF:12
BRH:2
end_of_record
TN:
SF:models\Leaves.model.js
FN:21,(anonymous_0)
FNF:1
FNH:0
FNDA:0,(anonymous_0)
DA:1,2
DA:3,2
DA:21,2
DA:22,0
DA:23,0
DA:24,0
DA:26,0
DA:27,0
DA:28,0
DA:29,0
DA:31,0
DA:32,0
DA:35,2
LF:13
LH:4
BRDA:22,0,0,0
BRDA:22,0,1,0
BRDA:22,1,0,0
BRDA:22,1,1,0
BRDA:23,2,0,0
BRDA:23,2,1,0
BRDA:35,3,0,2
BRDA:35,3,1,2
BRF:8
BRH:2
end_of_record
TN:
SF:models\Notification.model.js
FNF:0
FNH:0
DA:1,2
DA:3,2
DA:45,2
DA:46,2
DA:48,2
LF:5
LH:5
BRF:0
BRH:0
end_of_record
TN:
SF:models\Offer.model.js
FNF:0
FNH:0
DA:2,2
DA:4,2
DA:16,2
LF:3
LH:3
BRF:0
BRH:0
end_of_record
TN:
SF:models\Otp.model.js
FNF:0
FNH:0
DA:1,2
DA:3,2
DA:13,2
LF:3
LH:3
BRF:0
BRH:0
end_of_record
TN:
SF:models\Performance.model.js
FNF:0
FNH:0
DA:1,2
DA:3,2
DA:34,2
LF:3
LH:3
BRDA:35,0,0,2
BRDA:35,0,1,2
BRF:2
BRH:2
end_of_record
TN:
SF:models\RulesDocument.model.js
FNF:0
FNH:0
DA:2,2
DA:4,2
DA:11,2
DA:12,2
LF:4
LH:4
BRF:0
BRH:0
end_of_record
TN:
SF:models\Salary.model.js
FNF:0
FNH:0
DA:1,2
DA:3,2
DA:8,2
DA:49,2
LF:4
LH:4
BRDA:49,0,0,2
BRDA:49,0,1,2
BRF:2
BRH:2
end_of_record
TN:
SF:models\User.model.js
FN:26,(anonymous_0)
FNF:1
FNH:0
FNDA:0,(anonymous_0)
DA:1,2
DA:2,2
DA:4,2
DA:26,2
DA:27,0
DA:30,2
LF:6
LH:5
BRDA:30,0,0,2
BRDA:30,0,1,2
BRF:2
BRH:2
end_of_record
TN:
SF:routes\attendance.routes.js
FNF:0
FNH:0
DA:2,2
DA:3,2
DA:4,2
DA:17,2
DA:19,2
DA:22,2
DA:23,2
DA:26,2
DA:27,2
DA:28,2
DA:35,2
DA:36,2
DA:37,2
DA:39,2
DA:40,2
DA:42,2
LF:16
LH:16
BRF:0
BRH:0
end_of_record
TN:
SF:routes\auth.routes.js
FNF:0
FNH:0
DA:1,2
DA:2,2
DA:4,2
DA:6,2
DA:7,2
DA:8,2
DA:10,2
LF:7
LH:7
BRF:0
BRH:0
end_of_record
TN:
SF:routes\candidates.routes.js
FNF:0
FNH:0
DA:56,2
DA:57,2
DA:58,2
DA:59,2
DA:72,2
DA:74,2
DA:77,2
DA:80,2
DA:83,2
DA:86,2
DA:87,2
DA:90,2
DA:93,2
DA:97,2
DA:100,2
DA:101,2
DA:102,2
DA:105,2
DA:107,2
LF:19
LH:19
BRF:0
BRH:0
end_of_record
TN:
SF:routes\documentRules.routes.js
FNF:0
FNH:0
DA:2,2
DA:3,2
DA:4,2
DA:5,2
DA:6,2
DA:7,2
DA:13,2
DA:16,2
DA:19,2
DA:20,2
DA:22,2
DA:23,2
DA:25,2
LF:13
LH:13
BRF:0
BRH:0
end_of_record
TN:
SF:routes\fcm.routes.js
FNF:0
FNH:0
DA:1,2
DA:2,2
DA:3,2
DA:4,2
DA:5,2
DA:11,2
DA:15,2
DA:18,2
DA:21,2
DA:22,2
DA:25,2
DA:27,2
LF:12
LH:12
BRF:0
BRH:0
end_of_record
TN:
SF:routes\interview.routes.js
FNF:0
FNH:0
DA:2,2
DA:3,2
DA:4,2
DA:5,2
DA:6,2
DA:8,2
DA:11,2
DA:14,2
DA:16,2
LF:9
LH:9
BRF:0
BRH:0
end_of_record
TN:
SF:routes\leaves.routes.js
FNF:0
FNH:0
DA:1,2
DA:2,2
DA:10,2
DA:11,2
DA:12,2
DA:14,2
DA:17,2
DA:20,2
DA:23,2
DA:26,2
DA:29,2
DA:32,2
DA:34,2
LF:13
LH:13
BRF:0
BRH:0
end_of_record
TN:
SF:routes\notification.routes.js
FNF:0
FNH:0
DA:1,2
DA:2,2
DA:10,2
DA:13,2
DA:16,2
DA:19,2
DA:22,2
DA:25,2
DA:28,2
DA:30,2
LF:10
LH:10
BRF:0
BRH:0
end_of_record
TN:
SF:routes\offers.routes.js
FN:17,(anonymous_0)
FNF:1
FNH:0
FNDA:0,(anonymous_0)
DA:2,2
DA:3,2
DA:4,2
DA:5,2
DA:13,2
DA:16,2
DA:17,2
DA:20,2
DA:21,2
DA:22,2
DA:25,2
DA:26,2
DA:28,2
LF:13
LH:13
BRF:0
BRH:0
end_of_record
TN:
SF:routes\performace.route.js
FNF:0
FNH:0
DA:1,2
DA:2,2
DA:11,2
DA:12,2
DA:15,2
DA:18,2
DA:21,2
DA:24,2
DA:27,2
DA:30,2
DA:33,2
DA:35,2
LF:12
LH:12
BRF:0
BRH:0
end_of_record
TN:
SF:routes\salary.routes.js
FN:11,(anonymous_0)
FN:16,(anonymous_1)
FN:22,(anonymous_2)
FN:27,(anonymous_3)
FN:32,(anonymous_4)
FNF:5
FNH:0
FNDA:0,(anonymous_0)
FNDA:0,(anonymous_1)
FNDA:0,(anonymous_2)
FNDA:0,(anonymous_3)
FNDA:0,(anonymous_4)
DA:1,2
DA:2,2
DA:3,2
DA:4,2
DA:5,2
DA:8,2
DA:11,2
DA:12,0
DA:13,0
DA:16,2
DA:17,0
DA:18,0
DA:22,2
DA:23,0
DA:24,0
DA:27,2
DA:28,0
DA:29,0
DA:32,2
DA:33,0
DA:34,0
DA:37,2
DA:39,2
LF:23
LH:13
BRDA:12,0,0,0
BRDA:12,0,1,0
BRDA:17,1,0,0
BRDA:17,1,1,0
BRDA:28,2,0,0
BRDA:28,2,1,0
BRDA:33,3,0,0
BRDA:33,3,1,0
BRF:8
BRH:0
end_of_record
TN:
SF:routes\scores.routes.js
FNF:0
FNH:0
DA:1,2
DA:3,2
DA:4,2
DA:11,2
DA:12,2
DA:15,2
DA:18,2
DA:21,2
DA:24,2
DA:27,2
DA:29,2
LF:11
LH:11
BRF:0
BRH:0
end_of_record
TN:
SF:routes\verification.routes.js
FNF:0
FNH:0
DA:2,2
DA:3,2
DA:4,2
DA:5,2
DA:8,2
DA:9,2
DA:11,2
LF:7
LH:7
BRF:0
BRH:0
end_of_record
TN:
SF:services\salaryCalculator.service.js
FN:6,calculateSalary
FN:39,(anonymous_1)
FNF:2
FNH:0
FNDA:0,calculateSalary
FNDA:0,(anonymous_1)
DA:20,0
DA:25,0
DA:28,0
DA:29,0
DA:32,0
DA:33,0
DA:36,0
DA:39,0
DA:40,0
DA:41,0
DA:43,0
DA:44,0
DA:46,0
DA:48,0
DA:49,0
DA:52,0
DA:65,2
LF:17
LH:1
BRDA:6,0,0,0
BRDA:6,1,0,0
BRDA:8,2,0,0
BRDA:9,3,0,0
BRDA:10,4,0,0
BRDA:11,5,0,0
BRDA:12,6,0,0
BRDA:13,7,0,0
BRDA:14,8,0,0
BRDA:15,9,0,0
BRDA:16,10,0,0
BRDA:17,11,0,0
BRDA:18,12,0,0
BRDA:19,13,0,0
BRDA:23,14,0,0
BRDA:24,15,0,0
BRDA:28,16,0,0
BRDA:28,16,1,0
BRDA:29,17,0,0
BRDA:29,17,1,0
BRDA:36,18,0,0
BRDA:36,18,1,0
BRDA:39,19,0,0
BRDA:39,19,1,0
BRDA:39,20,0,0
BRDA:39,20,1,0
BRDA:43,21,0,0
BRDA:43,21,1,0
BRDA:43,22,0,0
BRDA:43,22,1,0
BRDA:44,23,0,0
BRDA:44,23,1,0
BRDA:46,24,0,0
BRDA:46,24,1,0
BRDA:46,25,0,0
BRDA:46,25,1,0
BRDA:46,26,0,0
BRDA:46,26,1,0
BRDA:46,27,0,0
BRDA:46,27,1,0
BRDA:48,28,0,0
BRDA:48,28,1,0
BRF:42
BRH:0
end_of_record
TN:
SF:utils\cloudinary.utils.js
FN:15,(anonymous_0)
FN:16,(anonymous_1)
FN:29,(anonymous_2)
FNF:3
FNH:0
FNDA:0,(anonymous_0)
FNDA:0,(anonymous_1)
FNDA:0,(anonymous_2)
DA:2,2
DA:3,2
DA:5,2
DA:15,2
DA:16,0
DA:17,0
DA:18,0
DA:19,0
DA:20,0
DA:22,0
DA:30,0
DA:31,0
DA:34,0
DA:36,0
DA:41,2
LF:15
LH:5
BRDA:15,0,0,0
BRDA:18,1,0,0
BRDA:18,1,1,0
BRDA:30,2,0,0
BRDA:30,2,1,0
BRF:5
BRH:0
end_of_record
TN:
SF:utils\email.utils.js
FN:10,sendEmail
FNF:1
FNH:0
FNDA:0,sendEmail
DA:2,2
DA:3,2
DA:11,0
DA:20,2
LF:4
LH:3
BRDA:5,0,0,2
BRDA:5,0,1,0
BRF:2
BRH:1
end_of_record
TN:
SF:utils\leave.util.js
FN:3,(anonymous_0)
FN:9,(anonymous_1)
FN:35,(anonymous_2)
FN:38,(anonymous_3)
FNF:4
FNH:0
FNDA:0,(anonymous_0)
FNDA:0,(anonymous_1)
FNDA:0,(anonymous_2)
FNDA:0,(anonymous_3)
DA:1,2
DA:3,2
DA:4,0
DA:5,0
DA:6,0
DA:9,2
DA:16,0
DA:17,0
DA:18,0
DA:19,0
DA:20,0
DA:22,0
DA:23,0
DA:25,0
DA:26,0
DA:28,0
DA:29,0
DA:30,0
DA:33,0
DA:35,0
DA:38,0
DA:55,0
DA:56,0
DA:59,0
DA:62,2
LF:25
LH:4
BRDA:44,0,0,0
BRDA:44,0,1,0
BRDA:55,1,0,0
BRDA:55,1,1,0
BRF:4
BRH:0
end_of_record
TN:
SF:utils\multer.js
FNF:0
FNH:0
DA:2,2
DA:5,2
DA:6,2
DA:8,2
LF:4
LH:4
BRF:0
BRH:0
end_of_record
TN:
SF:utils\otp.utils.js
FN:4,generateNumericOtp
FN:10,hashOtp
FNF:2
FNH:0
FNDA:0,generateNumericOtp
FNDA:0,hashOtp
DA:2,2
DA:5,0
DA:6,0
DA:7,0
DA:12,0
DA:13,0
DA:14,0
DA:17,2
LF:8
LH:2
BRDA:4,0,0,0
BRDA:12,1,0,0
BRDA:12,1,1,0
BRF:3
BRH:0
end_of_record
TN:
SF:utils\sms.utils.js
FN:5,sendSms
FNF:1
FNH:0
FNDA:0,sendSms
DA:2,2
DA:3,2
DA:6,0
DA:13,2
LF:4
LH:3
BRF:0
BRH:0
end_of_record
